This is LuaTeX, Version 1.10.1 (MiKTeX 2.9.7140 64-bit)  (format=lualatex 2019.8.13)  8 NOV 2020 19:45
 restricted system commands enabled.
**ApplicationMLDiscoveryNP.tex
(./ApplicationMLDiscoveryNP.tex
LaTeX2e <2018-12-01>
Lua module: luaotfload-main 2019-07-04 2.98 luaotfload entry point
Lua module: luaotfload-init 2019-07-04 2.98 luaotfload submodule / initializatio
n
Lua module: lualibs 2019-07-04 2.66 ConTeXt Lua standard libraries.
Lua module: lualibs-extended 2019-07-04 2.66 ConTeXt Lua libraries -- extended c
ollection.
Lua module: luaotfload-log 2019-07-04 2.98 luaotfload submodule / logging
Lua module: luaotfload-parsers 2019-07-04 2.98 luaotfload submodule / filelist
Lua module: luaotfload-configuration 2019-07-04 2.98 luaotfload submodule / conf
ig file reader
luaotfload | conf : Root cache directory is C:/Users/Oliver/AppData/Local/MiKTeX
/2.9/luatex-cache/generic/names.
luaotfload | init : Loading fontloader “fontloader-2019-07-04.lua” from kpse
-resolved path “C:/Users/Oliver/AppData/Local/Programs/MiKTeX 2.9/tex/luatex/l
uaotfload/fontloader-2019-07-04.lua”.
Lua-only attribute luaotfload@state = 2
Lua-only attribute luaotfload@noligature = 3
Lua-only attribute luaotfload@syllabe = 4
luaotfload | init : Context OpenType loader version “3.108”
Inserting `luaotfload.node_processor' at position 1 in `pre_linebreak_filter'.
Inserting `luaotfload.node_processor' at position 1 in `hpack_filter'.
Lua module: luaotfload-loaders 2019-07-04 2.98 luaotfload submodule / callback h
andling
Inserting `luaotfload.define_font' at position 1 in `define_font'.
Lua module: luaotfload-database 2019-07-04 2.98 luaotfload submodule / database
Lua module: luaotfload-colors 2019-07-04 2.98 luaotfload submodule / color
Lua-only attribute luaotfload_color_attribute = 5
Lua module: luaotfload-resolvers 2019-07-04 2.98 luaotfload submodule / resolver
s
luaotfload | conf : Root cache directory is C:/Users/Oliver/AppData/Local/MiKTeX
/2.9/luatex-cache/generic/names.
Lua module: luaotfload-features 2019-07-04 2.98 luaotfload submodule / features
Lua module: luaotfload-letterspace 2019-07-04 2.98 luaotfload submodule / color
Lua module: luaotfload-embolden 2019-07-04 2.98 luaotfload submodule / color
Lua module: luaotfload-notdef 2019-07-04 2.98 luaotfload submodule / color
Lua module: luaotfload-auxiliary 2019-07-04 2.98 luaotfload submodule / auxiliar
y functions
Inserting `luaotfload.aux.set_sscale_dimens' at position 1 in `luaotfload.patch_
font'.
Inserting `luaotfload.aux.patch_cambria_domh' at position 2 in `luaotfload.patch
_font'.
Inserting `luaotfload.aux.fixup_fontdata' at position 1 in `luaotfload.patch_fon
t_unsafe'.
Inserting `luaotfload.aux.set_capheight' at position 3 in `luaotfload.patch_font
'.
Inserting `luaotfload.aux.set_xheight' at position 4 in `luaotfload.patch_font'.
Inserting `luaotfload.rewrite_fontname' at position 5 in `luaotfload.patch_font'
.
luaotfload | main : initialization completed in 1.856 seconds
("C:/Users/Oliver/AppData/Local/Programs/MiKTeX 2.9/tex/latex/beamer/beamer.cls
"
Document Class: beamer 2019/09/29 v3.57 A class for typesetting presentations

("C:/Users/Oliver/AppData/Local/Programs/MiKTeX 2.9/tex/latex/beamer/beamerbase
modes.sty"
("C:/Users/Oliver/AppData/Local/Programs/MiKTeX 2.9/tex/latex/etoolbox/etoolbox
.sty"
Package: etoolbox 2018/08/19 v2.5f e-TeX tools for LaTeX (JAW)
\etb@tempcnta=\count80
)
\beamer@tempbox=\box27
\beamer@tempcount=\count81
\c@beamerpauses=\count82

("C:/Users/Oliver/AppData/Local/Programs/MiKTeX 2.9/tex/latex/beamer/beamerbase
decode.sty"
\beamer@slideinframe=\count83
\beamer@minimum=\count84
\beamer@decode@box=\box28
)
\beamer@commentbox=\box29
\beamer@modecount=\count85
)
("C:/Users/Oliver/AppData/Local/Programs/MiKTeX 2.9/tex/generic/oberdiek/ifpdf.
sty"
Package: ifpdf 2018/09/07 v3.3 Provides the ifpdf switch
)
\headdp=\dimen102
\footheight=\dimen103
\sidebarheight=\dimen104
\beamer@tempdim=\dimen105
\beamer@finalheight=\dimen106
\beamer@animht=\dimen107
\beamer@animdp=\dimen108
\beamer@animwd=\dimen109
\beamer@leftmargin=\dimen110
\beamer@rightmargin=\dimen111
\beamer@leftsidebar=\dimen112
\beamer@rightsidebar=\dimen113
\beamer@boxsize=\dimen114
\beamer@vboxoffset=\dimen115
\beamer@descdefault=\dimen116
\beamer@descriptionwidth=\dimen117
\beamer@lastskip=\skip41
\beamer@areabox=\box30
\beamer@animcurrent=\box31
\beamer@animshowbox=\box32
\beamer@sectionbox=\box33
\beamer@logobox=\box34
\beamer@linebox=\box35
\beamer@sectioncount=\count86
\beamer@subsubsectionmax=\count87
\beamer@subsectionmax=\count88
\beamer@sectionmax=\count89
\beamer@totalheads=\count90
\beamer@headcounter=\count91
\beamer@partstartpage=\count92
\beamer@sectionstartpage=\count93
\beamer@subsectionstartpage=\count94
\beamer@animationtempa=\count95
\beamer@animationtempb=\count96
\beamer@xpos=\count97
\beamer@ypos=\count98
\beamer@ypos@offset=\count99
\beamer@showpartnumber=\count100
\beamer@currentsubsection=\count101
\beamer@coveringdepth=\count102
\beamer@sectionadjust=\count103
\beamer@tocsectionnumber=\count104

("C:/Users/Oliver/AppData/Local/Programs/MiKTeX 2.9/tex/latex/beamer/beamerbase
options.sty"
("C:/Users/Oliver/AppData/Local/Programs/MiKTeX 2.9/tex/latex/graphics/keyval.s
ty"
Package: keyval 2014/10/28 v1.15 key=value parser (DPC)
\KV@toks@=\toks14
))
\beamer@paperwidth=\skip42
\beamer@paperheight=\skip43

("C:/Users/Oliver/AppData/Local/Programs/MiKTeX 2.9/tex/latex/geometry/geometry
.sty"
Package: geometry 2018/04/16 v5.8 Page Geometry

("C:/Users/Oliver/AppData/Local/Programs/MiKTeX 2.9/tex/generic/oberdiek/ifvtex
.sty"
Package: ifvtex 2016/05/16 v1.6 Detect VTeX and its facilities (HO)
Package ifvtex Info: VTeX not detected.
)
("C:/Users/Oliver/AppData/Local/Programs/MiKTeX 2.9/tex/generic/ifxetex/ifxetex
.sty"
Package: ifxetex 2010/09/12 v0.6 Provides ifxetex conditional
)
\Gm@cnth=\count105
\Gm@cntv=\count106
\c@Gm@tempcnt=\count107
\Gm@bindingoffset=\dimen118
\Gm@wd@mp=\dimen119
\Gm@odd@mp=\dimen120
\Gm@even@mp=\dimen121
\Gm@layoutwidth=\dimen122
\Gm@layoutheight=\dimen123
\Gm@layouthoffset=\dimen124
\Gm@layoutvoffset=\dimen125
\Gm@dimlist=\toks15

("C:/Users/Oliver/AppData/Local/Programs/MiKTeX 2.9/tex/latex/geometry/geometry
.cfg"))
("C:/Users/Oliver/AppData/Local/Programs/MiKTeX 2.9/tex/latex/base/size11.clo"
File: size11.clo 2018/09/03 v1.4i Standard LaTeX file (size option)
luaotfload | db : Font names database loaded from C:/Users/Oliver/AppData/Local/
MiKTeX/2.9/luatex-cache/generic/names/luaotfload-names.luc)
("C:/Users/Oliver/AppData/Local/Programs/MiKTeX 2.9/tex/latex/pgf/basiclayer/pg
fcore.sty"
("C:/Users/Oliver/AppData/Local/Programs/MiKTeX 2.9/tex/latex/graphics/graphicx
.sty"
Package: graphicx 2017/06/01 v1.1a Enhanced LaTeX Graphics (DPC,SPQR)

("C:/Users/Oliver/AppData/Local/Programs/MiKTeX 2.9/tex/latex/graphics/graphics
.sty"
Package: graphics 2017/06/25 v1.2c Standard LaTeX Graphics (DPC,SPQR)

("C:/Users/Oliver/AppData/Local/Programs/MiKTeX 2.9/tex/latex/graphics/trig.sty
"
Package: trig 2016/01/03 v1.10 sin cos tan (DPC)
)
("C:/Users/Oliver/AppData/Local/Programs/MiKTeX 2.9/tex/latex/graphics-cfg/grap
hics.cfg"
File: graphics.cfg 2016/06/04 v1.11 sample graphics configuration
)
Package graphics Info: Driver file: luatex.def on input line 99.

("C:/Users/Oliver/AppData/Local/Programs/MiKTeX 2.9/tex/latex/graphics-def/luat
ex.def"
File: luatex.def 2018/01/08 v1.0l Graphics/color driver for luatex
))
\Gin@req@height=\dimen126
\Gin@req@width=\dimen127
)
("C:/Users/Oliver/AppData/Local/Programs/MiKTeX 2.9/tex/latex/pgf/systemlayer/p
gfsys.sty"
("C:/Users/Oliver/AppData/Local/Programs/MiKTeX 2.9/tex/latex/pgf/utilities/pgf
rcs.sty"
("C:/Users/Oliver/AppData/Local/Programs/MiKTeX 2.9/tex/generic/pgf/utilities/p
gfutil-common.tex"
\pgfutil@everybye=\toks16
\pgfutil@tempdima=\dimen128
\pgfutil@tempdimb=\dimen129

("C:/Users/Oliver/AppData/Local/Programs/MiKTeX 2.9/tex/generic/pgf/utilities/p
gfutil-common-lists.tex"))
("C:/Users/Oliver/AppData/Local/Programs/MiKTeX 2.9/tex/generic/pgf/utilities/p
gfutil-latex.def"
\pgfutil@abb=\box36

("C:/Users/Oliver/AppData/Local/Programs/MiKTeX 2.9/tex/latex/ms/everyshi.sty"
Package: everyshi 2001/05/15 v3.00 EveryShipout Package (MS)
))
("C:/Users/Oliver/AppData/Local/Programs/MiKTeX 2.9/tex/generic/pgf/utilities/p
gfrcs.code.tex"
("C:/Users/Oliver/AppData/Local/Programs/MiKTeX 2.9/tex/generic/pgf/pgf.revisio
n.tex")
Package: pgfrcs 2019/08/03 v3.1.4b (3.1.4b)
))
("C:/Users/Oliver/AppData/Local/Programs/MiKTeX 2.9/tex/generic/pgf/systemlayer
/pgfsys.code.tex"
Package: pgfsys 2019/08/03 v3.1.4b (3.1.4b)

("C:/Users/Oliver/AppData/Local/Programs/MiKTeX 2.9/tex/generic/pgf/utilities/p
gfkeys.code.tex"
\pgfkeys@pathtoks=\toks17
\pgfkeys@temptoks=\toks18

("C:/Users/Oliver/AppData/Local/Programs/MiKTeX 2.9/tex/generic/pgf/utilities/p
gfkeysfiltered.code.tex"
\pgfkeys@tmptoks=\toks19
))
\pgf@x=\dimen130
\pgf@y=\dimen131
\pgf@xa=\dimen132
\pgf@ya=\dimen133
\pgf@xb=\dimen134
\pgf@yb=\dimen135
\pgf@xc=\dimen136
\pgf@yc=\dimen137
\pgf@xd=\dimen138
\pgf@yd=\dimen139
\w@pgf@writea=\write3
\r@pgf@reada=\read1
\c@pgf@counta=\count108
\c@pgf@countb=\count109
\c@pgf@countc=\count110
\c@pgf@countd=\count111
\t@pgf@toka=\toks20
\t@pgf@tokb=\toks21
\t@pgf@tokc=\toks22
\pgf@sys@id@count=\count112

("C:/Users/Oliver/AppData/Local/Programs/MiKTeX 2.9/tex/generic/pgf/systemlayer
/pgf.cfg"
File: pgf.cfg 2019/08/03 v3.1.4b (3.1.4b)
)
Driver file for pgf: pgfsys-luatex.def

("C:/Users/Oliver/AppData/Local/Programs/MiKTeX 2.9/tex/generic/pgf/systemlayer
/pgfsys-luatex.def"
File: pgfsys-luatex.def 2019/08/03 v3.1.4b (3.1.4b)

("C:/Users/Oliver/AppData/Local/Programs/MiKTeX 2.9/tex/generic/pgf/systemlayer
/pgfsys-common-pdf.def"
File: pgfsys-common-pdf.def 2019/08/03 v3.1.4b (3.1.4b)
)))
("C:/Users/Oliver/AppData/Local/Programs/MiKTeX 2.9/tex/generic/pgf/systemlayer
/pgfsyssoftpath.code.tex"
File: pgfsyssoftpath.code.tex 2019/08/03 v3.1.4b (3.1.4b)
\pgfsyssoftpath@smallbuffer@items=\count113
\pgfsyssoftpath@bigbuffer@items=\count114
)
("C:/Users/Oliver/AppData/Local/Programs/MiKTeX 2.9/tex/generic/pgf/systemlayer
/pgfsysprotocol.code.tex"
File: pgfsysprotocol.code.tex 2019/08/03 v3.1.4b (3.1.4b)
))
("C:/Users/Oliver/AppData/Local/Programs/MiKTeX 2.9/tex/latex/xcolor/xcolor.sty
"
Package: xcolor 2016/05/11 v2.12 LaTeX color extensions (UK)

("C:/Users/Oliver/AppData/Local/Programs/MiKTeX 2.9/tex/latex/graphics-cfg/colo
r.cfg"
File: color.cfg 2016/01/02 v1.6 sample color configuration
)
Package xcolor Info: Driver file: luatex.def on input line 225.
Package xcolor Info: Model `cmy' substituted by `cmy0' on input line 1348.
Package xcolor Info: Model `hsb' substituted by `rgb' on input line 1352.
Package xcolor Info: Model `RGB' extended on input line 1364.
Package xcolor Info: Model `HTML' substituted by `rgb' on input line 1366.
Package xcolor Info: Model `Hsb' substituted by `hsb' on input line 1367.
Package xcolor Info: Model `tHsb' substituted by `hsb' on input line 1368.
Package xcolor Info: Model `HSB' substituted by `hsb' on input line 1369.
Package xcolor Info: Model `Gray' substituted by `gray' on input line 1370.
Package xcolor Info: Model `wave' substituted by `hsb' on input line 1371.
)
("C:/Users/Oliver/AppData/Local/Programs/MiKTeX 2.9/tex/generic/pgf/basiclayer/
pgfcore.code.tex"
Package: pgfcore 2019/08/03 v3.1.4b (3.1.4b)

("C:/Users/Oliver/AppData/Local/Programs/MiKTeX 2.9/tex/generic/pgf/math/pgfmat
h.code.tex"
("C:/Users/Oliver/AppData/Local/Programs/MiKTeX 2.9/tex/generic/pgf/math/pgfmat
hcalc.code.tex"
("C:/Users/Oliver/AppData/Local/Programs/MiKTeX 2.9/tex/generic/pgf/math/pgfmat
hutil.code.tex")
("C:/Users/Oliver/AppData/Local/Programs/MiKTeX 2.9/tex/generic/pgf/math/pgfmat
hparser.code.tex"
\pgfmath@dimen=\dimen140
\pgfmath@count=\count115
\pgfmath@box=\box37
\pgfmath@toks=\toks23
\pgfmath@stack@operand=\toks24
\pgfmath@stack@operation=\toks25
)
("C:/Users/Oliver/AppData/Local/Programs/MiKTeX 2.9/tex/generic/pgf/math/pgfmat
hfunctions.code.tex"
("C:/Users/Oliver/AppData/Local/Programs/MiKTeX 2.9/tex/generic/pgf/math/pgfmat
hfunctions.basic.code.tex")
("C:/Users/Oliver/AppData/Local/Programs/MiKTeX 2.9/tex/generic/pgf/math/pgfmat
hfunctions.trigonometric.code.tex")
("C:/Users/Oliver/AppData/Local/Programs/MiKTeX 2.9/tex/generic/pgf/math/pgfmat
hfunctions.random.code.tex")
("C:/Users/Oliver/AppData/Local/Programs/MiKTeX 2.9/tex/generic/pgf/math/pgfmat
hfunctions.comparison.code.tex")
("C:/Users/Oliver/AppData/Local/Programs/MiKTeX 2.9/tex/generic/pgf/math/pgfmat
hfunctions.base.code.tex")
("C:/Users/Oliver/AppData/Local/Programs/MiKTeX 2.9/tex/generic/pgf/math/pgfmat
hfunctions.round.code.tex")
("C:/Users/Oliver/AppData/Local/Programs/MiKTeX 2.9/tex/generic/pgf/math/pgfmat
hfunctions.misc.code.tex")
("C:/Users/Oliver/AppData/Local/Programs/MiKTeX 2.9/tex/generic/pgf/math/pgfmat
hfunctions.integerarithmetics.code.tex")))
("C:/Users/Oliver/AppData/Local/Programs/MiKTeX 2.9/tex/generic/pgf/math/pgfmat
hfloat.code.tex"
\c@pgfmathroundto@lastzeros=\count116
))
("C:/Users/Oliver/AppData/Local/Programs/MiKTeX 2.9/tex/generic/pgf/math/pgfint
.code.tex")
("C:/Users/Oliver/AppData/Local/Programs/MiKTeX 2.9/tex/generic/pgf/basiclayer/
pgfcorepoints.code.tex"
File: pgfcorepoints.code.tex 2019/08/03 v3.1.4b (3.1.4b)
\pgf@picminx=\dimen141
\pgf@picmaxx=\dimen142
\pgf@picminy=\dimen143
\pgf@picmaxy=\dimen144
\pgf@pathminx=\dimen145
\pgf@pathmaxx=\dimen146
\pgf@pathminy=\dimen147
\pgf@pathmaxy=\dimen148
\pgf@xx=\dimen149
\pgf@xy=\dimen150
\pgf@yx=\dimen151
\pgf@yy=\dimen152
\pgf@zx=\dimen153
\pgf@zy=\dimen154
)
("C:/Users/Oliver/AppData/Local/Programs/MiKTeX 2.9/tex/generic/pgf/basiclayer/
pgfcorepathconstruct.code.tex"
File: pgfcorepathconstruct.code.tex 2019/08/03 v3.1.4b (3.1.4b)
\pgf@path@lastx=\dimen155
\pgf@path@lasty=\dimen156
)
("C:/Users/Oliver/AppData/Local/Programs/MiKTeX 2.9/tex/generic/pgf/basiclayer/
pgfcorepathusage.code.tex"
File: pgfcorepathusage.code.tex 2019/08/03 v3.1.4b (3.1.4b)
\pgf@shorten@end@additional=\dimen157
\pgf@shorten@start@additional=\dimen158
)
("C:/Users/Oliver/AppData/Local/Programs/MiKTeX 2.9/tex/generic/pgf/basiclayer/
pgfcorescopes.code.tex"
File: pgfcorescopes.code.tex 2019/08/03 v3.1.4b (3.1.4b)
\pgfpic=\box38
\pgf@hbox=\box39
\pgf@layerbox@main=\box40
\pgf@picture@serial@count=\count117
)
("C:/Users/Oliver/AppData/Local/Programs/MiKTeX 2.9/tex/generic/pgf/basiclayer/
pgfcoregraphicstate.code.tex"
File: pgfcoregraphicstate.code.tex 2019/08/03 v3.1.4b (3.1.4b)
\pgflinewidth=\dimen159
)
("C:/Users/Oliver/AppData/Local/Programs/MiKTeX 2.9/tex/generic/pgf/basiclayer/
pgfcoretransformations.code.tex"
File: pgfcoretransformations.code.tex 2019/08/03 v3.1.4b (3.1.4b)
\pgf@pt@x=\dimen160
\pgf@pt@y=\dimen161
\pgf@pt@temp=\dimen162
)
("C:/Users/Oliver/AppData/Local/Programs/MiKTeX 2.9/tex/generic/pgf/basiclayer/
pgfcorequick.code.tex"
File: pgfcorequick.code.tex 2019/08/03 v3.1.4b (3.1.4b)
)
("C:/Users/Oliver/AppData/Local/Programs/MiKTeX 2.9/tex/generic/pgf/basiclayer/
pgfcoreobjects.code.tex"
File: pgfcoreobjects.code.tex 2019/08/03 v3.1.4b (3.1.4b)
)
("C:/Users/Oliver/AppData/Local/Programs/MiKTeX 2.9/tex/generic/pgf/basiclayer/
pgfcorepathprocessing.code.tex"
File: pgfcorepathprocessing.code.tex 2019/08/03 v3.1.4b (3.1.4b)
)
("C:/Users/Oliver/AppData/Local/Programs/MiKTeX 2.9/tex/generic/pgf/basiclayer/
pgfcorearrows.code.tex"
File: pgfcorearrows.code.tex 2019/08/03 v3.1.4b (3.1.4b)
\pgfarrowsep=\dimen163
)
("C:/Users/Oliver/AppData/Local/Programs/MiKTeX 2.9/tex/generic/pgf/basiclayer/
pgfcoreshade.code.tex"
File: pgfcoreshade.code.tex 2019/08/03 v3.1.4b (3.1.4b)
\pgf@max=\dimen164
\pgf@sys@shading@range@num=\count118
\pgf@shadingcount=\count119
)
("C:/Users/Oliver/AppData/Local/Programs/MiKTeX 2.9/tex/generic/pgf/basiclayer/
pgfcoreimage.code.tex"
File: pgfcoreimage.code.tex 2019/08/03 v3.1.4b (3.1.4b)

("C:/Users/Oliver/AppData/Local/Programs/MiKTeX 2.9/tex/generic/pgf/basiclayer/
pgfcoreexternal.code.tex"
File: pgfcoreexternal.code.tex 2019/08/03 v3.1.4b (3.1.4b)
\pgfexternal@startupbox=\box41
))
("C:/Users/Oliver/AppData/Local/Programs/MiKTeX 2.9/tex/generic/pgf/basiclayer/
pgfcorelayers.code.tex"
File: pgfcorelayers.code.tex 2019/08/03 v3.1.4b (3.1.4b)
)
("C:/Users/Oliver/AppData/Local/Programs/MiKTeX 2.9/tex/generic/pgf/basiclayer/
pgfcoretransparency.code.tex"
File: pgfcoretransparency.code.tex 2019/08/03 v3.1.4b (3.1.4b)
)
("C:/Users/Oliver/AppData/Local/Programs/MiKTeX 2.9/tex/generic/pgf/basiclayer/
pgfcorepatterns.code.tex"
File: pgfcorepatterns.code.tex 2019/08/03 v3.1.4b (3.1.4b)
)
("C:/Users/Oliver/AppData/Local/Programs/MiKTeX 2.9/tex/generic/pgf/basiclayer/
pgfcorerdf.code.tex"
File: pgfcorerdf.code.tex 2019/08/03 v3.1.4b (3.1.4b)
)))
("C:/Users/Oliver/AppData/Local/Programs/MiKTeX 2.9/tex/latex/pgf/utilities/xxc
olor.sty"
Package: xxcolor 2003/10/24 ver 0.1
\XC@nummixins=\count120
\XC@countmixins=\count121
)
("C:/Users/Oliver/AppData/Local/Programs/MiKTeX 2.9/tex/generic/oberdiek/atbegs
hi.sty"
Package: atbegshi 2016/06/09 v1.18 At begin shipout hook (HO)

("C:/Users/Oliver/AppData/Local/Programs/MiKTeX 2.9/tex/generic/oberdiek/infwar
err.sty"
Package: infwarerr 2016/05/16 v1.4 Providing info/warning/error messages (HO)
)
("C:/Users/Oliver/AppData/Local/Programs/MiKTeX 2.9/tex/generic/oberdiek/ltxcmd
s.sty"
Package: ltxcmds 2016/05/16 v1.23 LaTeX kernel commands for general use (HO)
))
("C:/Users/Oliver/AppData/Local/Programs/MiKTeX 2.9/tex/latex/hyperref/hyperref
.sty"
Package: hyperref 2019/06/12 v6.88h Hypertext links for LaTeX

("C:/Users/Oliver/AppData/Local/Programs/MiKTeX 2.9/tex/generic/oberdiek/hobsub
-hyperref.sty"
Package: hobsub-hyperref 2016/05/16 v1.14 Bundle oberdiek, subset hyperref (HO)

("C:/Users/Oliver/AppData/Local/Programs/MiKTeX 2.9/tex/generic/oberdiek/hobsub
-generic.sty"
Package: hobsub-generic 2016/05/16 v1.14 Bundle oberdiek, subset generic (HO)
Package: hobsub 2016/05/16 v1.14 Construct package bundles (HO)
Package hobsub Info: Skipping package `infwarerr' (already loaded).
Package hobsub Info: Skipping package `ltxcmds' (already loaded).
Package: ifluatex 2016/05/16 v1.4 Provides the ifluatex switch (HO)
Package ifluatex Info: LuaTeX detected.
Package hobsub Info: Skipping package `ifvtex' (already loaded).
Package: intcalc 2016/05/16 v1.2 Expandable calculations with integers (HO)
Package hobsub Info: Skipping package `ifpdf' (already loaded).
Package: etexcmds 2016/05/16 v1.6 Avoid name clashes with e-TeX commands (HO)
Package: kvsetkeys 2016/05/16 v1.17 Key value parser (HO)
Package: kvdefinekeys 2016/05/16 v1.4 Define keys (HO)
Package: luatex-loader 2019/07/25 v0.7 Lua module loader (HO)

(C:/Users/Oliver/AppData/Local/Programs/MiKTeX 2.9/scripts/oberdiek/oberdiek.lua
tex.lua)
Package: pdftexcmds 2019/07/25 v0.30 Utility functions of pdfTeX for LuaTeX (HO)

Package pdftexcmds Info: \pdf@primitive is available.
Package pdftexcmds Info: \pdf@ifprimitive is available.
Package pdftexcmds Info: \pdfdraftmode found.
\pdftexcmds@toks=\toks26
Package: pdfescape 2016/05/16 v1.14 Implements pdfTeX's escape features (HO)
Package: bigintcalc 2016/05/16 v1.4 Expandable calculations on big integers (HO)

Package: bitset 2016/05/16 v1.2 Handle bit-vector datatype (HO)
Package: uniquecounter 2016/05/16 v1.3 Provide unlimited unique counter (HO)
)
Package hobsub Info: Skipping package `hobsub' (already loaded).
Package: letltxmacro 2016/05/16 v1.5 Let assignment for LaTeX macros (HO)
Package: hopatch 2016/05/16 v1.3 Wrapper for package hooks (HO)
Package: xcolor-patch 2016/05/16 xcolor patch
Package: atveryend 2016/05/16 v1.9 Hooks at the very end of document (HO)
Package hobsub Info: Skipping package `atbegshi' (already loaded).
Package: refcount 2016/05/16 v3.5 Data extraction from label references (HO)
Package: hycolor 2016/05/16 v1.8 Color options for hyperref/bookmark (HO)
)
("C:/Users/Oliver/AppData/Local/Programs/MiKTeX 2.9/tex/latex/oberdiek/auxhook.
sty"
Package: auxhook 2016/05/16 v1.4 Hooks for auxiliary files (HO)
)
("C:/Users/Oliver/AppData/Local/Programs/MiKTeX 2.9/tex/latex/oberdiek/kvoption
s.sty"
Package: kvoptions 2016/05/16 v3.12 Key value format for package options (HO)
)
\@linkdim=\dimen165
\Hy@linkcounter=\count122
\Hy@pagecounter=\count123

("C:/Users/Oliver/AppData/Local/Programs/MiKTeX 2.9/tex/latex/hyperref/pd1enc.d
ef"
File: pd1enc.def 2019/06/12 v6.88h Hyperref: PDFDocEncoding definition (HO)
)
\Hy@SavedSpaceFactor=\count124

("C:/Users/Oliver/AppData/Local/Programs/MiKTeX 2.9/tex/latex/00miktex/hyperref
.cfg"
File: hyperref.cfg 2002/06/06 v1.2 hyperref configuration of TeXLive
)
Package hyperref Info: Option `bookmarks' set `true' on input line 4424.
Package hyperref Info: Option `bookmarksopen' set `true' on input line 4424.
Package hyperref Info: Option `implicit' set `false' on input line 4424.
Package hyperref Info: Hyper figures OFF on input line 4550.
Package hyperref Info: Link nesting OFF on input line 4555.
Package hyperref Info: Hyper index ON on input line 4558.
Package hyperref Info: Plain pages OFF on input line 4565.
Package hyperref Info: Backreferencing OFF on input line 4570.
Package hyperref Info: Implicit mode OFF; no redefinition of LaTeX internals.
Package hyperref Info: Bookmarks ON on input line 4803.
\c@Hy@tempcnt=\count125
 ("C:/Users/Oliver/AppData/Local/Programs/MiKTeX 2.9/tex/latex/url/url.sty"
\Urlmuskip=\muskip10
Package: url 2013/09/16  ver 3.4  Verb mode for urls, etc.
)
LaTeX Info: Redefining \url on input line 5156.
\XeTeXLinkMargin=\dimen166
\Fld@menulength=\count126
\Field@Width=\dimen167
\Fld@charsize=\dimen168
Package hyperref Info: Hyper figures OFF on input line 6411.
Package hyperref Info: Link nesting OFF on input line 6416.
Package hyperref Info: Hyper index ON on input line 6419.
Package hyperref Info: backreferencing OFF on input line 6426.
Package hyperref Info: Link coloring OFF on input line 6431.
Package hyperref Info: Link coloring with OCG OFF on input line 6436.
Package hyperref Info: PDF/A mode OFF on input line 6441.
LaTeX Info: Redefining \ref on input line 6481.
LaTeX Info: Redefining \pageref on input line 6485.
\Hy@abspage=\count127


Package hyperref Message: Stopped early.

)
Package hyperref Info: Driver (autodetected): hluatex.

("C:/Users/Oliver/AppData/Local/Programs/MiKTeX 2.9/tex/latex/hyperref/hluatex.
def"
File: hluatex.def 2019/06/12 v6.88h Hyperref driver for luaTeX
\Fld@listcount=\count128
\c@bookmark@seq@number=\count129

("C:/Users/Oliver/AppData/Local/Programs/MiKTeX 2.9/tex/latex/oberdiek/rerunfil
echeck.sty"
Package: rerunfilecheck 2016/05/16 v1.8 Rerun checks for auxiliary files (HO)
Package uniquecounter Info: New unique counter `rerunfilecheck' on input line 28
2.
))
("C:/Users/Oliver/AppData/Local/Programs/MiKTeX 2.9/tex/latex/beamer/beamerbase
requires.sty"
("C:/Users/Oliver/AppData/Local/Programs/MiKTeX 2.9/tex/latex/beamer/beamerbase
compatibility.sty")
("C:/Users/Oliver/AppData/Local/Programs/MiKTeX 2.9/tex/latex/beamer/beamerbase
font.sty"
("C:/Users/Oliver/AppData/Local/Programs/MiKTeX 2.9/tex/latex/amsfonts/amssymb.
sty"
Package: amssymb 2013/01/14 v3.01 AMS font symbols

("C:/Users/Oliver/AppData/Local/Programs/MiKTeX 2.9/tex/latex/amsfonts/amsfonts
.sty"
Package: amsfonts 2013/01/14 v3.01 Basic AMSFonts support
\@emptytoks=\toks27
\symAMSa=\mathgroup4
\symAMSb=\mathgroup5
LaTeX Font Info:    Overwriting math alphabet `\mathfrak' in version `bold'
(Font)                  U/euf/m/n --> U/euf/b/n on input line 106.
))
("C:/Users/Oliver/AppData/Local/Programs/MiKTeX 2.9/tex/latex/sansmathaccent/sa
nsmathaccent.sty"
Package: sansmathaccent 2013/03/28

("C:/Users/Oliver/AppData/Local/Programs/MiKTeX 2.9/tex/latex/filehook/filehook
.sty"
Package: filehook 2019/10/03 v0.6 Hooks for input files
)))
("C:/Users/Oliver/AppData/Local/Programs/MiKTeX 2.9/tex/latex/beamer/beamerbase
translator.sty"
("C:/Users/Oliver/AppData/Local/Programs/MiKTeX 2.9/tex/latex/translator/transl
ator.sty"
Package: translator 2019-05-31 v1.12a Easy translation of strings in LaTeX
))
("C:/Users/Oliver/AppData/Local/Programs/MiKTeX 2.9/tex/latex/beamer/beamerbase
misc.sty")
("C:/Users/Oliver/AppData/Local/Programs/MiKTeX 2.9/tex/latex/beamer/beamerbase
twoscreens.sty")
("C:/Users/Oliver/AppData/Local/Programs/MiKTeX 2.9/tex/latex/beamer/beamerbase
overlay.sty"
\beamer@argscount=\count130
\beamer@lastskipcover=\skip44
\beamer@trivlistdepth=\count131
)
("C:/Users/Oliver/AppData/Local/Programs/MiKTeX 2.9/tex/latex/beamer/beamerbase
title.sty")
("C:/Users/Oliver/AppData/Local/Programs/MiKTeX 2.9/tex/latex/beamer/beamerbase
section.sty"
\c@lecture=\count132
\c@part=\count133
\c@section=\count134
\c@subsection=\count135
\c@subsubsection=\count136
)
("C:/Users/Oliver/AppData/Local/Programs/MiKTeX 2.9/tex/latex/beamer/beamerbase
frame.sty"
\beamer@framebox=\box42
\beamer@frametitlebox=\box43
\beamer@zoombox=\box44
\beamer@zoomcount=\count137
\beamer@zoomframecount=\count138
\beamer@frametextheight=\dimen169
\c@subsectionslide=\count139
\beamer@frametopskip=\skip45
\beamer@framebottomskip=\skip46
\beamer@frametopskipautobreak=\skip47
\beamer@framebottomskipautobreak=\skip48
\beamer@envbody=\toks28
\framewidth=\dimen170
\c@framenumber=\count140
)
("C:/Users/Oliver/AppData/Local/Programs/MiKTeX 2.9/tex/latex/beamer/beamerbase
verbatim.sty"
\beamer@verbatimfileout=\write4
)
("C:/Users/Oliver/AppData/Local/Programs/MiKTeX 2.9/tex/latex/beamer/beamerbase
framesize.sty"
\beamer@splitbox=\box45
\beamer@autobreakcount=\count141
\beamer@autobreaklastheight=\dimen171
\beamer@frametitletoks=\toks29
\beamer@framesubtitletoks=\toks30
)
("C:/Users/Oliver/AppData/Local/Programs/MiKTeX 2.9/tex/latex/beamer/beamerbase
framecomponents.sty"
\beamer@footins=\box46
)
("C:/Users/Oliver/AppData/Local/Programs/MiKTeX 2.9/tex/latex/beamer/beamerbase
color.sty")
("C:/Users/Oliver/AppData/Local/Programs/MiKTeX 2.9/tex/latex/beamer/beamerbase
notes.sty"
\beamer@frameboxcopy=\box47
)
("C:/Users/Oliver/AppData/Local/Programs/MiKTeX 2.9/tex/latex/beamer/beamerbase
toc.sty")
("C:/Users/Oliver/AppData/Local/Programs/MiKTeX 2.9/tex/latex/beamer/beamerbase
templates.sty"
\beamer@sbttoks=\toks31

("C:/Users/Oliver/AppData/Local/Programs/MiKTeX 2.9/tex/latex/beamer/beamerbase
auxtemplates.sty"
("C:/Users/Oliver/AppData/Local/Programs/MiKTeX 2.9/tex/latex/beamer/beamerbase
boxes.sty"
\bmb@box=\box48
\bmb@colorbox=\box49
\bmb@boxshadow=\box50
\bmb@boxshadowball=\box51
\bmb@boxshadowballlarge=\box52
\bmb@temp=\dimen172
\bmb@dima=\dimen173
\bmb@dimb=\dimen174
\bmb@prevheight=\dimen175
)
\beamer@blockheadheight=\dimen176
))
("C:/Users/Oliver/AppData/Local/Programs/MiKTeX 2.9/tex/latex/beamer/beamerbase
localstructure.sty"
("C:/Users/Oliver/AppData/Local/Programs/MiKTeX 2.9/tex/latex/tools/enumerate.s
ty"
Package: enumerate 2015/07/23 v3.00 enumerate extensions (DPC)
\@enLab=\toks32
)
\c@figure=\count142
\c@table=\count143
\abovecaptionskip=\skip49
\belowcaptionskip=\skip50
)
("C:/Users/Oliver/AppData/Local/Programs/MiKTeX 2.9/tex/latex/beamer/beamerbase
navigation.sty"
\beamer@section@min@dim=\dimen177
)
("C:/Users/Oliver/AppData/Local/Programs/MiKTeX 2.9/tex/latex/beamer/beamerbase
theorems.sty"
("C:/Users/Oliver/AppData/Local/Programs/MiKTeX 2.9/tex/latex/amsmath/amsmath.s
ty"
Package: amsmath 2018/12/01 v2.17b AMS math features
\@mathmargin=\skip51

For additional information on amsmath, use the `?' option.

("C:/Users/Oliver/AppData/Local/Programs/MiKTeX 2.9/tex/latex/amsmath/amstext.s
ty"
Package: amstext 2000/06/29 v2.01 AMS text

("C:/Users/Oliver/AppData/Local/Programs/MiKTeX 2.9/tex/latex/amsmath/amsgen.st
y"
File: amsgen.sty 1999/11/30 v2.0 generic functions
\@emptytoks=\toks33
\ex@=\dimen178
))
("C:/Users/Oliver/AppData/Local/Programs/MiKTeX 2.9/tex/latex/amsmath/amsbsy.st
y"
Package: amsbsy 1999/11/29 v1.2d Bold Symbols
\pmbraise@=\dimen179
)
("C:/Users/Oliver/AppData/Local/Programs/MiKTeX 2.9/tex/latex/amsmath/amsopn.st
y"
Package: amsopn 2016/03/08 v2.02 operator names
)
\inf@bad=\count144
LaTeX Info: Redefining \frac on input line 223.
\uproot@=\count145
\leftroot@=\count146
LaTeX Info: Redefining \overline on input line 385.
\classnum@=\count147
\DOTSCASE@=\count148
LaTeX Info: Redefining \ldots on input line 482.
LaTeX Info: Redefining \dots on input line 485.
LaTeX Info: Redefining \cdots on input line 606.
\Mathstrutbox@=\box53
\strutbox@=\box54
\big@size=\dimen180
LaTeX Font Info:    Redeclaring font encoding OML on input line 729.
LaTeX Font Info:    Redeclaring font encoding OMS on input line 730.
\macc@depth=\count149
\c@MaxMatrixCols=\count150
\dotsspace@=\muskip11
\c@parentequation=\count151
\dspbrk@lvl=\count152
\tag@help=\toks34
\row@=\count153
\column@=\count154
\maxfields@=\count155
\andhelp@=\toks35
\eqnshift@=\dimen181
\alignsep@=\dimen182
\tagshift@=\dimen183
\tagwidth@=\dimen184
\totwidth@=\dimen185
\lineht@=\dimen186
\@envbody=\toks36
\multlinegap=\skip52
\multlinetaggap=\skip53
\mathdisplay@stack=\toks37
LaTeX Info: Redefining \[ on input line 2844.
LaTeX Info: Redefining \] on input line 2845.
)
("C:/Users/Oliver/AppData/Local/Programs/MiKTeX 2.9/tex/latex/amscls/amsthm.sty
"
Package: amsthm 2017/10/31 v2.20.4
\thm@style=\toks38
\thm@bodyfont=\toks39
\thm@headfont=\toks40
\thm@notefont=\toks41
\thm@headpunct=\toks42
\thm@preskip=\skip54
\thm@postskip=\skip55
\thm@headsep=\skip56
\dth@everypar=\toks43
)
\c@theorem=\count156
)
("C:/Users/Oliver/AppData/Local/Programs/MiKTeX 2.9/tex/latex/beamer/beamerbase
themes.sty"))
("C:/Users/Oliver/AppData/Local/Programs/MiKTeX 2.9/tex/latex/beamer/beamerthem
edefault.sty"
("C:/Users/Oliver/AppData/Local/Programs/MiKTeX 2.9/tex/latex/beamer/beamerfont
themedefault.sty")
("C:/Users/Oliver/AppData/Local/Programs/MiKTeX 2.9/tex/latex/beamer/beamercolo
rthemedefault.sty")
("C:/Users/Oliver/AppData/Local/Programs/MiKTeX 2.9/tex/latex/beamer/beamerinne
rthemedefault.sty"
\beamer@dima=\dimen187
\beamer@dimb=\dimen188
)
("C:/Users/Oliver/AppData/Local/Programs/MiKTeX 2.9/tex/latex/beamer/beameroute
rthemedefault.sty")))
("C:/Users/Oliver/AppData/Local/Programs/MiKTeX 2.9/tex/latex/beamer/beamerthem
eBoadilla.sty"
("C:/Users/Oliver/AppData/Local/Programs/MiKTeX 2.9/tex/latex/beamer/beamercolo
rthemerose.sty")
("C:/Users/Oliver/AppData/Local/Programs/MiKTeX 2.9/tex/latex/beamer/beamerinne
rthemerounded.sty")
("C:/Users/Oliver/AppData/Local/Programs/MiKTeX 2.9/tex/latex/beamer/beamercolo
rthemedolphin.sty")
("C:/Users/Oliver/AppData/Local/Programs/MiKTeX 2.9/tex/latex/beamer/beameroute
rthemeinfolines.sty"))
("C:/Users/Oliver/AppData/Local/Programs/MiKTeX 2.9/tex/generic/soul/soul.sty"
Package: soul 2003/11/17 v2.4 letterspacing/underlining (mf)
\SOUL@word=\toks44
\SOUL@lasttoken=\toks45
\SOUL@cmds=\toks46
\SOUL@buffer=\toks47
\SOUL@token=\toks48
\SOUL@spaceskip=\skip57
\SOUL@ttwidth=\dimen189
\SOUL@uldp=\dimen190
\SOUL@ulht=\dimen191
) ("C:/Users/Oliver/AppData/Local/Programs/MiKTeX 2.9/tex/latex/breqn/breqn.sty
"
("C:/Users/Oliver/AppData/Local/Programs/MiKTeX 2.9/tex/latex/l3kernel/expl3.st
y"
Package: expl3 2019-07-25 L3 programming layer (loader) 

("C:/Users/Oliver/AppData/Local/Programs/MiKTeX 2.9/tex/latex/l3kernel/expl3-co
de.tex"
Package: expl3 2019-07-25 L3 programming layer (code)
\ucharcat@table=\catcodetable5
\c_max_int=\count157
\l_tmpa_int=\count158
\l_tmpb_int=\count159
\g_tmpa_int=\count160
\g_tmpb_int=\count161
\g__kernel_prg_map_int=\count162
\c__ior_term_ior=\count163
\c_log_iow=\count164
\l_iow_line_count_int=\count165
\l__iow_line_target_int=\count166
\l__iow_one_indent_int=\count167
\l__iow_indent_int=\count168
\c_zero_dim=\dimen192
\c_max_dim=\dimen193
\l_tmpa_dim=\dimen194
\l_tmpb_dim=\dimen195
\g_tmpa_dim=\dimen196
\g_tmpb_dim=\dimen197
\c_zero_skip=\skip58
\c_max_skip=\skip59
\l_tmpa_skip=\skip60
\l_tmpb_skip=\skip61
\g_tmpa_skip=\skip62
\g_tmpb_skip=\skip63
\c_zero_muskip=\muskip12
\c_max_muskip=\muskip13
\l_tmpa_muskip=\muskip14
\l_tmpb_muskip=\muskip15
\g_tmpa_muskip=\muskip16
\g_tmpb_muskip=\muskip17
\l_keys_choice_int=\count169
\l__intarray_loop_int=\count170
\c__intarray_sp_dim=\dimen198
\g__intarray_font_int=\count171
\c__fp_leading_shift_int=\count172
\c__fp_middle_shift_int=\count173
\c__fp_trailing_shift_int=\count174
\c__fp_big_leading_shift_int=\count175
\c__fp_big_middle_shift_int=\count176
\c__fp_big_trailing_shift_int=\count177
\c__fp_Bigg_leading_shift_int=\count178
\c__fp_Bigg_middle_shift_int=\count179
\c__fp_Bigg_trailing_shift_int=\count180
\g__fp_array_int=\count181
\l__fp_array_loop_int=\count182
\l__sort_length_int=\count183
\l__sort_min_int=\count184
\l__sort_top_int=\count185
\l__sort_max_int=\count186
\l__sort_true_max_int=\count187
\l__sort_block_int=\count188
\l__sort_begin_int=\count189
\l__sort_end_int=\count190
\l__sort_A_int=\count191
\l__sort_B_int=\count192
\l__sort_C_int=\count193
\l__str_internal_int=\count194
\l__tl_analysis_normal_int=\count195
\l__tl_analysis_index_int=\count196
\l__tl_analysis_nesting_int=\count197
\l__tl_analysis_type_int=\count198
\l__regex_internal_a_int=\count199
\l__regex_internal_b_int=\count266
\l__regex_internal_c_int=\count267
\l__regex_balance_int=\count268
\l__regex_group_level_int=\count269
\l__regex_mode_int=\count270
\c__regex_cs_in_class_mode_int=\count271
\c__regex_cs_mode_int=\count272
\l__regex_catcodes_int=\count273
\l__regex_default_catcodes_int=\count274
\c__regex_catcode_L_int=\count275
\c__regex_catcode_O_int=\count276
\c__regex_catcode_A_int=\count277
\c__regex_all_catcodes_int=\count278
\l__regex_show_lines_int=\count279
\l__regex_min_state_int=\count280
\l__regex_max_state_int=\count281
\l__regex_left_state_int=\count282
\l__regex_right_state_int=\count283
\l__regex_capturing_group_int=\count284
\l__regex_min_pos_int=\count285
\l__regex_max_pos_int=\count286
\l__regex_curr_pos_int=\count287
\l__regex_start_pos_int=\count288
\l__regex_success_pos_int=\count289
\l__regex_curr_char_int=\count290
\l__regex_curr_catcode_int=\count291
\l__regex_last_char_int=\count292
\l__regex_case_changed_char_int=\count293
\l__regex_curr_state_int=\count294
\l__regex_step_int=\count295
\l__regex_min_active_int=\count296
\l__regex_max_active_int=\count297
\l__regex_replacement_csnames_int=\count298
\l__regex_match_count_int=\count299
\l__regex_min_submatch_int=\count300
\l__regex_submatch_int=\count301
\l__regex_zeroth_submatch_int=\count302
\g__regex_trace_regex_int=\count303
\c_empty_box=\box55
\l_tmpa_box=\box56
\l_tmpb_box=\box57
\g_tmpa_box=\box58
\g_tmpb_box=\box59
\l__box_top_dim=\dimen199
\l__box_bottom_dim=\dimen256
\l__box_left_dim=\dimen257
\l__box_right_dim=\dimen258
\l__box_top_new_dim=\dimen259
\l__box_bottom_new_dim=\dimen260
\l__box_left_new_dim=\dimen261
\l__box_right_new_dim=\dimen262
\l__box_internal_box=\box60
\l__coffin_internal_box=\box61
\l__coffin_internal_dim=\dimen263
\l__coffin_offset_x_dim=\dimen264
\l__coffin_offset_y_dim=\dimen265
\l__coffin_x_dim=\dimen266
\l__coffin_y_dim=\dimen267
\l__coffin_x_prime_dim=\dimen268
\l__coffin_y_prime_dim=\dimen269
\c_empty_coffin=\box62
\l__coffin_aligned_coffin=\box63
\l__coffin_aligned_internal_coffin=\box64
\l_tmpa_coffin=\box65
\l_tmpb_coffin=\box66
\g_tmpa_coffin=\box67
\g_tmpb_coffin=\box68
\l__coffin_bounding_shift_dim=\dimen270
\l__coffin_left_corner_dim=\dimen271
\l__coffin_right_corner_dim=\dimen272
\l__coffin_bottom_corner_dim=\dimen273
\l__coffin_top_corner_dim=\dimen274
\l__coffin_scaled_total_height_dim=\dimen275
\l__coffin_scaled_width_dim=\dimen276
\c__coffin_empty_coffin=\box69
\l__coffin_display_coffin=\box70
\l__coffin_display_coord_coffin=\box71
\l__coffin_display_pole_coffin=\box72
\l__coffin_display_offset_dim=\dimen277
\l__coffin_display_x_dim=\dimen278
\l__coffin_display_y_dim=\dimen279
\g__file_internal_ior=\read2
\l__seq_internal_a_int=\count304
\l__seq_internal_b_int=\count305
)
("C:/Users/Oliver/AppData/Local/Programs/MiKTeX 2.9/tex/latex/l3backend/l3backe
nd-pdfmode.def"
File: l3backend-pdfmode.def 2019-04-06 v L3 Experimental backend support: PDF mo
de
\l__kernel_color_stack_int=\count306
\l__pdf_internal_box=\box73
))
Package: breqn 2018/09/14 v0.98f Breaking equations

("C:/Users/Oliver/AppData/Local/Programs/MiKTeX 2.9/tex/latex/breqn/flexisym.st
y"
Package: flexisym 2017/01/27 v0.98e Make math characters macros
LaTeX Info: Redefining \textprime on input line 300.
LaTeX Info: Redefining \not on input line 358.

("C:/Users/Oliver/AppData/Local/Programs/MiKTeX 2.9/tex/latex/breqn/cmbase.sym"
File: cmbase.sym 2007/12/19 v0.92
LaTeX Info: Redefining \hbar on input line 325.
LaTeX Info: Redefining \surd on input line 327.
LaTeX Info: Redefining \angle on input line 335.
LaTeX Info: Redefining \neq on input line 336.
LaTeX Info: Redefining \mapsto on input line 337.
LaTeX Info: Redefining \cong on input line 338.
LaTeX Info: Redefining \notin on input line 341.
LaTeX Info: Redefining \rightleftharpoons on input line 342.
LaTeX Info: Redefining \doteq on input line 343.
LaTeX Info: Redefining \hookrightarrow on input line 344.
LaTeX Info: Redefining \hookleftarrow on input line 345.
LaTeX Info: Redefining \bowtie on input line 346.
LaTeX Info: Redefining \models on input line 347.
LaTeX Info: Redefining \Longrightarrow on input line 348.
LaTeX Info: Redefining \longrightarrow on input line 349.
LaTeX Info: Redefining \Longleftarrow on input line 350.
LaTeX Info: Redefining \longleftarrow on input line 351.
LaTeX Info: Redefining \longmapsto on input line 352.
LaTeX Info: Redefining \longleftrightarrow on input line 353.
LaTeX Info: Redefining \Longleftrightarrow on input line 354.
LaTeX Info: Redefining \cdots on input line 358.
LaTeX Info: Redefining \vdots on input line 361.
LaTeX Info: Redefining \ddots on input line 366.
)
("C:/Users/Oliver/AppData/Local/Programs/MiKTeX 2.9/tex/latex/breqn/mathstyle.s
ty"
Package: mathstyle 2017/01/27 0.98e Tracking mathstyle implicitly
LaTeX Info: Redefining \genfrac on input line 145.
))
("C:/Users/Oliver/AppData/Local/Programs/MiKTeX 2.9/tex/latex/tools/calc.sty"
Package: calc 2017/05/25 v4.3 Infix arithmetic (KKT,FJ)
\calc@Acount=\count307
\calc@Bcount=\count308
\calc@Adimen=\dimen280
\calc@Bdimen=\dimen281
\calc@Askip=\skip64
\calc@Bskip=\skip65
LaTeX Info: Redefining \setlength on input line 80.
LaTeX Info: Redefining \addtolength on input line 81.
\calc@Ccount=\count309
\calc@Cskip=\skip66
)
\inf@bad=\count310
\maxint=\count311
\listwidth=\dimen282
\eqnumsep=\dimen283
\eqmargin=\dimen284
\eqlinespacing=\skip67
\eqlineskip=\skip68
\eqlineskiplimit=\dimen285
\eqbinoffset=\muskip18
\eqdelimoffset=\muskip19
\eqindentstep=\dimen286
\eqstyle=\toks49
\eqbreakdepth=\count312
\eqinterlinepenalty=\count313
\intereqpenalty=\count314
\intereqskip=\skip69
\prerelpenalty=\count315
\prebinoppenalty=\count316
\Dmedmuskip=\muskip20
\Dthickmuskip=\muskip21
\eqleftskip=\skip70
\eqrightskip=\skip71
\eq@vspan=\skip72
\eq@binoffset=\muskip22
\EQ@box=\box74
\EQ@copy=\box75
\EQ@numbox=\box76
\eq@wdNum=\dimen287
\GRP@numbox=\box77
\grp@wdNum=\dimen288
\eq@lines=\count317
\eq@curline=\count318
\eq@badness=\count319
\EQ@vims=\count320
\eq@dp=\dimen289
\eq@wdL=\dimen290
\eq@wdT=\dimen291
\eq@wdMin=\dimen292
\grp@wdL=\dimen293
\grp@wdR=\dimen294
\grp@wdT=\dimen295
\eq@wdRmax=\dimen296
\eq@firstht=\dimen297
\eq@wdCond=\dimen298
\eq@indentstep=\dimen299
\eq@linewidth=\dimen300
\grp@linewidth=\dimen301
\eq@hshift=\dimen302
\eq@given@sidespace=\dimen303
\mathindent=\dimen304
\eq@final@linecount=\count321
\eq@wdR=\dimen305
\EQ@continue=\toks50
\lr@level=\count322
\GRP@queue=\toks51
\GRP@box=\box78
\GRP@wholebox=\box79
\darraycolsep=\skip73
\cur@row=\count323
\cur@col=\count324
\conditionsep=\skip74
) ("C:/Users/Oliver/AppData/Local/Programs/MiKTeX 2.9/tex/latex/was/gensymb.sty
"
Package: gensymb 2003/07/02 v1.0 (WaS)
)
("C:/Users/Oliver/AppData/Local/Programs/MiKTeX 2.9/tex/latex/braket/braket.sty
")
("C:/Users/Oliver/AppData/Local/Programs/MiKTeX 2.9/tex/latex/mathtools/mathtoo
ls.sty"
Package: mathtools 2019/07/31 v1.22 mathematical typesetting tools

("C:/Users/Oliver/AppData/Local/Programs/MiKTeX 2.9/tex/latex/mathtools/mhsetup
.sty"
Package: mhsetup 2017/03/31 v1.3 programming setup (MH)
)
LaTeX Info: Thecontrolsequence`\('isalreadyrobust on input line 129.
LaTeX Info: Thecontrolsequence`\)'isalreadyrobust on input line 129.
LaTeX Info: Thecontrolsequence`\['isalreadyrobust on input line 129.
LaTeX Info: Thecontrolsequence`\]'isalreadyrobust on input line 129.
\g_MT_multlinerow_int=\count325
\l_MT_multwidth_dim=\dimen306
\origjot=\skip75
\l_MT_shortvdotswithinadjustabove_dim=\dimen307
\l_MT_shortvdotswithinadjustbelow_dim=\dimen308
\l_MT_above_intertext_sep=\dimen309
\l_MT_below_intertext_sep=\dimen310
\l_MT_above_shortintertext_sep=\dimen311
\l_MT_below_shortintertext_sep=\dimen312
)
("C:/Users/Oliver/AppData/Local/Programs/MiKTeX 2.9/tex/latex/caption/caption.s
ty"
Package: caption 2019/09/01 v3.3d Customizing captions (AR)

("C:/Users/Oliver/AppData/Local/Programs/MiKTeX 2.9/tex/latex/caption/caption3.
sty"
Package: caption3 2019/09/01 v1.8d caption3 kernel (AR)
Package caption3 Info: TeX engine: e-TeX on input line 64.
\captionmargin=\dimen313
\captionmargin@=\dimen314
\captionwidth=\dimen315
\caption@tempdima=\dimen316
\caption@indent=\dimen317
\caption@parindent=\dimen318
\caption@hangindent=\dimen319
)
\c@caption@flags=\count326
\c@ContinuedFloat=\count327
Package caption Info: beamer document class.
Package caption Info: hyperref package is loaded.
Package caption Info: Hyperref support is turned off
(caption)             because hyperref has stopped early.
)
("C:/Users/Oliver/AppData/Local/Programs/MiKTeX 2.9/tex/latex/caption/subcaptio
n.sty"
Package: subcaption 2019/09/01 v1.3a Sub-captions (AR)
\c@subfigure=\count328
\c@subtable=\count329
)
("C:/Users/Oliver/AppData/Local/Programs/MiKTeX 2.9/tex/latex/multirow/multirow
.sty"
Package: multirow 2019/05/31 v2.5 Span multiple rows of a table
\multirow@colwidth=\skip76
\multirow@cntb=\count330
\multirow@dima=\skip77
\bigstrutjot=\dimen320
)
("C:/Users/Oliver/AppData/Local/Programs/MiKTeX 2.9/tex/latex/tools/longtable.s
ty"
Package: longtable 2014/10/28 v4.11 Multi-page Table package (DPC)+ FMi change
\LTleft=\skip78
\LTright=\skip79
\LTpre=\skip80
\LTpost=\skip81
\LTchunksize=\count331
\LTcapwidth=\dimen321
\LT@head=\box80
\LT@firsthead=\box81
\LT@foot=\box82
\LT@lastfoot=\box83
\LT@cols=\count332
\LT@rows=\count333
\c@LT@tables=\count334
\c@LT@chunks=\count335
\LT@p@ftn=\toks52
)
("C:/Users/Oliver/AppData/Local/Programs/MiKTeX 2.9/tex/latex/booktabs/booktabs
.sty"
Package: booktabs 2019/10/08 v1.6180339 publication quality tables
\heavyrulewidth=\dimen322
\lightrulewidth=\dimen323
\cmidrulewidth=\dimen324
\belowrulesep=\dimen325
\belowbottomsep=\dimen326
\aboverulesep=\dimen327
\abovetopsep=\dimen328
\cmidrulesep=\dimen329
\cmidrulekern=\dimen330
\defaultaddspace=\dimen331
\@cmidla=\count336
\@cmidlb=\count337
\@aboverulesep=\dimen332
\@belowrulesep=\dimen333
\@thisruleclass=\count338
\@lastruleclass=\count339
\@thisrulewidth=\dimen334
)
("C:/Users/Oliver/AppData/Local/Programs/MiKTeX 2.9/tex/latex/placeins/placeins
.sty"
Package: placeins 2005/04/18  v 2.2
) (./ApplicationMLDiscoveryNP.aux)
\openout1 = ApplicationMLDiscoveryNP.aux

LaTeX Font Info:    Checking defaults for OML/cmm/m/it on input line 138.
LaTeX Font Info:    ... okay on input line 138.
LaTeX Font Info:    Checking defaults for T1/cmr/m/n on input line 138.
LaTeX Font Info:    ... okay on input line 138.
LaTeX Font Info:    Checking defaults for OT1/cmr/m/n on input line 138.
LaTeX Font Info:    ... okay on input line 138.
LaTeX Font Info:    Checking defaults for OMS/cmsy/m/n on input line 138.
LaTeX Font Info:    ... okay on input line 138.
LaTeX Font Info:    Checking defaults for TU/lmr/m/n on input line 138.
LaTeX Font Info:    ... okay on input line 138.
LaTeX Font Info:    Checking defaults for OMX/cmex/m/n on input line 138.
LaTeX Font Info:    ... okay on input line 138.
LaTeX Font Info:    Checking defaults for U/cmr/m/n on input line 138.
LaTeX Font Info:    ... okay on input line 138.
LaTeX Font Info:    Checking defaults for PD1/pdf/m/n on input line 138.
LaTeX Font Info:    ... okay on input line 138.

*geometry* driver: auto-detecting
*geometry* detected driver: luatex
*geometry* verbose mode - [ preamble ] result:
* driver: luatex
* paper: custom
* layout: <same size as paper>
* layoutoffset:(h,v)=(0.0pt,0.0pt)
* modes: includehead includefoot 
* h-part:(L,W,R)=(10.95pt, 342.29536pt, 10.95pt)
* v-part:(T,H,B)=(0.0pt, 273.14662pt, 0.0pt)
* \paperwidth=364.19536pt
* \paperheight=273.14662pt
* \textwidth=342.29536pt
* \textheight=244.6939pt
* \oddsidemargin=-61.31999pt
* \evensidemargin=-61.31999pt
* \topmargin=-72.26999pt
* \headheight=14.22636pt
* \headsep=0.0pt
* \topskip=11.0pt
* \footskip=14.22636pt
* \marginparwidth=4.0pt
* \marginparsep=10.0pt
* \columnsep=10.0pt
* \skip\footins=10.0pt plus 4.0pt minus 2.0pt
* \hoffset=0.0pt
* \voffset=0.0pt
* \mag=1000
* \@twocolumnfalse
* \@twosidefalse
* \@mparswitchfalse
* \@reversemarginfalse
* (1in=72.27pt=25.4mm, 1cm=28.453pt)


("C:/Users/Oliver/AppData/Local/Programs/MiKTeX 2.9/tex/context/base/mkii/supp-
pdf.mkii"
[Loading MPS to PDF converter (version 2006.09.02).]
\scratchcounter=\count340
\scratchdimen=\dimen335
\scratchbox=\box84
\nofMPsegments=\count341
\nofMParguments=\count342
\everyMPshowfont=\toks53
\MPscratchCnt=\count343
\MPscratchDim=\dimen336
\MPnumerator=\count344
\makeMPintoPDFobject=\count345
\everyMPtoPDFconversion=\toks54
)
("C:/Users/Oliver/AppData/Local/Programs/MiKTeX 2.9/tex/latex/oberdiek/epstopdf
-base.sty"
Package: epstopdf-base 2016/05/15 v2.6 Base part for package epstopdf

("C:/Users/Oliver/AppData/Local/Programs/MiKTeX 2.9/tex/latex/oberdiek/grfext.s
ty"
Package: grfext 2016/05/16 v1.2 Manage graphics extensions (HO)
)
Package epstopdf-base Info: Redefining graphics rule for `.eps' on input line 43
8.
Package grfext Info: Graphics extension search list:
(grfext)             [.pdf,.png,.jpg,.mps,.jpeg,.jbig2,.jb2,.PDF,.PNG,.JPG,.JPEG
,.JBIG2,.JB2,.eps]
(grfext)             \AppendGraphicsExtensions on input line 456.
) ABD: EveryShipout initializing macros
\AtBeginShipoutBox=\box85
Package hyperref Info: Link coloring OFF on input line 138.

("C:/Users/Oliver/AppData/Local/Programs/MiKTeX 2.9/tex/latex/hyperref/nameref.
sty"
Package: nameref 2016/05/21 v2.44 Cross-referencing by name of section

("C:/Users/Oliver/AppData/Local/Programs/MiKTeX 2.9/tex/generic/oberdiek/gettit
lestring.sty"
Package: gettitlestring 2016/05/16 v1.5 Cleanup title references (HO)
)
\c@section@level=\count346
)
LaTeX Info: Redefining \ref on input line 138.
LaTeX Info: Redefining \pageref on input line 138.
LaTeX Info: Redefining \nameref on input line 138.
 (./ApplicationMLDiscoveryNP.out)
(./ApplicationMLDiscoveryNP.out)
\@outlinefile=\write5

\openout5 = ApplicationMLDiscoveryNP.out
LaTeX Font Info:    Overwriting symbol font `operators' in version `normal'
(Font)                  OT1/cmr/m/n --> OT1/cmss/m/n on input line 138.
LaTeX Font Info:    Overwriting symbol font `operators' in version `bold'
(Font)                  OT1/cmr/bx/n --> OT1/cmss/bx/n on input line 138.
\symnumbers=\mathgroup6
\sympureletters=\mathgroup7
LaTeX Font Info:    Overwriting math alphabet `\mathrm' in version `normal'
(Font)                  OT1/cmss/m/n --> TU/lmr/m/n on input line 138.
LaTeX Font Info:    Redeclaring math alphabet \mathbf on input line 138.
LaTeX Font Info:    Overwriting math alphabet `\mathbf' in version `normal'
(Font)                  OT1/cmr/bx/n --> TU/lmss/bx/n on input line 138.
LaTeX Font Info:    Overwriting math alphabet `\mathbf' in version `bold'
(Font)                  OT1/cmr/bx/n --> TU/lmss/bx/n on input line 138.
LaTeX Font Info:    Redeclaring math alphabet \mathsf on input line 138.
LaTeX Font Info:    Overwriting math alphabet `\mathsf' in version `normal'
(Font)                  OT1/cmss/m/n --> TU/lmss/m/n on input line 138.
LaTeX Font Info:    Overwriting math alphabet `\mathsf' in version `bold'
(Font)                  OT1/cmss/bx/n --> TU/lmss/m/n on input line 138.
LaTeX Font Info:    Redeclaring math alphabet \mathit on input line 138.
LaTeX Font Info:    Overwriting math alphabet `\mathit' in version `normal'
(Font)                  OT1/cmr/m/it --> TU/lmss/m/it on input line 138.
LaTeX Font Info:    Overwriting math alphabet `\mathit' in version `bold'
(Font)                  OT1/cmr/bx/it --> TU/lmss/m/it on input line 138.
LaTeX Font Info:    Redeclaring math alphabet \mathtt on input line 138.
LaTeX Font Info:    Overwriting math alphabet `\mathtt' in version `normal'
(Font)                  OT1/cmtt/m/n --> TU/lmtt/m/n on input line 138.
LaTeX Font Info:    Overwriting math alphabet `\mathtt' in version `bold'
(Font)                  OT1/cmtt/m/n --> TU/lmtt/m/n on input line 138.
LaTeX Font Info:    Overwriting symbol font `numbers' in version `bold'
(Font)                  TU/lmss/m/n --> TU/lmss/bx/n on input line 138.
LaTeX Font Info:    Overwriting symbol font `pureletters' in version `bold'
(Font)                  TU/lmss/m/it --> TU/lmss/bx/it on input line 138.
LaTeX Font Info:    Overwriting math alphabet `\mathrm' in version `bold'
(Font)                  OT1/cmss/bx/n --> TU/lmr/bx/n on input line 138.
LaTeX Font Info:    Overwriting math alphabet `\mathbf' in version `bold'
(Font)                  TU/lmss/bx/n --> TU/lmss/bx/n on input line 138.
LaTeX Font Info:    Overwriting math alphabet `\mathsf' in version `bold'
(Font)                  TU/lmss/m/n --> TU/lmss/bx/n on input line 138.
LaTeX Font Info:    Overwriting math alphabet `\mathit' in version `bold'
(Font)                  TU/lmss/m/it --> TU/lmss/bx/it on input line 138.
LaTeX Font Info:    Overwriting math alphabet `\mathtt' in version `bold'
(Font)                  TU/lmtt/m/n --> TU/lmtt/bx/n on input line 138.

("C:/Users/Oliver/AppData/Local/Programs/MiKTeX 2.9/tex/latex/translator/transl
ator-basic-dictionary-English.dict"
Dictionary: translator-basic-dictionary, Language: English 
)
("C:/Users/Oliver/AppData/Local/Programs/MiKTeX 2.9/tex/latex/translator/transl
ator-bibliography-dictionary-English.dict"
Dictionary: translator-bibliography-dictionary, Language: English 
)
("C:/Users/Oliver/AppData/Local/Programs/MiKTeX 2.9/tex/latex/translator/transl
ator-environment-dictionary-English.dict"
Dictionary: translator-environment-dictionary, Language: English 
)
("C:/Users/Oliver/AppData/Local/Programs/MiKTeX 2.9/tex/latex/translator/transl
ator-months-dictionary-English.dict"
Dictionary: translator-months-dictionary, Language: English 
)
("C:/Users/Oliver/AppData/Local/Programs/MiKTeX 2.9/tex/latex/translator/transl
ator-numbers-dictionary-English.dict"
Dictionary: translator-numbers-dictionary, Language: English 
)
("C:/Users/Oliver/AppData/Local/Programs/MiKTeX 2.9/tex/latex/translator/transl
ator-theorem-dictionary-English.dict"
Dictionary: translator-theorem-dictionary, Language: English 
)
LaTeX Info: Redefining \celsius on input line 138.
Package gensymb Info: Faking symbols for \degree and \celsius on input line 138.



Package gensymb Warning: Not defining \perthousand.

LaTeX Info: Redefining \ohm on input line 138.
Package gensymb Info: Using \Omega for \ohm on input line 138.

Package gensymb Warning: Not defining \micro.

Package caption Info: Begin \AtBeginDocument code.
Package caption Info: longtable package is loaded.

("C:/Users/Oliver/AppData/Local/Programs/MiKTeX 2.9/tex/latex/caption/ltcaption
.sty"
Package: ltcaption 2018/08/26 v1.4a longtable captions (AR)
)
Package caption Info: End \AtBeginDocument code.
 (./ApplicationMLDiscoveryNP.nav) [1

{C:/Users/Oliver/AppData/Local/MiKTeX/2.9/pdftex/config/pdftex.map}] (./Applica
tionMLDiscoveryNP.toc) [2

]
LaTeX Font Info:    Try loading font information for U+msa on input line 189.

("C:/Users/Oliver/AppData/Local/Programs/MiKTeX 2.9/tex/latex/amsfonts/umsa.fd"
File: umsa.fd 2013/01/14 v3.01 AMS symbols A
)
LaTeX Font Info:    Try loading font information for U+msb on input line 189.
 ("C:/Users/Oliver/AppData/Local/Programs/MiKTeX 2.9/tex/latex/amsfonts/umsb.fd
"
File: umsb.fd 2013/01/14 v3.01 AMS symbols B
)
LaTeX Font Info:    Font shape `TU/lmss/m/it' in size <10.95> not available
(Font)              Font shape `TU/lmss/m/sl' tried instead on input line 189.
LaTeX Font Info:    Font shape `TU/lmss/m/it' in size <8> not available
(Font)              Font shape `TU/lmss/m/sl' tried instead on input line 189.
LaTeX Font Info:    Font shape `TU/lmss/m/it' in size <6> not available
(Font)              Font shape `TU/lmss/m/sl' tried instead on input line 189.
<imagenes/Standard_Model_of_Elementary_Particles.jpg, id=97, 2007.5pt x 1506.628
75pt>
File: imagenes/Standard_Model_of_Elementary_Particles.jpg Graphic file (type jpg
)
<use imagenes/Standard_Model_of_Elementary_Particles.jpg>
Package luatex.def Info: imagenes/Standard_Model_of_Elementary_Particles.jpg  us
ed on input line 189.
(luatex.def)             Requested size: 171.14067pt x 130.55608pt.
 [3

<./imagenes/Standard_Model_of_Elementary_Particles.jpg>]
<imagenes/Gim.png, id=131, 1204.5pt x 1204.5pt>
File: imagenes/Gim.png Graphic file (type png)
<use imagenes/Gim.png>
Package luatex.def Info: imagenes/Gim.png  used on input line 211.
(luatex.def)             Requested size: 171.14679pt x 156.68239pt.
 [4

<./imagenes/Gim.png>]
Missing character: There is no ∗ (U+2217) in font cmss10!
Missing character: There is no ∗ (U+2217) in font cmss8!
<imagenes/P5.pdf, id=162, 433.62pt x 289.08pt>
File: imagenes/P5.pdf Graphic file (type pdf)
<use imagenes/P5.pdf>
Package luatex.def Info: imagenes/P5.pdf  used on input line 239.
(luatex.def)             Requested size: 136.91866pt x 91.27681pt.
LaTeX Font Info:    Font shape `TU/lmss/m/it' in size <10> not available
(Font)              Font shape `TU/lmss/m/sl' tried instead on input line 239.
LaTeX Font Info:    Font shape `TU/lmss/m/it' in size <7> not available
(Font)              Font shape `TU/lmss/m/sl' tried instead on input line 239.
LaTeX Font Info:    Font shape `TU/lmss/m/it' in size <5> not available
(Font)              Font shape `TU/lmss/m/sl' tried instead on input line 239.
<imagenes/RK.pdf, id=163, 542.025pt x 451.6875pt>
File: imagenes/RK.pdf Graphic file (type pdf)
<use imagenes/RK.pdf>
Package luatex.def Info: imagenes/RK.pdf  used on input line 239.
(luatex.def)             Requested size: 136.91866pt x 114.10016pt.

Overfull \vbox (6.68736pt too high) detected at line 239
 []

[5

<./imagenes/P5.pdf><./imagenes/RK.pdf>] [6

] [7

] [8

]
<imagenes/malaria.png, id=345, 313.9228pt x 253.69781pt>
File: imagenes/malaria.png Graphic file (type png)
<use imagenes/malaria.png>
Package luatex.def Info: imagenes/malaria.png  used on input line 354.
(luatex.def)             Requested size: 136.91866pt x 110.64798pt.
<imagenes/MalariaSegmented.png, id=346, 308.65312pt x 237.88875pt>
File: imagenes/MalariaSegmented.png Graphic file (type png)
<use imagenes/MalariaSegmented.png>
Package luatex.def Info: imagenes/MalariaSegmented.png  used on input line 354.
(luatex.def)             Requested size: 136.91866pt x 105.52802pt.
 [9

<./imagenes/malaria.png><./imagenes/MalariaSegmented.png>]
<imagenes/gan.png, id=379, 519.9425pt x 225.84375pt>
File: imagenes/gan.png Graphic file (type png)
<use imagenes/gan.png>
Package luatex.def Info: imagenes/gan.png  used on input line 383.
(luatex.def)             Requested size: 273.83733pt x 118.94536pt.
 [10

<./imagenes/gan.png>] [11

] [12

] [13

]
[14

] [15

] [16

]
Underfull \vbox (badness 10000) has occurred while \output is active []

 [17

<C:/Users/Oliver/AppData/Local/Programs/MiKTeX 2.9/tex/latex/beamer/beamericonar
ticle.pdf>]
Underfull \vbox (badness 10000) has occurred while \output is active []

 [18]
[19]
\tf@nav=\write6

\openout6 = ApplicationMLDiscoveryNP.nav
\tf@toc=\write7

\openout7 = ApplicationMLDiscoveryNP.toc
\tf@snm=\write8

\openout8 = ApplicationMLDiscoveryNP.snm
Package atveryend Info: Empty hook `BeforeClearDocument' on input line 652.
Package atveryend Info: Empty hook `AfterLastShipout' on input line 652.
 (./ApplicationMLDiscoveryNP.aux)
Package atveryend Info: Executing hook `AtVeryEndDocument' on input line 652.
Package atveryend Info: Executing hook `AtEndAfterFileList' on input line 652.
Package rerunfilecheck Info: File `ApplicationMLDiscoveryNP.out' has not changed
.
(rerunfilecheck)             Checksum: E4EF837EA079969291D3BDD4607788F7;208.
)

Here is how much of LuaTeX's memory you used:
 30500 strings out of 494305
 100000,662416 words of node,token memory allocated
 1027 words of node memory still in use:
   13 hlist, 6 vlist, 2 rule, 13 glue, 5 kern, 7 penalty, 10 glyph, 31 attribute
, 82 glue_spec, 31 attribute_list, 3 write, 1 pdf_action, 4 pdf_colorstack nodes

   avail lists: 1:2,2:930,3:270,4:188,5:182,6:47,7:2130,8:74,9:489,10:16,11:155
 33595 multiletter control sequences out of 65536+200000
 82 fonts using 10496359 bytes
 56i,14n,70p,790b,819s stack positions out of 5000i,500n,10000p,200000b,50000s
<c:/users/oliver/appdata/local/programs/miktex 2.9/fonts/opentype/public/lm/lmmo
no10-regular.otf><c:/users/oliver/appdata/local/programs/miktex 2.9/fonts/openty
pe/public/lm/lmsans17-regular.otf><c:/users/oliver/appdata/local/programs/miktex
 2.9/fonts/opentype/public/lm/lmsans10-bold.otf><c:/users/oliver/appdata/local/p
rograms/miktex 2.9/fonts/opentype/public/lm/lmsans8-oblique.otf><c:/users/oliver
/appdata/local/programs/miktex 2.9/fonts/opentype/public/lm/lmsans10-oblique.otf
><c:/users/oliver/appdata/local/programs/miktex 2.9/fonts/opentype/public/lm/lms
ans8-regular.otf><c:/users/oliver/appdata/local/programs/miktex 2.9/fonts/openty
pe/public/lm/lmsans10-regular.otf><c:/users/oliver/appdata/local/programs/miktex
 2.9/fonts/opentype/public/lm/lmsans12-regular.otf><C:/Users/Oliver/AppData/Loca
l/Programs/MiKTeX 2.9/fonts/type1/public/amsfonts/cm/cmex10.pfb><C:/Users/Oliver
/AppData/Local/Programs/MiKTeX 2.9/fonts/type1/public/amsfonts/cm/cmmi10.pfb><C:
/Users/Oliver/AppData/Local/Programs/MiKTeX 2.9/fonts/type1/public/amsfonts/cm/c
mmi8.pfb><C:/Users/Oliver/AppData/Local/Programs/MiKTeX 2.9/fonts/type1/public/a
msfonts/cm/cmss10.pfb><C:/Users/Oliver/AppData/Local/Programs/MiKTeX 2.9/fonts/t
ype1/public/amsfonts/cm/cmss8.pfb><C:/Users/Oliver/AppData/Local/Programs/MiKTeX
 2.9/fonts/type1/public/amsfonts/cm/cmsy10.pfb><C:/Users/Oliver/AppData/Local/Pr
ograms/MiKTeX 2.9/fonts/type1/public/amsfonts/cm/cmsy6.pfb><C:/Users/Oliver/AppD
ata/Local/Programs/MiKTeX 2.9/fonts/type1/public/amsfonts/cm/cmsy8.pfb><C:/Users
/Oliver/AppData/Local/Programs/MiKTeX 2.9/fonts/type1/public/amsfonts/symbols/ms
am7.pfb>
Output written on ApplicationMLDiscoveryNP.pdf (19 pages, 933497 bytes).

PDF statistics: 754 PDF objects out of 1000 (max. 8388607)
 70 named destinations out of 1000 (max. 131072)
 68 words of extra memory for PDF output out of 10000 (max. 100000000)

