This is LuaTeX, Version 1.10.1 (MiKTeX 2.9.7140 64-bit)  (format=lualatex 2019.8.13)  17 JUL 2020 10:03
 restricted system commands enabled.
**tfg2.tex
(./tfg2.tex
LaTeX2e <2018-12-01>
Lua module: luaotfload-main 2019-07-04 2.98 luaotfload entry point
Lua module: luaotfload-init 2019-07-04 2.98 luaotfload submodule / initializatio
n
Lua module: lualibs 2019-07-04 2.66 ConTeXt Lua standard libraries.
Lua module: lualibs-extended 2019-07-04 2.66 ConTeXt Lua libraries -- extended c
ollection.
Lua module: luaotfload-log 2019-07-04 2.98 luaotfload submodule / logging
Lua module: luaotfload-parsers 2019-07-04 2.98 luaotfload submodule / filelist
Lua module: luaotfload-configuration 2019-07-04 2.98 luaotfload submodule / conf
ig file reader
luaotfload | conf : Root cache directory is C:/Users/Oliver/AppData/Local/MiKTeX
/2.9/luatex-cache/generic/names.
luaotfload | init : Loading fontloader “fontloader-2019-07-04.lua” from kpse
-resolved path “C:/Users/Oliver/AppData/Local/Programs/MiKTeX 2.9/tex/luatex/l
uaotfload/fontloader-2019-07-04.lua”.
Lua-only attribute luaotfload@state = 2
Lua-only attribute luaotfload@noligature = 3
Lua-only attribute luaotfload@syllabe = 4
luaotfload | init : Context OpenType loader version “3.108”
Inserting `luaotfload.node_processor' at position 1 in `pre_linebreak_filter'.
Inserting `luaotfload.node_processor' at position 1 in `hpack_filter'.
Lua module: luaotfload-loaders 2019-07-04 2.98 luaotfload submodule / callback h
andling
Inserting `luaotfload.define_font' at position 1 in `define_font'.
Lua module: luaotfload-database 2019-07-04 2.98 luaotfload submodule / database
Lua module: luaotfload-colors 2019-07-04 2.98 luaotfload submodule / color
Lua-only attribute luaotfload_color_attribute = 5
Lua module: luaotfload-resolvers 2019-07-04 2.98 luaotfload submodule / resolver
s
luaotfload | conf : Root cache directory is C:/Users/Oliver/AppData/Local/MiKTeX
/2.9/luatex-cache/generic/names.
Lua module: luaotfload-features 2019-07-04 2.98 luaotfload submodule / features
Lua module: luaotfload-letterspace 2019-07-04 2.98 luaotfload submodule / color
Lua module: luaotfload-embolden 2019-07-04 2.98 luaotfload submodule / color
Lua module: luaotfload-notdef 2019-07-04 2.98 luaotfload submodule / color
Lua module: luaotfload-auxiliary 2019-07-04 2.98 luaotfload submodule / auxiliar
y functions
Inserting `luaotfload.aux.set_sscale_dimens' at position 1 in `luaotfload.patch_
font'.
Inserting `luaotfload.aux.patch_cambria_domh' at position 2 in `luaotfload.patch
_font'.
Inserting `luaotfload.aux.fixup_fontdata' at position 1 in `luaotfload.patch_fon
t_unsafe'.
Inserting `luaotfload.aux.set_capheight' at position 3 in `luaotfload.patch_font
'.
Inserting `luaotfload.aux.set_xheight' at position 4 in `luaotfload.patch_font'.
Inserting `luaotfload.rewrite_fontname' at position 5 in `luaotfload.patch_font'
.
luaotfload | main : initialization completed in 2.200 seconds

("C:/Users/Oliver/AppData/Local/Programs/MiKTeX 2.9/tex/latex/els-cas-templates
/cas-dc.cls"
Document Class: cas-dc 2019/02/11, 1.0: Formatting class for CAS double column a
rticles
\c@blind=\count80
\@bls=\dimen102
("C:/Users/Oliver/AppData/Local/Programs/MiKTeX 2.9/tex/latex/base/article.cls"
Document Class: article 2018/09/03 v1.4i Standard LaTeX document class
("C:/Users/Oliver/AppData/Local/Programs/MiKTeX 2.9/tex/latex/base/size10.clo"
File: size10.clo 2018/09/03 v1.4i Standard LaTeX file (size option)
luaotfload | db : Font names database loaded from C:/Users/Oliver/AppData/Local/
MiKTeX/2.9/luatex-cache/generic/names/luaotfload-names.luc)
\c@part=\count81
\c@section=\count82
\c@subsection=\count83
\c@subsubsection=\count84
\c@paragraph=\count85
\c@subparagraph=\count86
\c@figure=\count87
\c@table=\count88
\abovecaptionskip=\skip41
\belowcaptionskip=\skip42
\bibindent=\dimen103
)
("C:/Users/Oliver/AppData/Local/Programs/MiKTeX 2.9/tex/latex/graphics/graphicx
.sty"
Package: graphicx 2017/06/01 v1.1a Enhanced LaTeX Graphics (DPC,SPQR)

("C:/Users/Oliver/AppData/Local/Programs/MiKTeX 2.9/tex/latex/graphics/keyval.s
ty"
Package: keyval 2014/10/28 v1.15 key=value parser (DPC)
\KV@toks@=\toks14
)
("C:/Users/Oliver/AppData/Local/Programs/MiKTeX 2.9/tex/latex/graphics/graphics
.sty"
Package: graphics 2017/06/25 v1.2c Standard LaTeX Graphics (DPC,SPQR)

("C:/Users/Oliver/AppData/Local/Programs/MiKTeX 2.9/tex/latex/graphics/trig.sty
"
Package: trig 2016/01/03 v1.10 sin cos tan (DPC)
)
("C:/Users/Oliver/AppData/Local/Programs/MiKTeX 2.9/tex/latex/graphics-cfg/grap
hics.cfg"
File: graphics.cfg 2016/06/04 v1.11 sample graphics configuration
)
Package graphics Info: Driver file: luatex.def on input line 99.

("C:/Users/Oliver/AppData/Local/Programs/MiKTeX 2.9/tex/latex/graphics-def/luat
ex.def"
File: luatex.def 2018/01/08 v1.0l Graphics/color driver for luatex
))
\Gin@req@height=\dimen104
\Gin@req@width=\dimen105
)
("C:/Users/Oliver/AppData/Local/Programs/MiKTeX 2.9/tex/latex/amsmath/amsmath.s
ty"
Package: amsmath 2018/12/01 v2.17b AMS math features
\@mathmargin=\skip43

For additional information on amsmath, use the `?' option.

("C:/Users/Oliver/AppData/Local/Programs/MiKTeX 2.9/tex/latex/amsmath/amstext.s
ty"
Package: amstext 2000/06/29 v2.01 AMS text

("C:/Users/Oliver/AppData/Local/Programs/MiKTeX 2.9/tex/latex/amsmath/amsgen.st
y"
File: amsgen.sty 1999/11/30 v2.0 generic functions
\@emptytoks=\toks15
\ex@=\dimen106
))
("C:/Users/Oliver/AppData/Local/Programs/MiKTeX 2.9/tex/latex/amsmath/amsbsy.st
y"
Package: amsbsy 1999/11/29 v1.2d Bold Symbols
\pmbraise@=\dimen107
)
("C:/Users/Oliver/AppData/Local/Programs/MiKTeX 2.9/tex/latex/amsmath/amsopn.st
y"
Package: amsopn 2016/03/08 v2.02 operator names
)
\inf@bad=\count89
LaTeX Info: Redefining \frac on input line 223.
\uproot@=\count90
\leftroot@=\count91
LaTeX Info: Redefining \overline on input line 385.
\classnum@=\count92
\DOTSCASE@=\count93
LaTeX Info: Redefining \ldots on input line 482.
LaTeX Info: Redefining \dots on input line 485.
LaTeX Info: Redefining \cdots on input line 606.
\Mathstrutbox@=\box27
\strutbox@=\box28
\big@size=\dimen108
LaTeX Font Info:    Redeclaring font encoding OML on input line 729.
LaTeX Font Info:    Redeclaring font encoding OMS on input line 730.
\macc@depth=\count94
\c@MaxMatrixCols=\count95
\dotsspace@=\muskip10
\c@parentequation=\count96
\dspbrk@lvl=\count97
\tag@help=\toks16
\row@=\count98
\column@=\count99
\maxfields@=\count100
\andhelp@=\toks17
\eqnshift@=\dimen109
\alignsep@=\dimen110
\tagshift@=\dimen111
\tagwidth@=\dimen112
\totwidth@=\dimen113
\lineht@=\dimen114
\@envbody=\toks18
\multlinegap=\skip44
\multlinetaggap=\skip45
\mathdisplay@stack=\toks19
LaTeX Info: Redefining \[ on input line 2844.
LaTeX Info: Redefining \] on input line 2845.
)
("C:/Users/Oliver/AppData/Local/Programs/MiKTeX 2.9/tex/latex/amsfonts/amsfonts
.sty"
Package: amsfonts 2013/01/14 v3.01 Basic AMSFonts support
\symAMSa=\mathgroup4
\symAMSb=\mathgroup5
LaTeX Font Info:    Overwriting math alphabet `\mathfrak' in version `bold'
(Font)                  U/euf/m/n --> U/euf/b/n on input line 106.
)
("C:/Users/Oliver/AppData/Local/Programs/MiKTeX 2.9/tex/latex/amsfonts/amssymb.
sty"
Package: amssymb 2013/01/14 v3.01 AMS font symbols
)
("C:/Users/Oliver/AppData/Local/Programs/MiKTeX 2.9/tex/latex/l3kernel/expl3.st
y"
Package: expl3 2019-07-25 L3 programming layer (loader) 

("C:/Users/Oliver/AppData/Local/Programs/MiKTeX 2.9/tex/latex/l3kernel/expl3-co
de.tex"
Package: expl3 2019-07-25 L3 programming layer (code)
\ucharcat@table=\catcodetable5
\c_max_int=\count101
\l_tmpa_int=\count102
\l_tmpb_int=\count103
\g_tmpa_int=\count104
\g_tmpb_int=\count105
\g__kernel_prg_map_int=\count106
\c__ior_term_ior=\count107
\c_log_iow=\count108
\l_iow_line_count_int=\count109
\l__iow_line_target_int=\count110
\l__iow_one_indent_int=\count111
\l__iow_indent_int=\count112
\c_zero_dim=\dimen115
\c_max_dim=\dimen116
\l_tmpa_dim=\dimen117
\l_tmpb_dim=\dimen118
\g_tmpa_dim=\dimen119
\g_tmpb_dim=\dimen120
\c_zero_skip=\skip46
\c_max_skip=\skip47
\l_tmpa_skip=\skip48
\l_tmpb_skip=\skip49
\g_tmpa_skip=\skip50
\g_tmpb_skip=\skip51
\c_zero_muskip=\muskip11
\c_max_muskip=\muskip12
\l_tmpa_muskip=\muskip13
\l_tmpb_muskip=\muskip14
\g_tmpa_muskip=\muskip15
\g_tmpb_muskip=\muskip16
\l_keys_choice_int=\count113
\l__intarray_loop_int=\count114
\c__intarray_sp_dim=\dimen121
\g__intarray_font_int=\count115
\c__fp_leading_shift_int=\count116
\c__fp_middle_shift_int=\count117
\c__fp_trailing_shift_int=\count118
\c__fp_big_leading_shift_int=\count119
\c__fp_big_middle_shift_int=\count120
\c__fp_big_trailing_shift_int=\count121
\c__fp_Bigg_leading_shift_int=\count122
\c__fp_Bigg_middle_shift_int=\count123
\c__fp_Bigg_trailing_shift_int=\count124
\g__fp_array_int=\count125
\l__fp_array_loop_int=\count126
\l__sort_length_int=\count127
\l__sort_min_int=\count128
\l__sort_top_int=\count129
\l__sort_max_int=\count130
\l__sort_true_max_int=\count131
\l__sort_block_int=\count132
\l__sort_begin_int=\count133
\l__sort_end_int=\count134
\l__sort_A_int=\count135
\l__sort_B_int=\count136
\l__sort_C_int=\count137
\l__str_internal_int=\count138
\l__tl_analysis_normal_int=\count139
\l__tl_analysis_index_int=\count140
\l__tl_analysis_nesting_int=\count141
\l__tl_analysis_type_int=\count142
\l__regex_internal_a_int=\count143
\l__regex_internal_b_int=\count144
\l__regex_internal_c_int=\count145
\l__regex_balance_int=\count146
\l__regex_group_level_int=\count147
\l__regex_mode_int=\count148
\c__regex_cs_in_class_mode_int=\count149
\c__regex_cs_mode_int=\count150
\l__regex_catcodes_int=\count151
\l__regex_default_catcodes_int=\count152
\c__regex_catcode_L_int=\count153
\c__regex_catcode_O_int=\count154
\c__regex_catcode_A_int=\count155
\c__regex_all_catcodes_int=\count156
\l__regex_show_lines_int=\count157
\l__regex_min_state_int=\count158
\l__regex_max_state_int=\count159
\l__regex_left_state_int=\count160
\l__regex_right_state_int=\count161
\l__regex_capturing_group_int=\count162
\l__regex_min_pos_int=\count163
\l__regex_max_pos_int=\count164
\l__regex_curr_pos_int=\count165
\l__regex_start_pos_int=\count166
\l__regex_success_pos_int=\count167
\l__regex_curr_char_int=\count168
\l__regex_curr_catcode_int=\count169
\l__regex_last_char_int=\count170
\l__regex_case_changed_char_int=\count171
\l__regex_curr_state_int=\count172
\l__regex_step_int=\count173
\l__regex_min_active_int=\count174
\l__regex_max_active_int=\count175
\l__regex_replacement_csnames_int=\count176
\l__regex_match_count_int=\count177
\l__regex_min_submatch_int=\count178
\l__regex_submatch_int=\count179
\l__regex_zeroth_submatch_int=\count180
\g__regex_trace_regex_int=\count181
\c_empty_box=\box29
\l_tmpa_box=\box30
\l_tmpb_box=\box31
\g_tmpa_box=\box32
\g_tmpb_box=\box33
\l__box_top_dim=\dimen122
\l__box_bottom_dim=\dimen123
\l__box_left_dim=\dimen124
\l__box_right_dim=\dimen125
\l__box_top_new_dim=\dimen126
\l__box_bottom_new_dim=\dimen127
\l__box_left_new_dim=\dimen128
\l__box_right_new_dim=\dimen129
\l__box_internal_box=\box34
\l__coffin_internal_box=\box35
\l__coffin_internal_dim=\dimen130
\l__coffin_offset_x_dim=\dimen131
\l__coffin_offset_y_dim=\dimen132
\l__coffin_x_dim=\dimen133
\l__coffin_y_dim=\dimen134
\l__coffin_x_prime_dim=\dimen135
\l__coffin_y_prime_dim=\dimen136
\c_empty_coffin=\box36
\l__coffin_aligned_coffin=\box37
\l__coffin_aligned_internal_coffin=\box38
\l_tmpa_coffin=\box39
\l_tmpb_coffin=\box40
\g_tmpa_coffin=\box41
\g_tmpb_coffin=\box42
\l__coffin_bounding_shift_dim=\dimen137
\l__coffin_left_corner_dim=\dimen138
\l__coffin_right_corner_dim=\dimen139
\l__coffin_bottom_corner_dim=\dimen140
\l__coffin_top_corner_dim=\dimen141
\l__coffin_scaled_total_height_dim=\dimen142
\l__coffin_scaled_width_dim=\dimen143
\c__coffin_empty_coffin=\box43
\l__coffin_display_coffin=\box44
\l__coffin_display_coord_coffin=\box45
\l__coffin_display_pole_coffin=\box46
\l__coffin_display_offset_dim=\dimen144
\l__coffin_display_x_dim=\dimen145
\l__coffin_display_y_dim=\dimen146
\g__file_internal_ior=\read1
\l__seq_internal_a_int=\count182
\l__seq_internal_b_int=\count183
)
("C:/Users/Oliver/AppData/Local/Programs/MiKTeX 2.9/tex/latex/l3backend/l3backe
nd-pdfmode.def"
File: l3backend-pdfmode.def 2019-04-06 v L3 Experimental backend support: PDF mo
de
\l__kernel_color_stack_int=\count184
\l__pdf_internal_box=\box47
))
("C:/Users/Oliver/AppData/Local/Programs/MiKTeX 2.9/tex/latex/l3packages/xparse
/xparse.sty"
Package: xparse 2019-10-11 L3 Experimental document command parser
\l__xparse_current_arg_int=\count185
\g__xparse_grabber_int=\count186
\l__xparse_m_args_int=\count187
\l__xparse_v_nesting_int=\count188
)
("C:/Users/Oliver/AppData/Local/Programs/MiKTeX 2.9/tex/latex/etoolbox/etoolbox
.sty"
Package: etoolbox 2018/08/19 v2.5f e-TeX tools for LaTeX (JAW)
\etb@tempcnta=\count189
)
("C:/Users/Oliver/AppData/Local/Programs/MiKTeX 2.9/tex/latex/preprint/balance.
sty"
Package: balance 1999/02/23 4.3 (PWD)
\oldvsize=\dimen147
)
("C:/Users/Oliver/AppData/Local/Programs/MiKTeX 2.9/tex/latex/booktabs/booktabs
.sty"
Package: booktabs 2019/10/08 v1.6180339 publication quality tables
\heavyrulewidth=\dimen148
\lightrulewidth=\dimen149
\cmidrulewidth=\dimen150
\belowrulesep=\dimen151
\belowbottomsep=\dimen152
\aboverulesep=\dimen153
\abovetopsep=\dimen154
\cmidrulesep=\dimen155
\cmidrulekern=\dimen156
\defaultaddspace=\dimen157
\@cmidla=\count190
\@cmidlb=\count191
\@aboverulesep=\dimen158
\@belowrulesep=\dimen159
\@thisruleclass=\count192
\@lastruleclass=\count193
\@thisrulewidth=\dimen160
)
("C:/Users/Oliver/AppData/Local/Programs/MiKTeX 2.9/tex/latex/makecell/makecell
.sty"
Package: makecell 2009/08/03 V0.1e Managing of Tab Column Heads and Cells

("C:/Users/Oliver/AppData/Local/Programs/MiKTeX 2.9/tex/latex/tools/array.sty"
Package: array 2018/12/30 v2.4k Tabular extension package (FMi)
\col@sep=\dimen161
\ar@mcellbox=\box48
\extrarowheight=\dimen162
\NC@list=\toks20
\extratabsurround=\skip52
\backup@length=\skip53
\ar@cellbox=\box49
)
\rotheadsize=\dimen163
\c@nlinenum=\count194
\TeXr@lab=\toks21
)
("C:/Users/Oliver/AppData/Local/Programs/MiKTeX 2.9/tex/latex/multirow/multirow
.sty"
Package: multirow 2019/05/31 v2.5 Span multiple rows of a table
\multirow@colwidth=\skip54
\multirow@cntb=\count195
\multirow@dima=\skip55
\bigstrutjot=\dimen164
)
("C:/Users/Oliver/AppData/Local/Programs/MiKTeX 2.9/tex/latex/colortbl/colortbl
.sty"
Package: colortbl 2018/12/12 v1.0d Color table columns (DPC)

("C:/Users/Oliver/AppData/Local/Programs/MiKTeX 2.9/tex/latex/graphics/color.st
y"
Package: color 2016/07/10 v1.1e Standard LaTeX Color (DPC)

("C:/Users/Oliver/AppData/Local/Programs/MiKTeX 2.9/tex/latex/graphics-cfg/colo
r.cfg"
File: color.cfg 2016/01/02 v1.6 sample color configuration
)
Package color Info: Driver file: luatex.def on input line 147.
)
\everycr=\toks22
\minrowclearance=\skip56
)
("C:/Users/Oliver/AppData/Local/Programs/MiKTeX 2.9/tex/latex/tools/dcolumn.sty
"
Package: dcolumn 2014/10/28 v1.06 decimal alignment package (DPC)
)
("C:/Users/Oliver/AppData/Local/Programs/MiKTeX 2.9/tex/latex/sttools/stfloats.
sty"
Package: stfloats 2017/03/27 v3.3 Improve float mechanism and baselineskip setti
ngs
\@dblbotnum=\count196
\c@dblbotnumber=\count197
)
("C:/Users/Oliver/AppData/Local/Programs/MiKTeX 2.9/tex/latex/tools/xspace.sty"
Package: xspace 2014/10/28 v1.13 Space after command names (DPC,MH)
)
("C:/Users/Oliver/AppData/Local/Programs/MiKTeX 2.9/tex/latex/xstring/xstring.s
ty"
("C:/Users/Oliver/AppData/Local/Programs/MiKTeX 2.9/tex/generic/xstring/xstring
.tex"
\integerpart=\count198
\decimalpart=\count199
)
Package: xstring 2019/02/06 v1.83 String manipulations (CT)
)
("C:/Users/Oliver/AppData/Local/Programs/MiKTeX 2.9/tex/latex/footmisc/footmisc
.sty"
Package: footmisc 2011/06/06 v5.5b a miscellany of footnote facilities
\FN@temptoken=\toks23
\footnotemargin=\dimen165
\c@pp@next@reset=\count266
Package footmisc Info: Declaring symbol style bringhurst on input line 855.
Package footmisc Info: Declaring symbol style chicago on input line 863.
Package footmisc Info: Declaring symbol style wiley on input line 872.
Package footmisc Info: Declaring symbol style lamport-robust on input line 883.
Package footmisc Info: Declaring symbol style lamport* on input line 903.
Package footmisc Info: Declaring symbol style lamport*-robust on input line 924.

)
("C:/Users/Oliver/AppData/Local/Programs/MiKTeX 2.9/tex/latex/xcolor/xcolor.sty
"
Package: xcolor 2016/05/11 v2.12 LaTeX color extensions (UK)

("C:/Users/Oliver/AppData/Local/Programs/MiKTeX 2.9/tex/latex/graphics-cfg/colo
r.cfg"
File: color.cfg 2016/01/02 v1.6 sample color configuration
)
Package xcolor Info: Driver file: luatex.def on input line 225.
LaTeX Info: Redefining \color on input line 709.
Package xcolor Info: Model `cmy' substituted by `cmy0' on input line 1348.
Package xcolor Info: Model `hsb' substituted by `rgb' on input line 1352.
Package xcolor Info: Model `RGB' extended on input line 1364.
Package xcolor Info: Model `HTML' substituted by `rgb' on input line 1366.
Package xcolor Info: Model `Hsb' substituted by `hsb' on input line 1367.
Package xcolor Info: Model `tHsb' substituted by `hsb' on input line 1368.
Package xcolor Info: Model `HSB' substituted by `hsb' on input line 1369.
Package xcolor Info: Model `Gray' substituted by `gray' on input line 1370.
Package xcolor Info: Model `wave' substituted by `hsb' on input line 1371.

("C:/Users/Oliver/AppData/Local/Programs/MiKTeX 2.9/tex/latex/graphics/dvipsnam
.def"
File: dvipsnam.def 2016/06/17 v3.0m Driver-dependent file (DPC,SPQR)
)
("C:/Users/Oliver/AppData/Local/Programs/MiKTeX 2.9/tex/latex/xcolor/svgnam.def
"
File: svgnam.def 2016/05/11 v2.12 Predefined colors according to SVG 1.1 (UK)
))
("C:/Users/Oliver/AppData/Local/Programs/MiKTeX 2.9/tex/latex/hyperref/hyperref
.sty"
Package: hyperref 2019/06/12 v6.88h Hypertext links for LaTeX

("C:/Users/Oliver/AppData/Local/Programs/MiKTeX 2.9/tex/generic/oberdiek/hobsub
-hyperref.sty"
Package: hobsub-hyperref 2016/05/16 v1.14 Bundle oberdiek, subset hyperref (HO)

("C:/Users/Oliver/AppData/Local/Programs/MiKTeX 2.9/tex/generic/oberdiek/hobsub
-generic.sty"
Package: hobsub-generic 2016/05/16 v1.14 Bundle oberdiek, subset generic (HO)
Package: hobsub 2016/05/16 v1.14 Construct package bundles (HO)
Package: infwarerr 2016/05/16 v1.4 Providing info/warning/error messages (HO)
Package: ltxcmds 2016/05/16 v1.23 LaTeX kernel commands for general use (HO)
Package: ifluatex 2016/05/16 v1.4 Provides the ifluatex switch (HO)
Package ifluatex Info: LuaTeX detected.
Package: ifvtex 2016/05/16 v1.6 Detect VTeX and its facilities (HO)
Package ifvtex Info: VTeX not detected.
Package: intcalc 2016/05/16 v1.2 Expandable calculations with integers (HO)
Package: ifpdf 2018/09/07 v3.3 Provides the ifpdf switch
Package: etexcmds 2016/05/16 v1.6 Avoid name clashes with e-TeX commands (HO)
Package: kvsetkeys 2016/05/16 v1.17 Key value parser (HO)
Package: kvdefinekeys 2016/05/16 v1.4 Define keys (HO)
Package: luatex-loader 2019/07/25 v0.7 Lua module loader (HO)

(C:/Users/Oliver/AppData/Local/Programs/MiKTeX 2.9/scripts/oberdiek/oberdiek.lua
tex.lua)
Package: pdftexcmds 2019/07/25 v0.30 Utility functions of pdfTeX for LuaTeX (HO)

Package pdftexcmds Info: \pdf@primitive is available.
Package pdftexcmds Info: \pdf@ifprimitive is available.
Package pdftexcmds Info: \pdfdraftmode found.
\pdftexcmds@toks=\toks24
Package: pdfescape 2016/05/16 v1.14 Implements pdfTeX's escape features (HO)
Package: bigintcalc 2016/05/16 v1.4 Expandable calculations on big integers (HO)

Package: bitset 2016/05/16 v1.2 Handle bit-vector datatype (HO)
Package: uniquecounter 2016/05/16 v1.3 Provide unlimited unique counter (HO)
)
Package hobsub Info: Skipping package `hobsub' (already loaded).
Package: letltxmacro 2016/05/16 v1.5 Let assignment for LaTeX macros (HO)
Package: hopatch 2016/05/16 v1.3 Wrapper for package hooks (HO)
Package: xcolor-patch 2016/05/16 xcolor patch
Package: atveryend 2016/05/16 v1.9 Hooks at the very end of document (HO)
Package: atbegshi 2016/06/09 v1.18 At begin shipout hook (HO)
Package: refcount 2016/05/16 v3.5 Data extraction from label references (HO)
Package: hycolor 2016/05/16 v1.8 Color options for hyperref/bookmark (HO)
)
("C:/Users/Oliver/AppData/Local/Programs/MiKTeX 2.9/tex/generic/ifxetex/ifxetex
.sty"
Package: ifxetex 2010/09/12 v0.6 Provides ifxetex conditional
)
("C:/Users/Oliver/AppData/Local/Programs/MiKTeX 2.9/tex/latex/oberdiek/auxhook.
sty"
Package: auxhook 2016/05/16 v1.4 Hooks for auxiliary files (HO)
)
("C:/Users/Oliver/AppData/Local/Programs/MiKTeX 2.9/tex/latex/oberdiek/kvoption
s.sty"
Package: kvoptions 2016/05/16 v3.12 Key value format for package options (HO)
)
\@linkdim=\dimen166
\Hy@linkcounter=\count267
\Hy@pagecounter=\count268

("C:/Users/Oliver/AppData/Local/Programs/MiKTeX 2.9/tex/latex/hyperref/pd1enc.d
ef"
File: pd1enc.def 2019/06/12 v6.88h Hyperref: PDFDocEncoding definition (HO)
)
\Hy@SavedSpaceFactor=\count269

("C:/Users/Oliver/AppData/Local/Programs/MiKTeX 2.9/tex/latex/00miktex/hyperref
.cfg"
File: hyperref.cfg 2002/06/06 v1.2 hyperref configuration of TeXLive
)
Package hyperref Info: Option `colorlinks' set `true' on input line 4424.
Package hyperref Info: Hyper figures OFF on input line 4550.
Package hyperref Info: Link nesting OFF on input line 4555.
Package hyperref Info: Hyper index ON on input line 4558.
Package hyperref Info: Plain pages OFF on input line 4565.
Package hyperref Info: Backreferencing OFF on input line 4570.
Package hyperref Info: Implicit mode ON; LaTeX internals redefined.
Package hyperref Info: Bookmarks ON on input line 4803.
\c@Hy@tempcnt=\count270
 ("C:/Users/Oliver/AppData/Local/Programs/MiKTeX 2.9/tex/latex/url/url.sty"
\Urlmuskip=\muskip17
Package: url 2013/09/16  ver 3.4  Verb mode for urls, etc.
)
LaTeX Info: Redefining \url on input line 5156.
\XeTeXLinkMargin=\dimen167
\Fld@menulength=\count271
\Field@Width=\dimen168
\Fld@charsize=\dimen169
Package hyperref Info: Hyper figures OFF on input line 6411.
Package hyperref Info: Link nesting OFF on input line 6416.
Package hyperref Info: Hyper index ON on input line 6419.
Package hyperref Info: backreferencing OFF on input line 6426.
Package hyperref Info: Link coloring ON on input line 6429.
Package hyperref Info: Link coloring with OCG OFF on input line 6436.
Package hyperref Info: PDF/A mode OFF on input line 6441.
LaTeX Info: Redefining \ref on input line 6481.
LaTeX Info: Redefining \pageref on input line 6485.
\Hy@abspage=\count272
\c@Item=\count273
\c@Hfootnote=\count274
)
Package hyperref Info: Driver (autodetected): hluatex.

("C:/Users/Oliver/AppData/Local/Programs/MiKTeX 2.9/tex/latex/hyperref/hluatex.
def"
File: hluatex.def 2019/06/12 v6.88h Hyperref driver for luaTeX
\Fld@listcount=\count275
\c@bookmark@seq@number=\count276

("C:/Users/Oliver/AppData/Local/Programs/MiKTeX 2.9/tex/latex/oberdiek/rerunfil
echeck.sty"
Package: rerunfilecheck 2016/05/16 v1.8 Rerun checks for auxiliary files (HO)
Package uniquecounter Info: New unique counter `rerunfilecheck' on input line 28
2.
)
\Hy@SectionHShift=\skip57
)
("C:/Users/Oliver/AppData/Local/Programs/MiKTeX 2.9/tex/latex/els-cas-templates
/cas-common.sty"
\l_stm_title_before_dim=\dimen170
\l_stm_title_after_dim=\dimen171
\g_ead_int=\count277
\g_uad_int=\count278
\@eadauthor=\toks25
\g_stm_tnote_int=\count279
\g_stm_fnote_int=\count280
\g_stm_cor_int=\count281
\g_stm_au_int=\count282
\g_stm_aau_int=\count283
\l_autype_int=\count284
\l_stm_augroup_before_dim=\dimen172
\l_stm_augroup_after_dim=\dimen173
\l_stm_augroup_lskip_tl=\dimen174
\l_stm_augroup_rskip_tl=\dimen175
\g_stm_aff_int=\count285
\l_stm_aff_before_dim=\dimen176
\l_stm_aff_after_dim=\dimen177
\l_stm_aff_lskip_dim=\dimen178
\l_stm_aff_rskip_dim=\dimen179
\g_stm_augr_int=\count286
\g_stm_aaugr_int=\count287

("C:/Users/Oliver/AppData/Local/Programs/MiKTeX 2.9/tex/latex/moreverb/moreverb
.sty"
Package: moreverb 2008/06/03 v2.3a `more' verbatim facilities

("C:/Users/Oliver/AppData/Local/Programs/MiKTeX 2.9/tex/latex/tools/verbatim.st
y"
Package: verbatim 2014/10/28 v1.5q LaTeX2e package for verbatim enhancements
\every@verbatim=\toks26
\verbatim@line=\toks27
\verbatim@in@stream=\read2
)
\tab@position=\count288
\tab@size=\count289
\listing@line=\count290
)
\g_stm_abs_box=\box50
\casgrabsbox=\box51
\casauhlbox=\box52
\g_stm_key_box=\box53
\g_stm_jtype_int=\count291
\g_stm_blind_int=\count292
\c@au=\count293
\c@cnote=\count294
\c@tnote=\count295
\c@fnote=\count296
\c@aff=\count297
\g_stm_notes_box=\box54
\g_stm_front_box=\box55
\paraindent=\dimen180
\subparaindent=\dimen181
\FullWidth=\dimen182
\l_tbl_width_dim=\dimen183
\l_tbl_abovecap_skip=\skip58
\l_tbl_belowcap_skip=\skip59
\l_tbl_abovetbl_skip=\skip60
\l_tbl_belowtbl_skip=\skip61
\l_fig_width_dim=\dimen184
\l_fig_abovecap_skip=\skip62
\l_fig_belowcap_skip=\skip63
\l_fig_abovefig_skip=\skip64
\l_fig_belowfig_skip=\skip65

("C:/Users/Oliver/AppData/Local/Programs/MiKTeX 2.9/tex/latex/wrapfig/wrapfig.s
ty"
\wrapoverhang=\dimen185
\WF@size=\dimen186
\c@WF@wrappedlines=\count298
\WF@box=\box56
\WF@everypar=\toks28
Package: wrapfig 2003/01/31  v 3.6
)
\l_wrap_figwidth_dim=\dimen187
\l_wrap_fighspace_dim=\dimen188
\l_wrap_figvspace_dim=\dimen189
\l_wrap_fighcorr_dim=\dimen190
\l_wrap_figvcorr_dim=\dimen191
\l_above_bio_dim=\dimen192
\l_wrap_figlcorr_int=\count299
\l_wrap_figlines_int=\count300
\l_bio_text_box=\box57
\c@ca_biography_ctr=\count301
\l_ca_temp_inta=\count302
\leftMargin=\dimen193
\@enLab=\toks29
\@sep=\skip66
\@@sep=\skip67
)
("C:/Users/Oliver/AppData/Local/Programs/MiKTeX 2.9/tex/latex/base/fontenc.sty"
Package: fontenc 2018/08/11 v2.0j Standard LaTeX package
("C:/Users/Oliver/AppData/Local/Programs/MiKTeX 2.9/tex/latex/base/t1enc.def"
File: t1enc.def 2018/08/11 v2.0j Standard LaTeX file
LaTeX Font Info:    Redeclaring font encoding T1 on input line 48.
)
LaTeX Font Info:    Try loading font information for T1+lmr on input line 105.

("C:/Users/Oliver/AppData/Local/Programs/MiKTeX 2.9/tex/latex/lm/t1lmr.fd"
File: t1lmr.fd 2009/10/30 v1.6 Font defs for Latin Modern
))
("C:/Users/Oliver/AppData/Local/Programs/MiKTeX 2.9/tex/latex/stix/stix.sty"
Package: stix 2018/04/17 v1.1.3-latex STIX fonts support package

("C:/Users/Oliver/AppData/Local/Programs/MiKTeX 2.9/tex/latex/base/textcomp.sty
"
Package: textcomp 2018/08/11 v2.0j Standard LaTeX package
Package textcomp Info: Sub-encoding information:
(textcomp)               5 = only ISO-Adobe without \textcurrency
(textcomp)               4 = 5 + \texteuro
(textcomp)               3 = 4 + \textohm
(textcomp)               2 = 3 + \textestimated + \textcurrency
(textcomp)               1 = TS1 - \textcircled - \t
(textcomp)               0 = TS1 (full)
(textcomp)             Font families with sub-encoding setting implement
(textcomp)             only a restricted character set as indicated.
(textcomp)             Family '?' is the default used for unknown fonts.
(textcomp)             See the documentation for details.
Package textcomp Info: Setting ? sub-encoding to TS1/1 on input line 79.
Package textcomp Info: Changing ? sub-encoding to TS1/0 on input line 80.
 ("C:/Users/Oliver/AppData/Local/Programs/MiKTeX 2.9/tex/latex/base/ts1enc.def"
File: ts1enc.def 2001/06/05 v3.0e (jk/car/fm) Standard LaTeX file
)
LaTeX Info: Redefining \oldstylenums on input line 334.
Package textcomp Info: Setting cmr sub-encoding to TS1/0 on input line 349.
Package textcomp Info: Setting cmss sub-encoding to TS1/0 on input line 350.
Package textcomp Info: Setting cmtt sub-encoding to TS1/0 on input line 351.
Package textcomp Info: Setting cmvtt sub-encoding to TS1/0 on input line 352.
Package textcomp Info: Setting cmbr sub-encoding to TS1/0 on input line 353.
Package textcomp Info: Setting cmtl sub-encoding to TS1/0 on input line 354.
Package textcomp Info: Setting ccr sub-encoding to TS1/0 on input line 355.
Package textcomp Info: Setting ptm sub-encoding to TS1/4 on input line 356.
Package textcomp Info: Setting pcr sub-encoding to TS1/4 on input line 357.
Package textcomp Info: Setting phv sub-encoding to TS1/4 on input line 358.
Package textcomp Info: Setting ppl sub-encoding to TS1/3 on input line 359.
Package textcomp Info: Setting pag sub-encoding to TS1/4 on input line 360.
Package textcomp Info: Setting pbk sub-encoding to TS1/4 on input line 361.
Package textcomp Info: Setting pnc sub-encoding to TS1/4 on input line 362.
Package textcomp Info: Setting pzc sub-encoding to TS1/4 on input line 363.
Package textcomp Info: Setting bch sub-encoding to TS1/4 on input line 364.
Package textcomp Info: Setting put sub-encoding to TS1/5 on input line 365.
Package textcomp Info: Setting uag sub-encoding to TS1/5 on input line 366.
Package textcomp Info: Setting ugq sub-encoding to TS1/5 on input line 367.
Package textcomp Info: Setting ul8 sub-encoding to TS1/4 on input line 368.
Package textcomp Info: Setting ul9 sub-encoding to TS1/4 on input line 369.
Package textcomp Info: Setting augie sub-encoding to TS1/5 on input line 370.
Package textcomp Info: Setting dayrom sub-encoding to TS1/3 on input line 371.
Package textcomp Info: Setting dayroms sub-encoding to TS1/3 on input line 372.
Package textcomp Info: Setting pxr sub-encoding to TS1/0 on input line 373.
Package textcomp Info: Setting pxss sub-encoding to TS1/0 on input line 374.
Package textcomp Info: Setting pxtt sub-encoding to TS1/0 on input line 375.
Package textcomp Info: Setting txr sub-encoding to TS1/0 on input line 376.
Package textcomp Info: Setting txss sub-encoding to TS1/0 on input line 377.
Package textcomp Info: Setting txtt sub-encoding to TS1/0 on input line 378.
Package textcomp Info: Setting lmr sub-encoding to TS1/0 on input line 379.
Package textcomp Info: Setting lmdh sub-encoding to TS1/0 on input line 380.
Package textcomp Info: Setting lmss sub-encoding to TS1/0 on input line 381.
Package textcomp Info: Setting lmssq sub-encoding to TS1/0 on input line 382.
Package textcomp Info: Setting lmvtt sub-encoding to TS1/0 on input line 383.
Package textcomp Info: Setting lmtt sub-encoding to TS1/0 on input line 384.
Package textcomp Info: Setting qhv sub-encoding to TS1/0 on input line 385.
Package textcomp Info: Setting qag sub-encoding to TS1/0 on input line 386.
Package textcomp Info: Setting qbk sub-encoding to TS1/0 on input line 387.
Package textcomp Info: Setting qcr sub-encoding to TS1/0 on input line 388.
Package textcomp Info: Setting qcs sub-encoding to TS1/0 on input line 389.
Package textcomp Info: Setting qpl sub-encoding to TS1/0 on input line 390.
Package textcomp Info: Setting qtm sub-encoding to TS1/0 on input line 391.
Package textcomp Info: Setting qzc sub-encoding to TS1/0 on input line 392.
Package textcomp Info: Setting qhvc sub-encoding to TS1/0 on input line 393.
Package textcomp Info: Setting futs sub-encoding to TS1/4 on input line 394.
Package textcomp Info: Setting futx sub-encoding to TS1/4 on input line 395.
Package textcomp Info: Setting futj sub-encoding to TS1/4 on input line 396.
Package textcomp Info: Setting hlh sub-encoding to TS1/3 on input line 397.
Package textcomp Info: Setting hls sub-encoding to TS1/3 on input line 398.
Package textcomp Info: Setting hlst sub-encoding to TS1/3 on input line 399.
Package textcomp Info: Setting hlct sub-encoding to TS1/5 on input line 400.
Package textcomp Info: Setting hlx sub-encoding to TS1/5 on input line 401.
Package textcomp Info: Setting hlce sub-encoding to TS1/5 on input line 402.
Package textcomp Info: Setting hlcn sub-encoding to TS1/5 on input line 403.
Package textcomp Info: Setting hlcw sub-encoding to TS1/5 on input line 404.
Package textcomp Info: Setting hlcf sub-encoding to TS1/5 on input line 405.
Package textcomp Info: Setting pplx sub-encoding to TS1/3 on input line 406.
Package textcomp Info: Setting pplj sub-encoding to TS1/3 on input line 407.
Package textcomp Info: Setting ptmx sub-encoding to TS1/4 on input line 408.
Package textcomp Info: Setting ptmj sub-encoding to TS1/4 on input line 409.
)
LaTeX Font Info:    Redeclaring symbol font `letters' on input line 76.
LaTeX Font Info:    Encoding `OML' has changed to `LS1' for symbol font
(Font)              `letters' in the math version `normal' on input line 76.
LaTeX Font Info:    Overwriting symbol font `letters' in version `normal'
(Font)                  OML/cmm/m/it --> LS1/stix/m/it on input line 76.
LaTeX Font Info:    Encoding `OML' has changed to `LS1' for symbol font
(Font)              `letters' in the math version `bold' on input line 76.
LaTeX Font Info:    Overwriting symbol font `letters' in version `bold'
(Font)                  OML/cmm/b/it --> LS1/stix/m/it on input line 76.
LaTeX Font Info:    Redeclaring symbol font `operators' on input line 77.
LaTeX Font Info:    Encoding `OT1' has changed to `LS1' for symbol font
(Font)              `operators' in the math version `normal' on input line 77.
LaTeX Font Info:    Overwriting symbol font `operators' in version `normal'
(Font)                  OT1/cmr/m/n --> LS1/stix/m/n on input line 77.
LaTeX Font Info:    Encoding `OT1' has changed to `LS1' for symbol font
(Font)              `operators' in the math version `bold' on input line 77.
LaTeX Font Info:    Overwriting symbol font `operators' in version `bold'
(Font)                  OT1/cmr/bx/n --> LS1/stix/m/n on input line 77.
\symbold-operators=\mathgroup6
LaTeX Font Info:    Redeclaring symbol font `symbols' on input line 79.
LaTeX Font Info:    Encoding `OMS' has changed to `LS1' for symbol font
(Font)              `symbols' in the math version `normal' on input line 79.
LaTeX Font Info:    Overwriting symbol font `symbols' in version `normal'
(Font)                  OMS/cmsy/m/n --> LS1/stixscr/m/n on input line 79.
LaTeX Font Info:    Encoding `OMS' has changed to `LS1' for symbol font
(Font)              `symbols' in the math version `bold' on input line 79.
LaTeX Font Info:    Overwriting symbol font `symbols' in version `bold'
(Font)                  OMS/cmsy/b/n --> LS1/stixscr/m/n on input line 79.
\symsymbols2=\mathgroup7
\symsymbols3=\mathgroup8
\symsymbols4=\mathgroup9
\symintegrals=\mathgroup10
LaTeX Font Info:    Redeclaring symbol font `largesymbols' on input line 84.
LaTeX Font Info:    Encoding `OMX' has changed to `LS2' for symbol font
(Font)              `largesymbols' in the math version `normal' on input line 84
.
LaTeX Font Info:    Overwriting symbol font `largesymbols' in version `normal'
(Font)                  OMX/cmex/m/n --> LS2/stixex/m/n on input line 84.
LaTeX Font Info:    Encoding `OMX' has changed to `LS2' for symbol font
(Font)              `largesymbols' in the math version `bold' on input line 84.
LaTeX Font Info:    Overwriting symbol font `largesymbols' in version `bold'
(Font)                  OMX/cmex/m/n --> LS2/stixex/m/n on input line 84.
\symarrows1=\mathgroup11
\symarrows2=\mathgroup12
\symarrows3=\mathgroup13
LaTeX Font Info:    Overwriting symbol font `letters' in version `bold'
(Font)                  LS1/stix/m/it --> LS1/stix/b/it on input line 88.
LaTeX Font Info:    Overwriting symbol font `operators' in version `bold'
(Font)                  LS1/stix/m/n --> LS1/stix/b/n on input line 89.
LaTeX Font Info:    Overwriting symbol font `symbols' in version `bold'
(Font)                  LS1/stixscr/m/n --> LS1/stixscr/b/n on input line 90.
LaTeX Font Info:    Overwriting symbol font `symbols2' in version `bold'
(Font)                  LS1/stixfrak/m/n --> LS1/stixfrak/b/n on input line 91.
LaTeX Font Info:    Overwriting symbol font `symbols3' in version `bold'
(Font)                  LS1/stixbb/m/n --> LS1/stixbb/b/n on input line 92.
LaTeX Font Info:    Overwriting symbol font `symbols4' in version `bold'
(Font)                  LS1/stixbb/m/it --> LS1/stixbb/b/it on input line 93.
LaTeX Font Info:    Overwriting symbol font `integrals' in version `bold'
(Font)                  LS2/stixcal/m/n --> LS2/stixcal/b/n on input line 94.
LaTeX Font Info:    Overwriting symbol font `largesymbols' in version `bold'
(Font)                  LS2/stixex/m/n --> LS2/stixex/b/n on input line 95.
LaTeX Font Info:    Overwriting symbol font `arrows1' in version `bold'
(Font)                  LS1/stixsf/m/n --> LS1/stixsf/b/n on input line 96.
LaTeX Font Info:    Overwriting symbol font `arrows2' in version `bold'
(Font)                  LS1/stixsf/m/it --> LS1/stixsf/b/it on input line 97.
LaTeX Font Info:    Overwriting symbol font `arrows3' in version `bold'
(Font)                  LS2/stixtt/m/n --> LS2/stixtt/b/n on input line 98.
LaTeX Font Info:    Redeclaring math alphabet \mathit on input line 99.
LaTeX Font Info:    Redeclaring math alphabet \mathfrak on input line 102.
LaTeX Font Info:    Redeclaring math alphabet \mathsf on input line 106.
LaTeX Font Info:    Redeclaring math alphabet \mathtt on input line 108.
LaTeX Font Info:    Redeclaring math alphabet \mathbf on input line 109.
LaTeX Info: Redefining \yen on input line 456.
LaTeX Info: Redefining \circledR on input line 458.
LaTeX Info: Redefining \checkmark on input line 460.
LaTeX Info: Redefining \maltese on input line 461.
LaTeX Info: Redefining \vdots on input line 1518.
LaTeX Info: Redefining \cdots on input line 1522.
LaTeX Info: Redefining \not on input line 2144.
)
("C:/Users/Oliver/AppData/Local/Programs/MiKTeX 2.9/tex/latex/inconsolata/incon
solata.sty"
Package: inconsolata 2019/05/17 v1.12

`inconsolata-zi4' v1.12, 2019/05/17 Text macros for Inconsolata (msharpe)
("C:/Users/Oliver/AppData/Local/Programs/MiKTeX 2.9/tex/latex/xkeyval/xkeyval.s
ty"
Package: xkeyval 2014/12/03 v2.7a package option processing (HA)

("C:/Users/Oliver/AppData/Local/Programs/MiKTeX 2.9/tex/generic/xkeyval/xkeyval
.tex"
("C:/Users/Oliver/AppData/Local/Programs/MiKTeX 2.9/tex/generic/xkeyval/xkvutil
s.tex"
\XKV@toks=\toks30
\XKV@tempa@toks=\toks31
)
\XKV@depth=\count303
File: xkeyval.tex 2014/12/03 v2.7a key=value parser (HA)
))
\zifour@ocount=\count304
)
("C:/Users/Oliver/AppData/Local/Programs/MiKTeX 2.9/tex/latex/geometry/geometry
.sty"
Package: geometry 2018/04/16 v5.8 Page Geometry
\Gm@cnth=\count305
\Gm@cntv=\count306
\c@Gm@tempcnt=\count307
\Gm@bindingoffset=\dimen194
\Gm@wd@mp=\dimen195
\Gm@odd@mp=\dimen196
\Gm@even@mp=\dimen197
\Gm@layoutwidth=\dimen198
\Gm@layoutheight=\dimen199
\Gm@layouthoffset=\dimen256
\Gm@layoutvoffset=\dimen257
\Gm@dimlist=\toks32

("C:/Users/Oliver/AppData/Local/Programs/MiKTeX 2.9/tex/latex/geometry/geometry
.cfg")))
("C:/Users/Oliver/AppData/Local/Programs/MiKTeX 2.9/tex/latex/pdfpages/pdfpages
.sty"
Package: pdfpages 2019/11/21 v0.5o Insert pages of external PDF documents (AM)

("C:/Users/Oliver/AppData/Local/Programs/MiKTeX 2.9/tex/latex/base/ifthen.sty"
Package: ifthen 2014/09/29 v1.1c Standard LaTeX ifthen package (DPC)
) ("C:/Users/Oliver/AppData/Local/Programs/MiKTeX 2.9/tex/latex/tools/calc.sty"
Package: calc 2017/05/25 v4.3 Infix arithmetic (KKT,FJ)
\calc@Acount=\count308
\calc@Bcount=\count309
\calc@Adimen=\dimen258
\calc@Bdimen=\dimen259
\calc@Askip=\skip68
\calc@Bskip=\skip69
LaTeX Info: Redefining \setlength on input line 80.
LaTeX Info: Redefining \addtolength on input line 81.
\calc@Ccount=\count310
\calc@Cskip=\skip70
)
("C:/Users/Oliver/AppData/Local/Programs/MiKTeX 2.9/tex/latex/eso-pic/eso-pic.s
ty"
Package: eso-pic 2018/04/12 v2.0h eso-pic (RN)
)
\AM@pagewidth=\dimen260
\AM@pageheight=\dimen261

("C:/Users/Oliver/AppData/Local/Programs/MiKTeX 2.9/tex/latex/pdfpages/ppluatex
.def"
File: ppluatex.def 2019/11/21 v0.5o Pdfpages driver for LuaTeX (AM)
)
\AM@pagebox=\box58
\AM@global@opts=\toks33
\AM@toc@title=\toks34
\c@AM@survey=\count311
\AM@templatesizebox=\box59
)
("C:/Users/Oliver/AppData/Local/Programs/MiKTeX 2.9/tex/latex/longfbox/longfbox
.sty"
Package: longfbox 2015/12/01, Daan Leijen, Provides long fbox that can break ove
r pages

("C:/Users/Oliver/AppData/Local/Programs/MiKTeX 2.9/tex/latex/options/options.s
ty"
Package: options 2015/03/01, Daan Leijen, Provides convenient path-value (or key
-value) options
\opt@nesting=\count312
\opt@idx=\count313
\opt@choiceord=\count314
)
("C:/Users/Oliver/AppData/Local/Programs/MiKTeX 2.9/tex/latex/longfbox/longbox.
sty"
Package: longbox 2015/12/01, Daan Leijen, Provides basic longbox that can break 
over pages

("C:/Users/Oliver/AppData/Local/Programs/MiKTeX 2.9/tex/latex/mdwtools/footnote
.sty"
Package: footnote 1997/01/28 1.13 Save footnotes around boxes
\fn@notes=\box60
\fn@width=\dimen262
)
\lb@prevdepth=\skip71
\lb@freevspace=\skip72
\lb@headbox=\box61
\lb@savebox=\box62
\lb@mainbox=\box63
\lb@usevbox=\count315
\lb@width=\skip73
\lb@height=\skip74
\lb@skiptop=\skip75
\lb@skipright=\skip76
\lb@skipbottom=\skip77
\lb@skipleft=\skip78
\lb@skipbreaktop=\skip79
\lb@skipbreakbottom=\skip80
\lb@outerwidth=\skip81
\lb@extrasplit=\skip82
\lb@textalign=\count316
\lb@baseline=\count317
\lb@neededvspace=\skip83
\lb@splitheight=\skip84
\lb@insurance=\skip85
\/longbox/@part-height=\skip86
\/longbox/@part-width=\skip87
\/longbox/@part-depth=\skip88
\/longbox/@content-box-height=\skip89
\/longbox/@content-box-width=\skip90
\/longbox/@content-box-depth=\skip91
\/longbox/@breakat-previous=\skip92
\/longbox/@lower=\skip93
\/longbox/split-minimum=\skip94
\/longbox/split-badness=\skip95
\/longbox/raise=\skip96
\/longbox/height=\skip97
\/longbox/width=\skip98
\/longbox/outer-height=\skip99
\/longbox/outer-width=\skip100
\/longbox/skip-top=\skip101
\/longbox/skip-right=\skip102
\/longbox/skip-bottom=\skip103
\/longbox/skip-left=\skip104
\/longbox/skip-break-bottom=\skip105
\/longbox/skip-break-top=\skip106
)
("C:/Users/Oliver/AppData/Local/Programs/MiKTeX 2.9/tex/latex/pict2e/pict2e.sty
"
Package: pict2e 2019/08/20 v0.3c Improved picture commands (HjG,RN,JT)

("C:/Users/Oliver/AppData/Local/Programs/MiKTeX 2.9/tex/latex/pict2e/pict2e.cfg
"
File: pict2e.cfg 2016/02/05 v0.1u pict2e configuration for teTeX/TeXLive
)
Package pict2e Info: Driver file: luatex.def on input line 119.
Package pict2e Info: Driver file for pict2e: p2e-luatex.def on input line 121.

("C:/Users/Oliver/AppData/Local/Programs/MiKTeX 2.9/tex/latex/pict2e/p2e-luatex
.def"
File: p2e-luatex.def 2016/02/05 v0.1u Driver-dependant file (RN,HjG,JT)
)
\pIIe@GRAPH=\toks35
\@arclen=\dimen263
\@arcrad=\dimen264
\@tempdimd=\dimen265
)
("C:/Users/Oliver/AppData/Local/Programs/MiKTeX 2.9/tex/latex/ellipse/ellipse.s
ty"
Package: ellipse 2004/11/05 v1.0 .dtx ellipse file
)
\fbox@oct=\count318
\fbox@quad=\count319
\fbox@diaq=\count320
\fbox@sign=\count321
\fbox@anglestart=\skip107
\fbox@angleend=\skip108
\fbox@dash=\skip109
\fbox@dashskip=\skip110
\fbox@anglecur=\skip111
\fbox@dashangle=\skip112
\fbox@dashskipangle=\skip113
\fbox@delta=\skip114
\fbox@from=\skip115
\fbox@to=\skip116
\/fbox/padding-top=\skip117
\/fbox/padding-right=\skip118
\/fbox/padding-bottom=\skip119
\/fbox/padding-left=\skip120
\/fbox/padding-break-top=\skip121
\/fbox/padding-break-bottom=\skip122
\/fbox/margin-top=\skip123
\/fbox/margin-right=\skip124
\/fbox/margin-bottom=\skip125
\/fbox/margin-left=\skip126
\/fbox/margin-break-top=\skip127
\/fbox/margin-break-bottom=\skip128
\/fbox/border-top-width=\skip129
\/fbox/border-right-width=\skip130
\/fbox/border-bottom-width=\skip131
\/fbox/border-left-width=\skip132
\/fbox/border-break-top-width=\skip133
\/fbox/border-break-bottom-width=\skip134
\/fbox/@lower=\skip135
\/fbox/@padding-box-height=\skip136
\/fbox/@padding-box-depth=\skip137
\/fbox/@padding-box-width=\skip138
\/fbox/@border-box-width=\skip139
\/fbox/@border-box-height=\skip140
\/fbox/@border-box-depth=\skip141
\/fbox/@border-top-left-radius-x=\skip142
\/fbox/@border-top-right-radius-x=\skip143
\/fbox/@border-bottom-left-radius-x=\skip144
\/fbox/@border-bottom-right-radius-x=\skip145
\/fbox/@border-top-left-radius-y=\skip146
\/fbox/@border-top-right-radius-y=\skip147
\/fbox/@border-bottom-left-radius-y=\skip148
\/fbox/@border-bottom-right-radius-y=\skip149
\/fbox/@border-top-left-ix=\skip150
\/fbox/@border-top-left-iy=\skip151
\/fbox/@border-top-right-ix=\skip152
\/fbox/@border-top-right-iy=\skip153
\/fbox/@border-bottom-left-ix=\skip154
\/fbox/@border-bottom-left-iy=\skip155
\/fbox/@border-bottom-right-ix=\skip156
\/fbox/@border-bottom-right-iy=\skip157
\/fbox/@border-top-left-phi=\skip158
\/fbox/@border-top-right-phi=\skip159
\/fbox/@border-bottom-left-phi=\skip160
\/fbox/@border-bottom-right-phi=\skip161
)
("C:/Users/Oliver/AppData/Local/Programs/MiKTeX 2.9/tex/latex/base/latexsym.sty
"
Package: latexsym 1998/08/17 v2.2e Standard LaTeX package (lasy symbols)
\symlasy=\mathgroup14
LaTeX Font Info:    Overwriting symbol font `lasy' in version `bold'
(Font)                  U/lasy/m/n --> U/lasy/b/n on input line 52.
)
("C:/Users/Oliver/AppData/Local/Programs/MiKTeX 2.9/tex/latex/amscls/amsthm.sty
"
Package: amsthm 2017/10/31 v2.20.4
\thm@style=\toks36
\thm@bodyfont=\toks37
\thm@headfont=\toks38
\thm@notefont=\toks39
\thm@headpunct=\toks40
\thm@preskip=\skip162
\thm@postskip=\skip163
\thm@headsep=\skip164
\dth@everypar=\toks41
LaTeX Info: Redefining \qed on input line 274.
)
("C:/Users/Oliver/AppData/Local/Programs/MiKTeX 2.9/tex/latex/pgf/frontendlayer
/tikz.sty"
("C:/Users/Oliver/AppData/Local/Programs/MiKTeX 2.9/tex/latex/pgf/basiclayer/pg
f.sty"
("C:/Users/Oliver/AppData/Local/Programs/MiKTeX 2.9/tex/latex/pgf/utilities/pgf
rcs.sty"
("C:/Users/Oliver/AppData/Local/Programs/MiKTeX 2.9/tex/generic/pgf/utilities/p
gfutil-common.tex"
\pgfutil@everybye=\toks42
\pgfutil@tempdima=\dimen266
\pgfutil@tempdimb=\dimen267

("C:/Users/Oliver/AppData/Local/Programs/MiKTeX 2.9/tex/generic/pgf/utilities/p
gfutil-common-lists.tex"))
("C:/Users/Oliver/AppData/Local/Programs/MiKTeX 2.9/tex/generic/pgf/utilities/p
gfutil-latex.def"
\pgfutil@abb=\box64

("C:/Users/Oliver/AppData/Local/Programs/MiKTeX 2.9/tex/latex/ms/everyshi.sty"
Package: everyshi 2001/05/15 v3.00 EveryShipout Package (MS)
))
("C:/Users/Oliver/AppData/Local/Programs/MiKTeX 2.9/tex/generic/pgf/utilities/p
gfrcs.code.tex"
("C:/Users/Oliver/AppData/Local/Programs/MiKTeX 2.9/tex/generic/pgf/pgf.revisio
n.tex")
Package: pgfrcs 2019/08/03 v3.1.4b (3.1.4b)
))
Package: pgf 2019/08/03 v3.1.4b (3.1.4b)

("C:/Users/Oliver/AppData/Local/Programs/MiKTeX 2.9/tex/latex/pgf/basiclayer/pg
fcore.sty"
("C:/Users/Oliver/AppData/Local/Programs/MiKTeX 2.9/tex/latex/pgf/systemlayer/p
gfsys.sty"
("C:/Users/Oliver/AppData/Local/Programs/MiKTeX 2.9/tex/generic/pgf/systemlayer
/pgfsys.code.tex"
Package: pgfsys 2019/08/03 v3.1.4b (3.1.4b)

("C:/Users/Oliver/AppData/Local/Programs/MiKTeX 2.9/tex/generic/pgf/utilities/p
gfkeys.code.tex"
\pgfkeys@pathtoks=\toks43
\pgfkeys@temptoks=\toks44

("C:/Users/Oliver/AppData/Local/Programs/MiKTeX 2.9/tex/generic/pgf/utilities/p
gfkeysfiltered.code.tex"
\pgfkeys@tmptoks=\toks45
))
\pgf@x=\dimen268
\pgf@y=\dimen269
\pgf@xa=\dimen270
\pgf@ya=\dimen271
\pgf@xb=\dimen272
\pgf@yb=\dimen273
\pgf@xc=\dimen274
\pgf@yc=\dimen275
\pgf@xd=\dimen276
\pgf@yd=\dimen277
\w@pgf@writea=\write3
\r@pgf@reada=\read3
\c@pgf@counta=\count322
\c@pgf@countb=\count323
\c@pgf@countc=\count324
\c@pgf@countd=\count325
\t@pgf@toka=\toks46
\t@pgf@tokb=\toks47
\t@pgf@tokc=\toks48
\pgf@sys@id@count=\count326

("C:/Users/Oliver/AppData/Local/Programs/MiKTeX 2.9/tex/generic/pgf/systemlayer
/pgf.cfg"
File: pgf.cfg 2019/08/03 v3.1.4b (3.1.4b)
)
Driver file for pgf: pgfsys-luatex.def

("C:/Users/Oliver/AppData/Local/Programs/MiKTeX 2.9/tex/generic/pgf/systemlayer
/pgfsys-luatex.def"
File: pgfsys-luatex.def 2019/08/03 v3.1.4b (3.1.4b)

("C:/Users/Oliver/AppData/Local/Programs/MiKTeX 2.9/tex/generic/pgf/systemlayer
/pgfsys-common-pdf.def"
File: pgfsys-common-pdf.def 2019/08/03 v3.1.4b (3.1.4b)
)))
("C:/Users/Oliver/AppData/Local/Programs/MiKTeX 2.9/tex/generic/pgf/systemlayer
/pgfsyssoftpath.code.tex"
File: pgfsyssoftpath.code.tex 2019/08/03 v3.1.4b (3.1.4b)
\pgfsyssoftpath@smallbuffer@items=\count327
\pgfsyssoftpath@bigbuffer@items=\count328
)
("C:/Users/Oliver/AppData/Local/Programs/MiKTeX 2.9/tex/generic/pgf/systemlayer
/pgfsysprotocol.code.tex"
File: pgfsysprotocol.code.tex 2019/08/03 v3.1.4b (3.1.4b)
))
("C:/Users/Oliver/AppData/Local/Programs/MiKTeX 2.9/tex/generic/pgf/basiclayer/
pgfcore.code.tex"
Package: pgfcore 2019/08/03 v3.1.4b (3.1.4b)

("C:/Users/Oliver/AppData/Local/Programs/MiKTeX 2.9/tex/generic/pgf/math/pgfmat
h.code.tex"
("C:/Users/Oliver/AppData/Local/Programs/MiKTeX 2.9/tex/generic/pgf/math/pgfmat
hcalc.code.tex"
("C:/Users/Oliver/AppData/Local/Programs/MiKTeX 2.9/tex/generic/pgf/math/pgfmat
hutil.code.tex")
("C:/Users/Oliver/AppData/Local/Programs/MiKTeX 2.9/tex/generic/pgf/math/pgfmat
hparser.code.tex"
\pgfmath@dimen=\dimen278
\pgfmath@count=\count329
\pgfmath@box=\box65
\pgfmath@toks=\toks49
\pgfmath@stack@operand=\toks50
\pgfmath@stack@operation=\toks51
)
("C:/Users/Oliver/AppData/Local/Programs/MiKTeX 2.9/tex/generic/pgf/math/pgfmat
hfunctions.code.tex"
("C:/Users/Oliver/AppData/Local/Programs/MiKTeX 2.9/tex/generic/pgf/math/pgfmat
hfunctions.basic.code.tex")
("C:/Users/Oliver/AppData/Local/Programs/MiKTeX 2.9/tex/generic/pgf/math/pgfmat
hfunctions.trigonometric.code.tex")
("C:/Users/Oliver/AppData/Local/Programs/MiKTeX 2.9/tex/generic/pgf/math/pgfmat
hfunctions.random.code.tex")
("C:/Users/Oliver/AppData/Local/Programs/MiKTeX 2.9/tex/generic/pgf/math/pgfmat
hfunctions.comparison.code.tex")
("C:/Users/Oliver/AppData/Local/Programs/MiKTeX 2.9/tex/generic/pgf/math/pgfmat
hfunctions.base.code.tex")
("C:/Users/Oliver/AppData/Local/Programs/MiKTeX 2.9/tex/generic/pgf/math/pgfmat
hfunctions.round.code.tex")
("C:/Users/Oliver/AppData/Local/Programs/MiKTeX 2.9/tex/generic/pgf/math/pgfmat
hfunctions.misc.code.tex")
("C:/Users/Oliver/AppData/Local/Programs/MiKTeX 2.9/tex/generic/pgf/math/pgfmat
hfunctions.integerarithmetics.code.tex")))
("C:/Users/Oliver/AppData/Local/Programs/MiKTeX 2.9/tex/generic/pgf/math/pgfmat
hfloat.code.tex"
\c@pgfmathroundto@lastzeros=\count330
))
("C:/Users/Oliver/AppData/Local/Programs/MiKTeX 2.9/tex/generic/pgf/math/pgfint
.code.tex")
("C:/Users/Oliver/AppData/Local/Programs/MiKTeX 2.9/tex/generic/pgf/basiclayer/
pgfcorepoints.code.tex"
File: pgfcorepoints.code.tex 2019/08/03 v3.1.4b (3.1.4b)
\pgf@picminx=\dimen279
\pgf@picmaxx=\dimen280
\pgf@picminy=\dimen281
\pgf@picmaxy=\dimen282
\pgf@pathminx=\dimen283
\pgf@pathmaxx=\dimen284
\pgf@pathminy=\dimen285
\pgf@pathmaxy=\dimen286
\pgf@xx=\dimen287
\pgf@xy=\dimen288
\pgf@yx=\dimen289
\pgf@yy=\dimen290
\pgf@zx=\dimen291
\pgf@zy=\dimen292
)
("C:/Users/Oliver/AppData/Local/Programs/MiKTeX 2.9/tex/generic/pgf/basiclayer/
pgfcorepathconstruct.code.tex"
File: pgfcorepathconstruct.code.tex 2019/08/03 v3.1.4b (3.1.4b)
\pgf@path@lastx=\dimen293
\pgf@path@lasty=\dimen294
)
("C:/Users/Oliver/AppData/Local/Programs/MiKTeX 2.9/tex/generic/pgf/basiclayer/
pgfcorepathusage.code.tex"
File: pgfcorepathusage.code.tex 2019/08/03 v3.1.4b (3.1.4b)
\pgf@shorten@end@additional=\dimen295
\pgf@shorten@start@additional=\dimen296
)
("C:/Users/Oliver/AppData/Local/Programs/MiKTeX 2.9/tex/generic/pgf/basiclayer/
pgfcorescopes.code.tex"
File: pgfcorescopes.code.tex 2019/08/03 v3.1.4b (3.1.4b)
\pgfpic=\box66
\pgf@hbox=\box67
\pgf@layerbox@main=\box68
\pgf@picture@serial@count=\count331
)
("C:/Users/Oliver/AppData/Local/Programs/MiKTeX 2.9/tex/generic/pgf/basiclayer/
pgfcoregraphicstate.code.tex"
File: pgfcoregraphicstate.code.tex 2019/08/03 v3.1.4b (3.1.4b)
\pgflinewidth=\dimen297
)
("C:/Users/Oliver/AppData/Local/Programs/MiKTeX 2.9/tex/generic/pgf/basiclayer/
pgfcoretransformations.code.tex"
File: pgfcoretransformations.code.tex 2019/08/03 v3.1.4b (3.1.4b)
\pgf@pt@x=\dimen298
\pgf@pt@y=\dimen299
\pgf@pt@temp=\dimen300
)
("C:/Users/Oliver/AppData/Local/Programs/MiKTeX 2.9/tex/generic/pgf/basiclayer/
pgfcorequick.code.tex"
File: pgfcorequick.code.tex 2019/08/03 v3.1.4b (3.1.4b)
)
("C:/Users/Oliver/AppData/Local/Programs/MiKTeX 2.9/tex/generic/pgf/basiclayer/
pgfcoreobjects.code.tex"
File: pgfcoreobjects.code.tex 2019/08/03 v3.1.4b (3.1.4b)
)
("C:/Users/Oliver/AppData/Local/Programs/MiKTeX 2.9/tex/generic/pgf/basiclayer/
pgfcorepathprocessing.code.tex"
File: pgfcorepathprocessing.code.tex 2019/08/03 v3.1.4b (3.1.4b)
)
("C:/Users/Oliver/AppData/Local/Programs/MiKTeX 2.9/tex/generic/pgf/basiclayer/
pgfcorearrows.code.tex"
File: pgfcorearrows.code.tex 2019/08/03 v3.1.4b (3.1.4b)
\pgfarrowsep=\dimen301
)
("C:/Users/Oliver/AppData/Local/Programs/MiKTeX 2.9/tex/generic/pgf/basiclayer/
pgfcoreshade.code.tex"
File: pgfcoreshade.code.tex 2019/08/03 v3.1.4b (3.1.4b)
\pgf@max=\dimen302
\pgf@sys@shading@range@num=\count332
\pgf@shadingcount=\count333
)
("C:/Users/Oliver/AppData/Local/Programs/MiKTeX 2.9/tex/generic/pgf/basiclayer/
pgfcoreimage.code.tex"
File: pgfcoreimage.code.tex 2019/08/03 v3.1.4b (3.1.4b)

("C:/Users/Oliver/AppData/Local/Programs/MiKTeX 2.9/tex/generic/pgf/basiclayer/
pgfcoreexternal.code.tex"
File: pgfcoreexternal.code.tex 2019/08/03 v3.1.4b (3.1.4b)
\pgfexternal@startupbox=\box69
))
("C:/Users/Oliver/AppData/Local/Programs/MiKTeX 2.9/tex/generic/pgf/basiclayer/
pgfcorelayers.code.tex"
File: pgfcorelayers.code.tex 2019/08/03 v3.1.4b (3.1.4b)
)
("C:/Users/Oliver/AppData/Local/Programs/MiKTeX 2.9/tex/generic/pgf/basiclayer/
pgfcoretransparency.code.tex"
File: pgfcoretransparency.code.tex 2019/08/03 v3.1.4b (3.1.4b)
)
("C:/Users/Oliver/AppData/Local/Programs/MiKTeX 2.9/tex/generic/pgf/basiclayer/
pgfcorepatterns.code.tex"
File: pgfcorepatterns.code.tex 2019/08/03 v3.1.4b (3.1.4b)
)
("C:/Users/Oliver/AppData/Local/Programs/MiKTeX 2.9/tex/generic/pgf/basiclayer/
pgfcorerdf.code.tex"
File: pgfcorerdf.code.tex 2019/08/03 v3.1.4b (3.1.4b)
)))
("C:/Users/Oliver/AppData/Local/Programs/MiKTeX 2.9/tex/generic/pgf/modules/pgf
moduleshapes.code.tex"
File: pgfmoduleshapes.code.tex 2019/08/03 v3.1.4b (3.1.4b)
\pgfnodeparttextbox=\box70
)
("C:/Users/Oliver/AppData/Local/Programs/MiKTeX 2.9/tex/generic/pgf/modules/pgf
moduleplot.code.tex"
File: pgfmoduleplot.code.tex 2019/08/03 v3.1.4b (3.1.4b)
)
("C:/Users/Oliver/AppData/Local/Programs/MiKTeX 2.9/tex/latex/pgf/compatibility
/pgfcomp-version-0-65.sty"
Package: pgfcomp-version-0-65 2019/08/03 v3.1.4b (3.1.4b)
\pgf@nodesepstart=\dimen303
\pgf@nodesepend=\dimen304
)
("C:/Users/Oliver/AppData/Local/Programs/MiKTeX 2.9/tex/latex/pgf/compatibility
/pgfcomp-version-1-18.sty"
Package: pgfcomp-version-1-18 2019/08/03 v3.1.4b (3.1.4b)
))
("C:/Users/Oliver/AppData/Local/Programs/MiKTeX 2.9/tex/latex/pgf/utilities/pgf
for.sty"
("C:/Users/Oliver/AppData/Local/Programs/MiKTeX 2.9/tex/latex/pgf/utilities/pgf
keys.sty"
("C:/Users/Oliver/AppData/Local/Programs/MiKTeX 2.9/tex/generic/pgf/utilities/p
gfkeys.code.tex"))
("C:/Users/Oliver/AppData/Local/Programs/MiKTeX 2.9/tex/latex/pgf/math/pgfmath.
sty"
("C:/Users/Oliver/AppData/Local/Programs/MiKTeX 2.9/tex/generic/pgf/math/pgfmat
h.code.tex"))
("C:/Users/Oliver/AppData/Local/Programs/MiKTeX 2.9/tex/generic/pgf/utilities/p
gffor.code.tex"
Package: pgffor 2019/08/03 v3.1.4b (3.1.4b)

("C:/Users/Oliver/AppData/Local/Programs/MiKTeX 2.9/tex/generic/pgf/math/pgfmat
h.code.tex")
\pgffor@iter=\dimen305
\pgffor@skip=\dimen306
\pgffor@stack=\toks52
\pgffor@toks=\toks53
))
("C:/Users/Oliver/AppData/Local/Programs/MiKTeX 2.9/tex/generic/pgf/frontendlay
er/tikz/tikz.code.tex"
Package: tikz 2019/08/03 v3.1.4b (3.1.4b)

("C:/Users/Oliver/AppData/Local/Programs/MiKTeX 2.9/tex/generic/pgf/libraries/p
gflibraryplothandlers.code.tex"
File: pgflibraryplothandlers.code.tex 2019/08/03 v3.1.4b (3.1.4b)
\pgf@plot@mark@count=\count334
\pgfplotmarksize=\dimen307
)
\tikz@lastx=\dimen308
\tikz@lasty=\dimen309
\tikz@lastxsaved=\dimen310
\tikz@lastysaved=\dimen311
\tikz@lastmovetox=\dimen312
\tikz@lastmovetoy=\dimen313
\tikzleveldistance=\dimen314
\tikzsiblingdistance=\dimen315
\tikz@figbox=\box71
\tikz@figbox@bg=\box72
\tikz@tempbox=\box73
\tikz@tempbox@bg=\box74
\tikztreelevel=\count335
\tikznumberofchildren=\count336
\tikznumberofcurrentchild=\count337
\tikz@fig@count=\count338

("C:/Users/Oliver/AppData/Local/Programs/MiKTeX 2.9/tex/generic/pgf/modules/pgf
modulematrix.code.tex"
File: pgfmodulematrix.code.tex 2019/08/03 v3.1.4b (3.1.4b)
\pgfmatrixcurrentrow=\count339
\pgfmatrixcurrentcolumn=\count340
\pgf@matrix@numberofcolumns=\count341
)
\tikz@expandcount=\count342

("C:/Users/Oliver/AppData/Local/Programs/MiKTeX 2.9/tex/generic/pgf/frontendlay
er/tikz/libraries/tikzlibrarytopaths.code.tex"
File: tikzlibrarytopaths.code.tex 2019/08/03 v3.1.4b (3.1.4b)
)))
("C:/Users/Oliver/AppData/Local/Programs/MiKTeX 2.9/tex/latex/braket/braket.sty
")
("C:/Users/Oliver/AppData/Local/Programs/MiKTeX 2.9/tex/latex/mathtools/mathtoo
ls.sty"
Package: mathtools 2019/07/31 v1.22 mathematical typesetting tools

("C:/Users/Oliver/AppData/Local/Programs/MiKTeX 2.9/tex/latex/mathtools/mhsetup
.sty"
Package: mhsetup 2017/03/31 v1.3 programming setup (MH)
)
LaTeX Info: Thecontrolsequence`\('isalreadyrobust on input line 129.
LaTeX Info: Thecontrolsequence`\)'isalreadyrobust on input line 129.
LaTeX Info: Thecontrolsequence`\['isalreadyrobust on input line 129.
LaTeX Info: Thecontrolsequence`\]'isalreadyrobust on input line 129.
\g_MT_multlinerow_int=\count343
\l_MT_multwidth_dim=\dimen316
\origjot=\skip165
\l_MT_shortvdotswithinadjustabove_dim=\dimen317
\l_MT_shortvdotswithinadjustbelow_dim=\dimen318
\l_MT_above_intertext_sep=\dimen319
\l_MT_below_intertext_sep=\dimen320
\l_MT_above_shortintertext_sep=\dimen321
\l_MT_below_shortintertext_sep=\dimen322
)
("C:/Users/Oliver/AppData/Local/Programs/MiKTeX 2.9/tex/latex/tensor/tensor.sty
"
Package: tensor 2004/12/20 v2.1 tensor indices package (PGR)
\tnsr@Sps=\toks54
\tnsr@Sbs=\toks55
\tnsr@Spe=\toks56
\tnsr@Sbe=\toks57
\ncld@Mno=\toks58
)
("C:/Users/Oliver/AppData/Local/Programs/MiKTeX 2.9/tex/latex/tikz-feynman/tikz
-feynman.sty"
Package: tikz-feynman 2016/02/05v1.1.0Feynman diagrams with TikZ

("C:/Users/Oliver/AppData/Local/Programs/MiKTeX 2.9/tex/latex/pgfopts/pgfopts.s
ty"
Package: pgfopts 2014/07/10 v2.1a LaTeX package options with pgfkeys
\pgfopts@list@add@a@toks=\toks59
\pgfopts@list@add@b@toks=\toks60
)
("C:/Users/Oliver/AppData/Local/Programs/MiKTeX 2.9/tex/latex/tikz-feynman/tikz
libraryfeynman.code.tex"
("C:/Users/Oliver/AppData/Local/Programs/MiKTeX 2.9/tex/generic/pgf/libraries/p
gflibraryarrows.meta.code.tex"
File: pgflibraryarrows.meta.code.tex 2019/08/03 v3.1.4b (3.1.4b)
\pgfarrowinset=\dimen323
\pgfarrowlength=\dimen324
\pgfarrowwidth=\dimen325
\pgfarrowlinewidth=\dimen326
)
("C:/Users/Oliver/AppData/Local/Programs/MiKTeX 2.9/tex/generic/pgf/frontendlay
er/tikz/libraries/tikzlibrarycalc.code.tex"
File: tikzlibrarycalc.code.tex 2019/08/03 v3.1.4b (3.1.4b)
)
("C:/Users/Oliver/AppData/Local/Programs/MiKTeX 2.9/tex/generic/pgf/frontendlay
er/tikz/libraries/tikzlibrarydecorations.code.tex"
("C:/Users/Oliver/AppData/Local/Programs/MiKTeX 2.9/tex/generic/pgf/modules/pgf
moduledecorations.code.tex"
\pgfdecoratedcompleteddistance=\dimen327
\pgfdecoratedremainingdistance=\dimen328
\pgfdecoratedinputsegmentcompleteddistance=\dimen329
\pgfdecoratedinputsegmentremainingdistance=\dimen330
\pgf@decorate@distancetomove=\dimen331
\pgf@decorate@repeatstate=\count344
\pgfdecorationsegmentamplitude=\dimen332
\pgfdecorationsegmentlength=\dimen333
)
\tikz@lib@dec@box=\box75
)
("C:/Users/Oliver/AppData/Local/Programs/MiKTeX 2.9/tex/generic/pgf/frontendlay
er/tikz/libraries/tikzlibrarydecorations.markings.code.tex"
("C:/Users/Oliver/AppData/Local/Programs/MiKTeX 2.9/tex/generic/pgf/libraries/d
ecorations/pgflibrarydecorations.markings.code.tex"))
("C:/Users/Oliver/AppData/Local/Programs/MiKTeX 2.9/tex/generic/pgf/frontendlay
er/tikz/libraries/tikzlibrarydecorations.pathmorphing.code.tex"
("C:/Users/Oliver/AppData/Local/Programs/MiKTeX 2.9/tex/generic/pgf/libraries/d
ecorations/pgflibrarydecorations.pathmorphing.code.tex"))
("C:/Users/Oliver/AppData/Local/Programs/MiKTeX 2.9/tex/generic/pgf/frontendlay
er/tikz/libraries/tikzlibrarydecorations.pathreplacing.code.tex"
("C:/Users/Oliver/AppData/Local/Programs/MiKTeX 2.9/tex/generic/pgf/libraries/d
ecorations/pgflibrarydecorations.pathreplacing.code.tex"))
("C:/Users/Oliver/AppData/Local/Programs/MiKTeX 2.9/tex/generic/pgf/frontendlay
er/tikz/libraries/graphs/tikzlibrarygraphs.code.tex"
File: tikzlibrarygraphs.code.tex 2019/08/03 v3.1.4b (3.1.4b)
\tikz@lib@auto@number=\count345
\tikz@qnode@count=\count346
)
("C:/Users/Oliver/AppData/Local/Programs/MiKTeX 2.9/tex/generic/pgf/frontendlay
er/tikz/libraries/tikzlibrarypatterns.code.tex"
File: tikzlibrarypatterns.code.tex 2019/08/03 v3.1.4b (3.1.4b)

("C:/Users/Oliver/AppData/Local/Programs/MiKTeX 2.9/tex/generic/pgf/libraries/p
gflibrarypatterns.code.tex"
File: pgflibrarypatterns.code.tex 2019/08/03 v3.1.4b (3.1.4b)
))
("C:/Users/Oliver/AppData/Local/Programs/MiKTeX 2.9/tex/generic/pgf/frontendlay
er/tikz/libraries/tikzlibrarypositioning.code.tex"
File: tikzlibrarypositioning.code.tex 2019/08/03 v3.1.4b (3.1.4b)
)
("C:/Users/Oliver/AppData/Local/Programs/MiKTeX 2.9/tex/generic/pgf/frontendlay
er/tikz/libraries/tikzlibraryshapes.geometric.code.tex"
File: tikzlibraryshapes.geometric.code.tex 2019/08/03 v3.1.4b (3.1.4b)

("C:/Users/Oliver/AppData/Local/Programs/MiKTeX 2.9/tex/generic/pgf/libraries/s
hapes/pgflibraryshapes.geometric.code.tex"
File: pgflibraryshapes.geometric.code.tex 2019/08/03 v3.1.4b (3.1.4b)
))
("C:/Users/Oliver/AppData/Local/Programs/MiKTeX 2.9/tex/generic/pgf/graphdrawin
g/tex/tikzlibrarygraphdrawing.code.tex"
File: tikzlibrarygraphdrawing.code.tex 2019/08/03 v3.1.4b (3.1.4b)

("C:/Users/Oliver/AppData/Local/Programs/MiKTeX 2.9/tex/generic/pgf/graphdrawin
g/tex/pgflibrarygraphdrawing.code.tex"
File: pgflibrarygraphdrawing.code.tex 2019/08/03 v3.1.4b (3.1.4b)
\pgf@gd@parameter@stack@height=\count347
\pgf@gd@node@box=\box76
\pgf@gd@edge@box=\box77
\pgf@gd@prekind@box=\box78
\pgf@gd@postkind@box=\box79
))
("C:/Users/Oliver/AppData/Local/Programs/MiKTeX 2.9/tex/latex/tikz-feynman/tikz
feynman.keys.code.tex")))
("C:/Users/Oliver/AppData/Local/Programs/MiKTeX 2.9/tex/latex/was/gensymb.sty"
Package: gensymb 2003/07/02 v1.0 (WaS)
) ("C:/Users/Oliver/AppData/Local/Programs/MiKTeX 2.9/tex/latex/breqn/breqn.sty
"
Package: breqn 2018/09/14 v0.98f Breaking equations

("C:/Users/Oliver/AppData/Local/Programs/MiKTeX 2.9/tex/latex/breqn/flexisym.st
y"
Package: flexisym 2017/01/27 v0.98e Make math characters macros
LaTeX Info: Redefining \textprime on input line 300.
LaTeX Info: Redefining \not on input line 358.

("C:/Users/Oliver/AppData/Local/Programs/MiKTeX 2.9/tex/latex/breqn/cmbase.sym"
File: cmbase.sym 2007/12/19 v0.92
LaTeX Info: Redefining \hbar on input line 325.
LaTeX Info: Redefining \surd on input line 327.
LaTeX Info: Redefining \angle on input line 335.
LaTeX Info: Redefining \neq on input line 336.
LaTeX Info: Redefining \mapsto on input line 337.
LaTeX Info: Redefining \cong on input line 338.
LaTeX Info: Redefining \notin on input line 341.
LaTeX Info: Redefining \rightleftharpoons on input line 342.
LaTeX Info: Redefining \doteq on input line 343.
LaTeX Info: Redefining \hookrightarrow on input line 344.
LaTeX Info: Redefining \hookleftarrow on input line 345.
LaTeX Info: Redefining \bowtie on input line 346.
LaTeX Info: Redefining \models on input line 347.
LaTeX Info: Redefining \Longrightarrow on input line 348.
LaTeX Info: Redefining \longrightarrow on input line 349.
LaTeX Info: Redefining \Longleftarrow on input line 350.
LaTeX Info: Redefining \longleftarrow on input line 351.
LaTeX Info: Redefining \longmapsto on input line 352.
LaTeX Info: Redefining \longleftrightarrow on input line 353.
LaTeX Info: Redefining \Longleftrightarrow on input line 354.
LaTeX Info: Redefining \cdots on input line 358.
LaTeX Info: Redefining \vdots on input line 361.
LaTeX Info: Redefining \ddots on input line 366.
)
("C:/Users/Oliver/AppData/Local/Programs/MiKTeX 2.9/tex/latex/breqn/mathstyle.s
ty"
Package: mathstyle 2017/01/27 0.98e Tracking mathstyle implicitly
LaTeX Info: Redefining \genfrac on input line 145.
))
\inf@bad=\count348
\maxint=\count349
\listwidth=\dimen334
\eqnumsep=\dimen335
\eqmargin=\dimen336
\eqlinespacing=\skip166
\eqlineskip=\skip167
\eqlineskiplimit=\dimen337
\eqbinoffset=\muskip18
\eqdelimoffset=\muskip19
\eqindentstep=\dimen338
\eqstyle=\toks61
\eqbreakdepth=\count350
\eqinterlinepenalty=\count351
\intereqpenalty=\count352
\intereqskip=\skip168
\prerelpenalty=\count353
\prebinoppenalty=\count354
\Dmedmuskip=\muskip20
\Dthickmuskip=\muskip21
\eqleftskip=\skip169
\eqrightskip=\skip170
\eq@vspan=\skip171
\eq@binoffset=\muskip22
\EQ@box=\box80
\EQ@copy=\box81
\EQ@numbox=\box82
\eq@wdNum=\dimen339
\GRP@numbox=\box83
\grp@wdNum=\dimen340
\eq@lines=\count355
\eq@curline=\count356
\eq@badness=\count357
\EQ@vims=\count358
\eq@dp=\dimen341
\eq@wdL=\dimen342
\eq@wdT=\dimen343
\eq@wdMin=\dimen344
\grp@wdL=\dimen345
\grp@wdR=\dimen346
\grp@wdT=\dimen347
\eq@wdRmax=\dimen348
\eq@firstht=\dimen349
\eq@wdCond=\dimen350
\eq@indentstep=\dimen351
\eq@linewidth=\dimen352
\grp@linewidth=\dimen353
\eq@hshift=\dimen354
\eq@given@sidespace=\dimen355
\mathindent=\dimen356
\eq@final@linecount=\count359
\eq@wdR=\dimen357
\EQ@continue=\toks62
\lr@level=\count360
\GRP@queue=\toks63
\GRP@box=\box84
\GRP@wholebox=\box85
\darraycolsep=\skip172
\cur@row=\count361
\cur@col=\count362
\conditionsep=\skip173
)
("C:/Users/Oliver/AppData/Local/Programs/MiKTeX 2.9/tex/latex/csquotes/csquotes
.sty"
Package: csquotes 2019/05/10 v5.2e context-sensitive quotations (JAW)
\csq@reset=\count363
\csq@gtype=\count364
\csq@glevel=\count365
\csq@qlevel=\count366
\csq@maxlvl=\count367
\csq@tshold=\count368
\csq@ltx@everypar=\toks64

("C:/Users/Oliver/AppData/Local/Programs/MiKTeX 2.9/tex/latex/csquotes/csquotes
.def"
File: csquotes.def 2019/05/10 v5.2e csquotes generic definitions (JAW)
)
Package csquotes Info: Trying to load configuration file 'csquotes.cfg'...
Package csquotes Info: ... configuration file loaded successfully.

("C:/Users/Oliver/AppData/Local/Programs/MiKTeX 2.9/tex/latex/csquotes/csquotes
.cfg"
File: csquotes.cfg 
))
("C:/Users/Oliver/AppData/Local/Programs/MiKTeX 2.9/tex/latex/carlisle/slashed.
sty"
Package: slashed 1997/01/16 v0.01 Feynman Slashed Character Notation (DPC)
)
("C:/Users/Oliver/AppData/Local/Programs/MiKTeX 2.9/tex/latex/mathtools/empheq.
sty"
Package: empheq 2017/03/31 v2.15 Emphasizing equations
\l_EQ_equationtype_int=\count369
\l_EQ_alignmentmode_int=\count370
\l_EQ_totalwidth_dim=\dimen358
\l_EQ_displaywidth_dim=\dimen359
\l_EQ_temp_linewidth_dim=\dimen360
\EmphEqdelimitershortfall=\dimen361
\EmphEqdelimiterfactor=\count371
\g_EQ_toptag_height_dim=\dimen362
\g_EQ_bottomtag_depth_dim=\dimen363
\g_EQ_toprow_height_dim=\dimen364
\g_EQ_bottomrow_depth_dim=\dimen365
\g_EQ_widesttag_dim=\dimen366
\EQ_mathdisplay_box=\box86
\EQ_tag_box=\box87
\g_EQ_temprow_int=\count372
)
\dlf=\skip174

("C:/Users/Oliver/AppData/Local/Programs/MiKTeX 2.9/tex/generic/pgf/frontendlay
er/tikz/libraries/tikzlibrarybabel.code.tex"
File: tikzlibrarybabel.code.tex 2019/08/03 v3.1.4b (3.1.4b)
)
("C:/Users/Oliver/AppData/Local/Programs/MiKTeX 2.9/tex/generic/babel/babel.sty
"
Package: babel 2019/07/19 3.33 The Babel package

("C:/Users/Oliver/AppData/Local/Programs/MiKTeX 2.9/tex/generic/babel/switch.de
f"
File: switch.def 2019/07/19 3.33 Babel switching mechanism
)
("C:/Users/Oliver/AppData/Local/Programs/MiKTeX 2.9/tex/generic/babel/luababel.
def"
\l@afrikaans=\language2
Package babel Info: Non-standard hyphenation setup on input line 114.
\l@ancientgreek=\language3
\l@arabic=\language4
\l@armenian=\language5
\l@assamese=\language6
\l@basque=\language7
\l@belarusian=\language8
\l@bengali=\language9
\l@bokmal=\language10
\l@bulgarian=\language11
\l@catalan=\language12
\l@churchslavonic=\language13
\l@classiclatin=\language14
\l@coptic=\language15
\l@croatian=\language16
\l@czech=\language17
\l@danish=\language18
\l@dutch=\language19
\l@esperanto=\language20
\l@estonian=\language21
\l@ethiopic=\language22
\l@farsi=\language23
\l@finnish=\language24
\l@french=\language25
\l@friulan=\language26
\l@galician=\language27
\l@georgian=\language28
\l@german=\language29
\l@german-x-2019-04-04=\language30
\l@greek=\language31
\l@gujarati=\language32
\l@hindi=\language33
\l@hungarian=\language34
\l@icelandic=\language35
\l@indonesian=\language36
\l@interlingua=\language37
\l@irish=\language38
\l@italian=\language39
\l@kannada=\language40
\l@kurmanji=\language41
\l@latin=\language42
\l@latvian=\language43
\l@lithuanian=\language44
\l@liturgicallatin=\language45
\l@malayalam=\language46
\l@marathi=\language47
\l@mongolian=\language48
\l@mongolianlmc=\language49
\l@monogreek=\language50
\l@ngerman=\language51
\l@ngerman-x-2019-04-04=\language52
\l@nynorsk=\language53
\l@occitan=\language54
\l@oriya=\language55
\l@pali=\language56
\l@panjabi=\language57
\l@piedmontese=\language58
\l@polish=\language59
\l@portuguese=\language60
\l@romanian=\language61
\l@romansh=\language62
\l@russian=\language63
\l@sanskrit=\language64
\l@serbian=\language65
\l@serbianc=\language66
\l@slovak=\language67
\l@slovenian=\language68
\l@spanish=\language69
\l@swedish=\language70
\l@swissgerman=\language71
\l@tamil=\language72
\l@telugu=\language73
\l@thai=\language74
\l@turkish=\language75
\l@turkmen=\language76
\l@ukenglish=\language77
\l@ukrainian=\language78
\l@uppersorbian=\language79
\l@usenglishmax=\language80
\l@welsh=\language81
)
*************************************
* Local config file bblopts.cfg used
*
("C:/Users/Oliver/AppData/Local/Programs/MiKTeX 2.9/tex/latex/arabi/bblopts.cfg
"
File: bblopts.cfg 2005/09/08 v0.1 add Arabic and Farsi to "declared" options of 
babel
)
("C:/Users/Oliver/AppData/Local/Programs/MiKTeX 2.9/tex/latex/babel-spanish/spa
nish.ldf"
Language: spanish.ldf 2016/03/03 v5.0p Spanish support from the babel system

("C:/Users/Oliver/AppData/Local/Programs/MiKTeX 2.9/tex/generic/babel/babel.def
"
File: babel.def 2019/07/19 3.33 Babel common definitions
\babel@savecnt=\count373
\U@D=\dimen367

("C:/Users/Oliver/AppData/Local/Programs/MiKTeX 2.9/tex/generic/babel/luababel.
def"
\bbl@attr@locale=\attribute6
))
\es@quottoks=\toks65
\es@quotdepth=\count374
Package babel Info: Making " an active character on input line 561.
Package babel Info: Making . an active character on input line 662.
Package babel Info: Making < an active character on input line 707.
Package babel Info: Making > an active character on input line 707.
Package babel Info: Making ' an active character on input line 725.

("C:/Users/Oliver/AppData/Local/Programs/MiKTeX 2.9/tex/generic/hyph-utf8/loadh
yph/loadhyph-es.tex" UTF-8 Spanish hyphenation patterns
("C:/Users/Oliver/AppData/Local/Programs/MiKTeX 2.9/tex/generic/hyph-utf8/patte
rns/tex/hyph-es.tex"))))
("C:/Users/Oliver/AppData/Local/Programs/MiKTeX 2.9/tex/latex/base/inputenc.sty
"
Package: inputenc 2018/08/11 v1.3c Input encoding file
\inpenc@prehook=\toks66
\inpenc@posthook=\toks67


Package inputenc Warning: inputenc package ignored with utf8 based engines.

)
("C:/Users/Oliver/AppData/Local/Programs/MiKTeX 2.9/tex/latex/tkz-euclide/tkz-e
uclide.sty"
Package: tkz-euclide 2011/06/01 1.16 c for plots 2d 

("C:/Users/Oliver/AppData/Local/Programs/MiKTeX 2.9/tex/latex/tkz-base/tkz-base
.sty"
Package: tkz-base 2018/09/19 1.16 d tkz-base

("C:/Users/Oliver/AppData/Local/Programs/MiKTeX 2.9/tex/generic/pgf/frontendlay
er/tikz/libraries/tikzlibraryarrows.code.tex"
File: tikzlibraryarrows.code.tex 2019/08/03 v3.1.4b (3.1.4b)

("C:/Users/Oliver/AppData/Local/Programs/MiKTeX 2.9/tex/generic/pgf/libraries/p
gflibraryarrows.code.tex"
File: pgflibraryarrows.code.tex 2019/08/03 v3.1.4b (3.1.4b)
\arrowsize=\dimen368
))
("C:/Users/Oliver/AppData/Local/Programs/MiKTeX 2.9/tex/generic/pgf/frontendlay
er/tikz/libraries/tikzlibraryplotmarks.code.tex"
File: tikzlibraryplotmarks.code.tex 2019/08/03 v3.1.4b (3.1.4b)

("C:/Users/Oliver/AppData/Local/Programs/MiKTeX 2.9/tex/generic/pgf/libraries/p
gflibraryplotmarks.code.tex"
File: pgflibraryplotmarks.code.tex 2019/08/03 v3.1.4b (3.1.4b)
))
("C:/Users/Oliver/AppData/Local/Programs/MiKTeX 2.9/tex/generic/pgf/frontendlay
er/tikz/libraries/tikzlibraryshapes.misc.code.tex"
File: tikzlibraryshapes.misc.code.tex 2019/08/03 v3.1.4b (3.1.4b)

("C:/Users/Oliver/AppData/Local/Programs/MiKTeX 2.9/tex/generic/pgf/libraries/s
hapes/pgflibraryshapes.misc.code.tex"
File: pgflibraryshapes.misc.code.tex 2019/08/03 v3.1.4b (3.1.4b)
))
("C:/Users/Oliver/AppData/Local/Programs/MiKTeX 2.9/tex/latex/numprint/numprint
.sty"
Package: numprint 2012/08/20 v1.39 Print numbers (HH)
\c@nprt@mantissa@digitsbefore=\count375
\c@nprt@mantissa@digitsafter=\count376
\c@nprt@exponent@digitsbefore=\count377
\c@nprt@exponent@digitsafter=\count378
\nprt@digitwidth=\skip175
\nprt@sepwidth=\skip176
\nprt@decimalwidth=\skip177
\nprt@blockwidth=\skip178
\nprt@digittoks=\toks68
\nprt@pretoks=\toks69
\nprt@posttoks=\toks70
\nprt@thisdigit=\count379
\nprt@curpos=\count380
\nprt@rndpos=\count381
\c@nprt@digitsfirstblock=\count382
\c@nprt@blockcnt=\count383
\c@nprt@cntprint=\count384
 No configuration file `numprint.cfg' found.)
("C:/Users/Oliver/AppData/Local/Programs/MiKTeX 2.9/tex/latex/fp/fp.sty"
Package: fp 1995/04/02

`Fixed Point Package', Version 0.8, April 2, 1995 (C) Michael Mehlich
("C:/Users/Oliver/AppData/Local/Programs/MiKTeX 2.9/tex/latex/fp/defpattern.sty
"
Package: defpattern 1994/10/12
\actioncount=\count385
) ("C:/Users/Oliver/AppData/Local/Programs/MiKTeX 2.9/tex/latex/fp/fp-basic.sty
"
Package: fp-basic 1996/05/13
\FP@xs=\count386
\FP@xia=\count387
\FP@xib=\count388
\FP@xfa=\count389
\FP@xfb=\count390
\FP@rega=\count391
\FP@regb=\count392
\FP@regs=\count393
\FP@times=\count394
)
("C:/Users/Oliver/AppData/Local/Programs/MiKTeX 2.9/tex/latex/fp/fp-addons.sty"
Package: fp-addons 1995/03/15
) ("C:/Users/Oliver/AppData/Local/Programs/MiKTeX 2.9/tex/latex/fp/fp-snap.sty"
Package: fp-snap 1995/04/05
) ("C:/Users/Oliver/AppData/Local/Programs/MiKTeX 2.9/tex/latex/fp/fp-exp.sty"
Package: fp-exp 1995/04/03
) ("C:/Users/Oliver/AppData/Local/Programs/MiKTeX 2.9/tex/latex/fp/fp-trigo.sty
"
Package: fp-trigo 1995/04/14
) ("C:/Users/Oliver/AppData/Local/Programs/MiKTeX 2.9/tex/latex/fp/fp-pas.sty"
Package: fp-pas 1994/08/29
) ("C:/Users/Oliver/AppData/Local/Programs/MiKTeX 2.9/tex/latex/fp/fp-random.st
y"
Package: fp-random 1995/02/23
\FPseed=\count395
) ("C:/Users/Oliver/AppData/Local/Programs/MiKTeX 2.9/tex/latex/fp/fp-eqn.sty"
Package: fp-eqn 1995/04/03
) ("C:/Users/Oliver/AppData/Local/Programs/MiKTeX 2.9/tex/latex/fp/fp-upn.sty"
Package: fp-upn 1996/10/21
) ("C:/Users/Oliver/AppData/Local/Programs/MiKTeX 2.9/tex/latex/fp/fp-eval.sty"
Package: fp-eval 1995/04/03
))
\tkzRadius=\dimen369
\tkzLength=\dimen370
\tkz@radi=\dimen371
\tkz@ax=\dimen372
\tkz@ay=\dimen373
\tkz@bx=\dimen374
\tkz@by=\dimen375
\tkz@cx=\dimen376
\tkz@cy=\dimen377
\tkz@dx=\dimen378
\tkz@dy=\dimen379

("C:/Users/Oliver/AppData/Local/Programs/MiKTeX 2.9/tex/latex/tkz-base/tkz-tool
s-utilities.tex")
("C:/Users/Oliver/AppData/Local/Programs/MiKTeX 2.9/tex/latex/tkz-base/tkz-tool
s-arith.tex"
File: tkz-tool-arith.tex tkz-tool-arith 1.161 d
)
("C:/Users/Oliver/AppData/Local/Programs/MiKTeX 2.9/tex/latex/tkz-base/tkz-tool
s-base.tex")
("C:/Users/Oliver/AppData/Local/Programs/MiKTeX 2.9/tex/latex/tkz-base/tkz-tool
s-misc.tex")
("C:/Users/Oliver/AppData/Local/Programs/MiKTeX 2.9/tex/latex/tkz-base/tkz-tool
s-math.tex")
("C:/Users/Oliver/AppData/Local/Programs/MiKTeX 2.9/tex/latex/tkz-base/tkz-obj-
points.tex")
("C:/Users/Oliver/AppData/Local/Programs/MiKTeX 2.9/tex/latex/tkz-base/tkz-obj-
segments.tex")
("C:/Users/Oliver/AppData/Local/Programs/MiKTeX 2.9/tex/latex/tkz-base/tkz-obj-
marks.tex"
\tkz@cntmk=\count396
))
("C:/Users/Oliver/AppData/Local/Programs/MiKTeX 2.9/tex/latex/tkz-euclide/tkz-t
ools-intersections.tex")
("C:/Users/Oliver/AppData/Local/Programs/MiKTeX 2.9/tex/latex/tkz-euclide/tkz-t
ools-transformations.tex")
("C:/Users/Oliver/AppData/Local/Programs/MiKTeX 2.9/tex/latex/tkz-euclide/tkz-o
bj-lines.tex")
("C:/Users/Oliver/AppData/Local/Programs/MiKTeX 2.9/tex/latex/tkz-euclide/tkz-l
ib-symbols.tex")
("C:/Users/Oliver/AppData/Local/Programs/MiKTeX 2.9/tex/latex/tkz-euclide/tkz-o
bj-circles.tex")
("C:/Users/Oliver/AppData/Local/Programs/MiKTeX 2.9/tex/latex/tkz-euclide/tkz-o
bj-addpoints.tex"))
("C:/Users/Oliver/AppData/Local/Programs/MiKTeX 2.9/tex/latex/esvect/esvect.sty
"
Package: esvect 
\symesvector=\mathgroup15
)
("C:/Users/Oliver/AppData/Local/Programs/MiKTeX 2.9/tex/latex/caption/caption.s
ty"
Package: caption 2019/09/01 v3.3d Customizing captions (AR)

("C:/Users/Oliver/AppData/Local/Programs/MiKTeX 2.9/tex/latex/caption/caption3.
sty"
Package: caption3 2019/09/01 v1.8d caption3 kernel (AR)
Package caption3 Info: TeX engine: e-TeX on input line 64.
\captionmargin=\dimen380
\captionmargin@=\dimen381
\captionwidth=\dimen382
\caption@tempdima=\dimen383
\caption@indent=\dimen384
\caption@parindent=\dimen385
\caption@hangindent=\dimen386
)
\c@caption@flags=\count397
\c@ContinuedFloat=\count398
Package caption Info: hyperref package is loaded.
Package caption Info: wrapfig package is loaded.
)
\c@theorem=\count399
\c@myclaim=\count400


Package csquotes Warning: Load 'inputenc' before 'csquotes' on input line 494.

Package csquotes Info: Checking for multilingual support...
Package csquotes Info: ... found 'babel' package.
Package csquotes Info: Adjusting default style.
Package csquotes Info: Redefining alias 'default' -> 'spanish'.

LaTeX Warning: Unused global option(s):
    [<options>].

(./tfg2.aux
LaTeX Info: Redefining \. on input line 31.
LaTeX Info: Redefining \% on input line 31.
LaTeX Info: Redefining \. on input line 32.
LaTeX Info: Redefining \% on input line 32.
)
\openout1 = tfg2.aux

LaTeX Font Info:    Checking defaults for OML/cmm/m/it on input line 494.
LaTeX Font Info:    ... okay on input line 494.
LaTeX Font Info:    Checking defaults for T1/cmr/m/n on input line 494.
LaTeX Font Info:    ... okay on input line 494.
LaTeX Font Info:    Checking defaults for OT1/cmr/m/n on input line 494.
LaTeX Font Info:    ... okay on input line 494.
LaTeX Font Info:    Checking defaults for OMS/cmsy/m/n on input line 494.
LaTeX Font Info:    ... okay on input line 494.
LaTeX Font Info:    Checking defaults for TU/lmr/m/n on input line 494.
LaTeX Font Info:    ... okay on input line 494.
LaTeX Font Info:    Checking defaults for OMX/cmex/m/n on input line 494.
LaTeX Font Info:    ... okay on input line 494.
LaTeX Font Info:    Checking defaults for U/cmr/m/n on input line 494.
LaTeX Font Info:    ... okay on input line 494.
LaTeX Font Info:    Checking defaults for PD1/pdf/m/n on input line 494.
LaTeX Font Info:    ... okay on input line 494.
LaTeX Font Info:    Checking defaults for TS1/cmr/m/n on input line 494.
LaTeX Font Info:    Try loading font information for TS1+cmr on input line 494.

("C:/Users/Oliver/AppData/Local/Programs/MiKTeX 2.9/tex/latex/base/ts1cmr.fd"
File: ts1cmr.fd 2014/09/29 v2.5h Standard LaTeX font definitions
)
LaTeX Font Info:    ... okay on input line 494.
LaTeX Font Info:    Checking defaults for LS1/stix/m/n on input line 494.
LaTeX Font Info:    Try loading font information for LS1+stix on input line 494.


("C:/Users/Oliver/AppData/Local/Programs/MiKTeX 2.9/tex/latex/stix/ls1stix.fd"
File: ls1stix.fd 2015/04/17 v1.1.2-latex STIX LS1 font definitions
)
LaTeX Font Info:    ... okay on input line 494.
LaTeX Font Info:    Checking defaults for LS2/stix/m/n on input line 494.
LaTeX Font Info:    Try loading font information for LS2+stix on input line 494.

("C:/Users/Oliver/AppData/Local/Programs/MiKTeX 2.9/tex/latex/stix/ls2stix.fd"
File: ls2stix.fd 2015/04/17 v1.1.2-latex STIX LS2 font definitions
)
LaTeX Font Info:    ... okay on input line 494.
LaTeX Font Info:    Try loading font information for T1+stix on input line 494.
("C:/Users/Oliver/AppData/Local/Programs/MiKTeX 2.9/tex/latex/stix/t1stix.fd"
File: t1stix.fd 2015/04/17 v1.1.2-latex STIX T1 font definitions
)
("C:/Users/Oliver/AppData/Local/Programs/MiKTeX 2.9/tex/context/base/mkii/supp-
pdf.mkii"
[Loading MPS to PDF converter (version 2006.09.02).]
\scratchcounter=\count401
\scratchdimen=\dimen387
\scratchbox=\box88
\nofMPsegments=\count402
\nofMParguments=\count403
\everyMPshowfont=\toks71
\MPscratchCnt=\count404
\MPscratchDim=\dimen388
\MPnumerator=\count405
\makeMPintoPDFobject=\count406
\everyMPtoPDFconversion=\toks72
)
("C:/Users/Oliver/AppData/Local/Programs/MiKTeX 2.9/tex/latex/oberdiek/epstopdf
-base.sty"
Package: epstopdf-base 2016/05/15 v2.6 Base part for package epstopdf

("C:/Users/Oliver/AppData/Local/Programs/MiKTeX 2.9/tex/latex/oberdiek/grfext.s
ty"
Package: grfext 2016/05/16 v1.2 Manage graphics extensions (HO)
)
Package epstopdf-base Info: Redefining graphics rule for `.eps' on input line 43
8.
Package grfext Info: Graphics extension search list:
(grfext)             [.pdf,.png,.jpg,.mps,.jpeg,.jbig2,.jb2,.PDF,.PNG,.JPG,.JPEG
,.JBIG2,.JB2,.eps]
(grfext)             \AppendGraphicsExtensions on input line 456.
)
\AtBeginShipoutBox=\box89
Package hyperref Info: Link coloring ON on input line 494.

("C:/Users/Oliver/AppData/Local/Programs/MiKTeX 2.9/tex/latex/hyperref/nameref.
sty"
Package: nameref 2016/05/21 v2.44 Cross-referencing by name of section

("C:/Users/Oliver/AppData/Local/Programs/MiKTeX 2.9/tex/generic/oberdiek/gettit
lestring.sty"
Package: gettitlestring 2016/05/16 v1.5 Cleanup title references (HO)
)
\c@section@level=\count407
)
LaTeX Info: Redefining \ref on input line 494.
LaTeX Info: Redefining \pageref on input line 494.
LaTeX Info: Redefining \nameref on input line 494.
 (./tfg2.out) (./tfg2.out)
\@outlinefile=\write4

\openout4 = tfg2.out

! Undefined control sequence.
\@begindocumenthook ...\@afterindentfalse \bibsep 
                                                  =0pt\gdef \bibfont {\fonts...
l.494 \begin{document}
                    
The control sequence at the end of the top line
of your error message was never \def'ed. If you have
misspelled it (e.g., `\hobx'), type `I' and the correct
spelling (e.g., `I\hbox'). Otherwise just continue,
and I'll forget about whatever was undefined.


("C:/Users/Oliver/AppData/Local/Programs/MiKTeX 2.9/tex/latex/upquote/upquote.s
ty"
Package: upquote 2012/04/19 v1.3 upright-quote and grave-accent glyphs in verbat
im
)
*geometry* driver: auto-detecting
*geometry* detected driver: luatex
*geometry* verbose mode - [ preamble ] result:
* driver: luatex
* paper: custom
* layout: <same size as paper>
* layoutoffset:(h,v)=(0.0pt,0.0pt)
* modes: 
* h-part:(L,W,R)=(51.4995pt, 494.50888pt, 51.4995pt)
* v-part:(T,H,B)=(55.48286pt, 689.4103pt, 51.784pt)
* \paperwidth=597.50787pt
* \paperheight=796.67715pt
* \textwidth=494.50888pt
* \textheight=689.4103pt
* \oddsidemargin=-20.7705pt
* \evensidemargin=-20.7705pt
* \topmargin=-40.78712pt
* \headheight=12.0pt
* \headsep=12.0pt
* \topskip=10.0pt
* \footskip=12.0pt
* \marginparwidth=65.0pt
* \marginparsep=11.0pt
* \columnsep=18.0pt
* \skip\footins=9.0pt plus 4.0pt minus 2.0pt
* \hoffset=0.0pt
* \voffset=0.0pt
* \mag=1000
* \@twocolumnfalse
* \@twosidefalse
* \@mparswitchfalse
* \@reversemarginfalse
* (1in=72.27pt=25.4mm, 1cm=28.453pt)


("C:/Users/Oliver/AppData/Local/Programs/MiKTeX 2.9/tex/latex/oberdiek/pdflscap
e.sty"
Package: pdflscape 2016/05/14 v0.11 Display of landscape pages in PDF (HO)

("C:/Users/Oliver/AppData/Local/Programs/MiKTeX 2.9/tex/latex/graphics/lscape.s
ty"
Package: lscape 2000/10/22 v3.01 Landscape Pages (DPC)
)
Package pdflscape Info: Auto-detected driver: pdftex on input line 81.
) ABD: EveryShipout initializing macros

Package tikz-feynman Warning: The preamble requested version 1.0.0, but the syst
em version is 1.1.0. This may change some diagrams. on input line 494.


! LaTeX Error: Too many symbol fonts declared.

See the LaTeX manual or LaTeX Companion for explanation.
Type  H <return>  for immediate help.
 ...                                              
                                                  
l.494 \begin{document}
                    
Your command was ignored.
Type  I <command> <return>  to replace it with another command,
or  <return>  to continue without it.


! LaTeX Error: Symbol font `gns@font' not defined.

See the LaTeX manual or LaTeX Companion for explanation.
Type  H <return>  for immediate help.
 ...                                              
                                                  
l.494 \begin{document}
                    
Your command was ignored.
Type  I <command> <return>  to replace it with another command,
or  <return>  to continue without it.


! LaTeX Error: Symbol font `gns@font' is not defined.

See the LaTeX manual or LaTeX Companion for explanation.
Type  H <return>  for immediate help.
 ...                                              
                                                  
l.494 \begin{document}
                    
Your command was ignored.
Type  I <command> <return>  to replace it with another command,
or  <return>  to continue without it.


! LaTeX Error: Symbol font `gns@font' is not defined.

See the LaTeX manual or LaTeX Companion for explanation.
Type  H <return>  for immediate help.
 ...                                              
                                                  
l.494 \begin{document}
                    
Your command was ignored.
Type  I <command> <return>  to replace it with another command,
or  <return>  to continue without it.


! LaTeX Error: Symbol font `gns@font' is not defined.

See the LaTeX manual or LaTeX Companion for explanation.
Type  H <return>  for immediate help.
 ...                                              
                                                  
l.494 \begin{document}
                    
Your command was ignored.
Type  I <command> <return>  to replace it with another command,
or  <return>  to continue without it.


! LaTeX Error: Symbol font `gns@font' is not defined.

See the LaTeX manual or LaTeX Companion for explanation.
Type  H <return>  for immediate help.
 ...                                              
                                                  
l.494 \begin{document}
                    
Your command was ignored.
Type  I <command> <return>  to replace it with another command,
or  <return>  to continue without it.


! LaTeX Error: Symbol font `gns@font' is not defined.

See the LaTeX manual or LaTeX Companion for explanation.
Type  H <return>  for immediate help.
 ...                                              
                                                  
l.494 \begin{document}
                    
Your command was ignored.
Type  I <command> <return>  to replace it with another command,
or  <return>  to continue without it.

Package gensymb Info: Math companion symbols declared on input line 494.
LaTeX Info: Redefining \degree on input line 494.
LaTeX Info: Redefining \celsius on input line 494.
Package gensymb Info: Using text companion symbols for \degree, \celsius and \pe
rthousand on input line 494.
LaTeX Info: Redefining \ohm on input line 494.
Package gensymb Info: Using \textohm for \ohm on input line 494.
Package gensymb Info: Using \textmu for \micro on input line 494.
LaTeX Info: Redefining \. on input line 494.
LaTeX Info: Redefining \% on input line 494.
LaTeX Info: Redefining \. on input line 494.
LaTeX Info: Redefining \% on input line 494.
Package caption Info: Begin \AtBeginDocument code.
Package caption Info: End \AtBeginDocument code.
*************************************************
* [TNOTE: Number]
*************************************************
*************************************************
* [TNOTE: Number]
*************************************************
*************************************************
* [COR: alpha]
*************************************************
*************************************************
* [COR: alpha]
*************************************************
*************************************************
* [FN: alpha]
*************************************************
*************************************************
* [FN: alpha]
*************************************************
*************************************************
* [FN: alpha]
*************************************************
\verbatim@out=\write5

\openout5 = tfg2.abs
LaTeX Font Info:    Try loading font information for T1+lmss on input line 540.
("C:/Users/Oliver/AppData/Local/Programs/MiKTeX 2.9/tex/latex/lm/t1lmss.fd"
File: t1lmss.fd 2009/10/30 v1.6 Font defs for Latin Modern
)
LaTeX Font Info:    Try loading font information for LS1+stixscr on input line 5
40.

("C:/Users/Oliver/AppData/Local/Programs/MiKTeX 2.9/tex/latex/stix/ls1stixscr.f
d"
File: ls1stixscr.fd 2015/04/17 v1.1.2-latex STIX script LS1 font definitions
)
LaTeX Font Info:    Try loading font information for LS2+stixex on input line 54
0.

("C:/Users/Oliver/AppData/Local/Programs/MiKTeX 2.9/tex/latex/stix/ls2stixex.fd
"
File: ls2stixex.fd 2015/04/17 v1.1.2-latex STIX extentions LS2 font definitions
)
LaTeX Font Info:    Try loading font information for U+msa on input line 540.

("C:/Users/Oliver/AppData/Local/Programs/MiKTeX 2.9/tex/latex/amsfonts/umsa.fd"
File: umsa.fd 2013/01/14 v3.01 AMS symbols A
)
LaTeX Font Info:    Try loading font information for U+msb on input line 540.
 ("C:/Users/Oliver/AppData/Local/Programs/MiKTeX 2.9/tex/latex/amsfonts/umsb.fd
"
File: umsb.fd 2013/01/14 v3.01 AMS symbols B
)
LaTeX Font Info:    Try loading font information for LS1+stixfrak on input line 
540.

("C:/Users/Oliver/AppData/Local/Programs/MiKTeX 2.9/tex/latex/stix/ls1stixfrak.
fd"
File: ls1stixfrak.fd 2015/04/17 v1.1.2-latex STIX fraktur LS1 font definitions
)
LaTeX Font Info:    Try loading font information for LS1+stixbb on input line 54
0.

("C:/Users/Oliver/AppData/Local/Programs/MiKTeX 2.9/tex/latex/stix/ls1stixbb.fd
"
File: ls1stixbb.fd 2015/04/17 v1.1.2-latex STIX blackboard LS1 font definitions
)
LaTeX Font Info:    Try loading font information for LS2+stixcal on input line 5
40.

("C:/Users/Oliver/AppData/Local/Programs/MiKTeX 2.9/tex/latex/stix/ls2stixcal.f
d"
File: ls2stixcal.fd 2015/04/17 v1.1.2-latex STIX calligraphic LS2 font definitio
ns
)
LaTeX Font Info:    Try loading font information for LS1+stixsf on input line 54
0.

("C:/Users/Oliver/AppData/Local/Programs/MiKTeX 2.9/tex/latex/stix/ls1stixsf.fd
"
File: ls1stixsf.fd 2015/04/17 v1.1.2-latex STIX sans-serif LS1 font definitions
)
LaTeX Font Info:    Try loading font information for LS2+stixtt on input line 54
0.

("C:/Users/Oliver/AppData/Local/Programs/MiKTeX 2.9/tex/latex/stix/ls2stixtt.fd
"
File: ls2stixtt.fd 2015/04/17 v1.1.2-latex STIX typewriter LS2 font definitions
)
LaTeX Font Info:    Try loading font information for U+lasy on input line 540.
 ("C:/Users/Oliver/AppData/Local/Programs/MiKTeX 2.9/tex/latex/base/ulasy.fd"
File: ulasy.fd 1998/08/17 v2.2e LaTeX symbol font definitions
)

LaTeX Font Warning: Font shape `U/lasy/m/n' in size <7.5> not available
(Font)              size <7> substituted on input line 540.

LaTeX Font Info:    Try loading font information for U+esvect on input line 540.

("C:/Users/Oliver/AppData/Local/Programs/MiKTeX 2.9/tex/latex/esvect/uesvect.fd
"
File: uesvect.fd 
)

LaTeX Font Warning: Font shape `U/esvect/m/n' in size <7.5> not available
(Font)              size <7> substituted on input line 540.

[1{C:/Users/Oliver/AppData/Local/MiKTeX/2.9/pdftex/config/pdftex.map}

]
(./tfg2.abs)

Package hyperref Warning: Ignoring empty anchor on input line 540.


Package hyperref Warning: Ignoring empty anchor on input line 540.


Package hyperref Warning: Ignoring empty anchor on input line 540.


Package hyperref Warning: Ignoring empty anchor on input line 540.


Package hyperref Warning: Ignoring empty anchor on input line 540.


Package hyperref Warning: Ignoring empty anchor on input line 540.


LaTeX Warning: File `thumbnails/cas-email.jpeg' not found on input line 540.


! Package luatex.def Error: File `thumbnails/cas-email.jpeg' not found: using d
raft setting.

See the luatex.def package documentation for explanation.
Type  H <return>  for immediate help.
 ...                                              
                                                  
l.540 \maketitle
              
Try typing  <return>  to proceed.
If that doesn't work, type  X <return>  to quit.

LaTeX Font Info:    Try loading font information for T1+zi4 on input line 540.

("C:/Users/Oliver/AppData/Local/Programs/MiKTeX 2.9/tex/latex/inconsolata/t1zi4
.fd"
File: t1zi4.fd 2018/01/14 T1/zi4 (Inconsolata)
)
LaTeX Font Info:    Font shape `T1/zi4/m/n' will be
(Font)              scaled to size 6.80005pt on input line 540.


Package hyperref Warning: Ignoring empty anchor on input line 540.


LaTeX Warning: File `thumbnails/cas-url.jpeg' not found on input line 540.


! Package luatex.def Error: File `thumbnails/cas-url.jpeg' not found: using dra
ft setting.

See the luatex.def package documentation for explanation.
Type  H <return>  for immediate help.
 ...                                              
                                                  
l.540 \maketitle
              
Try typing  <return>  to proceed.
If that doesn't work, type  X <return>  to quit.


Package hyperref Warning: Ignoring empty anchor on input line 540.


Package hyperref Warning: Ignoring empty anchor on input line 540.


Package hyperref Warning: Ignoring empty anchor on input line 540.


Package hyperref Warning: Ignoring empty anchor on input line 540.

[2


]
Package atveryend Info: Empty hook `BeforeClearDocument' on input line 541.
Package atveryend Info: Empty hook `AfterLastShipout' on input line 541.
 (./tfg2.aux
LaTeX Info: Redefining \. on input line 31.
LaTeX Info: Redefining \% on input line 31.
LaTeX Info: Redefining \. on input line 32.
LaTeX Info: Redefining \% on input line 32.
)
Package atveryend Info: Executing hook `AtVeryEndDocument' on input line 541.
Package atveryend Info: Executing hook `AtEndAfterFileList' on input line 541.
Package rerunfilecheck Info: File `tfg2.out' has not changed.
(rerunfilecheck)             Checksum: D41D8CD98F00B204E9800998ECF8427E;0.


LaTeX Font Warning: Size substitutions with differences
(Font)              up to 0.5pt have occurred.

)

Here is how much of LuaTeX's memory you used:
 47237 strings out of 494305
 125171,1144653 words of node,token memory allocated
 1180 words of node memory still in use:
   7 hlist, 2 vlist, 2 rule, 1 dir, 13 glue, 9 kern, 2 glyph, 50 attribute, 140 
glue_spec, 27 attribute_list, 2 write nodes
   avail lists: 1:9,2:603,3:101,4:40,5:255,6:30,7:2226,8:26,9:300,10:10,11:161,1
2:1
 49803 multiletter control sequences out of 65536+200000
 155 fonts using 15181639 bytes
 55i,9n,95p,865b,446s stack positions out of 5000i,500n,10000p,200000b,50000s
{C:/Users/Oliver/AppData/Local/Programs/MiKTeX 2.9/fonts/enc/dvips/inconsolata/i
4-t1-0.enc}{C:/Users/Oliver/AppData/Local/Programs/MiKTeX 2.9/fonts/enc/dvips/st
ix/stix-t1.enc}{C:/Users/Oliver/AppData/Local/Programs/MiKTeX 2.9/fonts/enc/dvip
s/lm/lm-ec.enc}<C:/Users/Oliver/AppData/Local/Programs/MiKTeX 2.9/fonts/type1/pu
blic/inconsolata/Inconsolata-zi4r.pfb><C:/Users/Oliver/AppData/Local/Programs/Mi
KTeX 2.9/fonts/type1/public/stix/STIXGeneral-Italic.pfb><C:/Users/Oliver/AppData
/Local/Programs/MiKTeX 2.9/fonts/type1/public/stix/STIXGeneral-Regular.pfb><C:/U
sers/Oliver/AppData/Local/Programs/MiKTeX 2.9/fonts/type1/public/lm/lmss9.pfb><C
:/Users/Oliver/AppData/Local/Programs/MiKTeX 2.9/fonts/type1/public/stix/stix-ma
thit.pfb><C:/Users/Oliver/AppData/Local/Programs/MiKTeX 2.9/fonts/type1/public/s
tix/stix-mathscr.pfb>
Output written on tfg2.pdf (2 pages, 138573 bytes).

PDF statistics: 47 PDF objects out of 1000 (max. 8388607)
 3 named destinations out of 1000 (max. 131072)
 16 words of extra memory for PDF output out of 10000 (max. 100000000)

