This is LuaTeX, Version 1.10.1 (MiKTeX 2.9.7140 64-bit)  (format=lualatex 2019.8.13)  17 JUL 2020 10:47
 restricted system commands enabled.
**tfm.tex
(./tfm.tex
LaTeX2e <2018-12-01>
Lua module: luaotfload-main 2019-07-04 2.98 luaotfload entry point
Lua module: luaotfload-init 2019-07-04 2.98 luaotfload submodule / initializatio
n
Lua module: lualibs 2019-07-04 2.66 ConTeXt Lua standard libraries.
Lua module: lualibs-extended 2019-07-04 2.66 ConTeXt Lua libraries -- extended c
ollection.
Lua module: luaotfload-log 2019-07-04 2.98 luaotfload submodule / logging
Lua module: luaotfload-parsers 2019-07-04 2.98 luaotfload submodule / filelist
Lua module: luaotfload-configuration 2019-07-04 2.98 luaotfload submodule / conf
ig file reader
luaotfload | conf : Root cache directory is C:/Users/Oliver/AppData/Local/MiKTeX
/2.9/luatex-cache/generic/names.
luaotfload | init : Loading fontloader “fontloader-2019-07-04.lua” from kpse
-resolved path “C:/Users/Oliver/AppData/Local/Programs/MiKTeX 2.9/tex/luatex/l
uaotfload/fontloader-2019-07-04.lua”.
Lua-only attribute luaotfload@state = 2
Lua-only attribute luaotfload@noligature = 3
Lua-only attribute luaotfload@syllabe = 4
luaotfload | init : Context OpenType loader version “3.108”
Inserting `luaotfload.node_processor' at position 1 in `pre_linebreak_filter'.
Inserting `luaotfload.node_processor' at position 1 in `hpack_filter'.
Lua module: luaotfload-loaders 2019-07-04 2.98 luaotfload submodule / callback h
andling
Inserting `luaotfload.define_font' at position 1 in `define_font'.
Lua module: luaotfload-database 2019-07-04 2.98 luaotfload submodule / database
Lua module: luaotfload-colors 2019-07-04 2.98 luaotfload submodule / color
Lua-only attribute luaotfload_color_attribute = 5
Lua module: luaotfload-resolvers 2019-07-04 2.98 luaotfload submodule / resolver
s
luaotfload | conf : Root cache directory is C:/Users/Oliver/AppData/Local/MiKTeX
/2.9/luatex-cache/generic/names.
Lua module: luaotfload-features 2019-07-04 2.98 luaotfload submodule / features
Lua module: luaotfload-letterspace 2019-07-04 2.98 luaotfload submodule / color
Lua module: luaotfload-embolden 2019-07-04 2.98 luaotfload submodule / color
Lua module: luaotfload-notdef 2019-07-04 2.98 luaotfload submodule / color
Lua module: luaotfload-auxiliary 2019-07-04 2.98 luaotfload submodule / auxiliar
y functions
Inserting `luaotfload.aux.set_sscale_dimens' at position 1 in `luaotfload.patch_
font'.
Inserting `luaotfload.aux.patch_cambria_domh' at position 2 in `luaotfload.patch
_font'.
Inserting `luaotfload.aux.fixup_fontdata' at position 1 in `luaotfload.patch_fon
t_unsafe'.
Inserting `luaotfload.aux.set_capheight' at position 3 in `luaotfload.patch_font
'.
Inserting `luaotfload.aux.set_xheight' at position 4 in `luaotfload.patch_font'.
Inserting `luaotfload.rewrite_fontname' at position 5 in `luaotfload.patch_font'
.
luaotfload | main : initialization completed in 1.975 seconds
("C:/Users/Oliver/AppData/Local/Programs/MiKTeX 2.9/tex/latex/base/article.cls"
Document Class: article 2018/09/03 v1.4i Standard LaTeX document class
("C:/Users/Oliver/AppData/Local/Programs/MiKTeX 2.9/tex/latex/base/size10.clo"
File: size10.clo 2018/09/03 v1.4i Standard LaTeX file (size option)
luaotfload | db : Font names database loaded from C:/Users/Oliver/AppData/Local/
MiKTeX/2.9/luatex-cache/generic/names/luaotfload-names.luc)
\c@part=\count80
\c@section=\count81
\c@subsection=\count82
\c@subsubsection=\count83
\c@paragraph=\count84
\c@subparagraph=\count85
\c@figure=\count86
\c@table=\count87
\abovecaptionskip=\skip41
\belowcaptionskip=\skip42
\bibindent=\dimen102
)
("C:/Users/Oliver/AppData/Local/Programs/MiKTeX 2.9/tex/latex/wrapfig/wrapfig.s
ty"
\wrapoverhang=\dimen103
\WF@size=\dimen104
\c@WF@wrappedlines=\count88
\WF@box=\box27
\WF@everypar=\toks14
Package: wrapfig 2003/01/31  v 3.6
)
("C:/Users/Oliver/AppData/Local/Programs/MiKTeX 2.9/tex/latex/pdfpages/pdfpages
.sty"
Package: pdfpages 2019/11/21 v0.5o Insert pages of external PDF documents (AM)

("C:/Users/Oliver/AppData/Local/Programs/MiKTeX 2.9/tex/latex/base/ifthen.sty"
Package: ifthen 2014/09/29 v1.1c Standard LaTeX ifthen package (DPC)
) ("C:/Users/Oliver/AppData/Local/Programs/MiKTeX 2.9/tex/latex/tools/calc.sty"
Package: calc 2017/05/25 v4.3 Infix arithmetic (KKT,FJ)
\calc@Acount=\count89
\calc@Bcount=\count90
\calc@Adimen=\dimen105
\calc@Bdimen=\dimen106
\calc@Askip=\skip43
\calc@Bskip=\skip44
LaTeX Info: Redefining \setlength on input line 80.
LaTeX Info: Redefining \addtolength on input line 81.
\calc@Ccount=\count91
\calc@Cskip=\skip45
)
("C:/Users/Oliver/AppData/Local/Programs/MiKTeX 2.9/tex/latex/eso-pic/eso-pic.s
ty"
Package: eso-pic 2018/04/12 v2.0h eso-pic (RN)

("C:/Users/Oliver/AppData/Local/Programs/MiKTeX 2.9/tex/generic/oberdiek/atbegs
hi.sty"
Package: atbegshi 2016/06/09 v1.18 At begin shipout hook (HO)

("C:/Users/Oliver/AppData/Local/Programs/MiKTeX 2.9/tex/generic/oberdiek/infwar
err.sty"
Package: infwarerr 2016/05/16 v1.4 Providing info/warning/error messages (HO)
)
("C:/Users/Oliver/AppData/Local/Programs/MiKTeX 2.9/tex/generic/oberdiek/ltxcmd
s.sty"
Package: ltxcmds 2016/05/16 v1.23 LaTeX kernel commands for general use (HO)
)
("C:/Users/Oliver/AppData/Local/Programs/MiKTeX 2.9/tex/generic/oberdiek/ifpdf.
sty"
Package: ifpdf 2018/09/07 v3.3 Provides the ifpdf switch
))
("C:/Users/Oliver/AppData/Local/Programs/MiKTeX 2.9/tex/latex/graphics/keyval.s
ty"
Package: keyval 2014/10/28 v1.15 key=value parser (DPC)
\KV@toks@=\toks15
)
("C:/Users/Oliver/AppData/Local/Programs/MiKTeX 2.9/tex/latex/xcolor/xcolor.sty
"
Package: xcolor 2016/05/11 v2.12 LaTeX color extensions (UK)

("C:/Users/Oliver/AppData/Local/Programs/MiKTeX 2.9/tex/latex/graphics-cfg/colo
r.cfg"
File: color.cfg 2016/01/02 v1.6 sample color configuration
)
Package xcolor Info: Driver file: luatex.def on input line 225.

("C:/Users/Oliver/AppData/Local/Programs/MiKTeX 2.9/tex/latex/graphics-def/luat
ex.def"
File: luatex.def 2018/01/08 v1.0l Graphics/color driver for luatex
)
Package xcolor Info: Model `cmy' substituted by `cmy0' on input line 1348.
Package xcolor Info: Model `hsb' substituted by `rgb' on input line 1352.
Package xcolor Info: Model `RGB' extended on input line 1364.
Package xcolor Info: Model `HTML' substituted by `rgb' on input line 1366.
Package xcolor Info: Model `Hsb' substituted by `hsb' on input line 1367.
Package xcolor Info: Model `tHsb' substituted by `hsb' on input line 1368.
Package xcolor Info: Model `HSB' substituted by `hsb' on input line 1369.
Package xcolor Info: Model `Gray' substituted by `gray' on input line 1370.
Package xcolor Info: Model `wave' substituted by `hsb' on input line 1371.
))
("C:/Users/Oliver/AppData/Local/Programs/MiKTeX 2.9/tex/latex/graphics/graphicx
.sty"
Package: graphicx 2017/06/01 v1.1a Enhanced LaTeX Graphics (DPC,SPQR)

("C:/Users/Oliver/AppData/Local/Programs/MiKTeX 2.9/tex/latex/graphics/graphics
.sty"
Package: graphics 2017/06/25 v1.2c Standard LaTeX Graphics (DPC,SPQR)

("C:/Users/Oliver/AppData/Local/Programs/MiKTeX 2.9/tex/latex/graphics/trig.sty
"
Package: trig 2016/01/03 v1.10 sin cos tan (DPC)
)
("C:/Users/Oliver/AppData/Local/Programs/MiKTeX 2.9/tex/latex/graphics-cfg/grap
hics.cfg"
File: graphics.cfg 2016/06/04 v1.11 sample graphics configuration
)
Package graphics Info: Driver file: luatex.def on input line 99.
)
\Gin@req@height=\dimen107
\Gin@req@width=\dimen108
)
\AM@pagewidth=\dimen109
\AM@pageheight=\dimen110

("C:/Users/Oliver/AppData/Local/Programs/MiKTeX 2.9/tex/latex/pdfpages/ppluatex
.def"
File: ppluatex.def 2019/11/21 v0.5o Pdfpages driver for LuaTeX (AM)
)
\AM@pagebox=\box28
\AM@global@opts=\toks16
\AM@toc@title=\toks17
\c@AM@survey=\count92
\AM@templatesizebox=\box29
)
("C:/Users/Oliver/AppData/Local/Programs/MiKTeX 2.9/tex/latex/longfbox/longfbox
.sty"
Package: longfbox 2015/12/01, Daan Leijen, Provides long fbox that can break ove
r pages

("C:/Users/Oliver/AppData/Local/Programs/MiKTeX 2.9/tex/latex/options/options.s
ty"
Package: options 2015/03/01, Daan Leijen, Provides convenient path-value (or key
-value) options

("C:/Users/Oliver/AppData/Local/Programs/MiKTeX 2.9/tex/latex/etoolbox/etoolbox
.sty"
Package: etoolbox 2018/08/19 v2.5f e-TeX tools for LaTeX (JAW)
\etb@tempcnta=\count93
)
\opt@nesting=\count94
\opt@idx=\count95
\opt@choiceord=\count96
)
("C:/Users/Oliver/AppData/Local/Programs/MiKTeX 2.9/tex/latex/longfbox/longbox.
sty"
Package: longbox 2015/12/01, Daan Leijen, Provides basic longbox that can break 
over pages

("C:/Users/Oliver/AppData/Local/Programs/MiKTeX 2.9/tex/latex/mdwtools/footnote
.sty"
Package: footnote 1997/01/28 1.13 Save footnotes around boxes
\fn@notes=\box30
\fn@width=\dimen111
)
\lb@prevdepth=\skip46
\lb@freevspace=\skip47
\lb@headbox=\box31
\lb@savebox=\box32
\lb@mainbox=\box33
\lb@usevbox=\count97
\lb@width=\skip48
\lb@height=\skip49
\lb@skiptop=\skip50
\lb@skipright=\skip51
\lb@skipbottom=\skip52
\lb@skipleft=\skip53
\lb@skipbreaktop=\skip54
\lb@skipbreakbottom=\skip55
\lb@outerwidth=\skip56
\lb@extrasplit=\skip57
\lb@textalign=\count98
\lb@baseline=\count99
\lb@neededvspace=\skip58
\lb@splitheight=\skip59
\lb@insurance=\skip60
\/longbox/@part-height=\skip61
\/longbox/@part-width=\skip62
\/longbox/@part-depth=\skip63
\/longbox/@content-box-height=\skip64
\/longbox/@content-box-width=\skip65
\/longbox/@content-box-depth=\skip66
\/longbox/@breakat-previous=\skip67
\/longbox/@lower=\skip68
\/longbox/split-minimum=\skip69
\/longbox/split-badness=\skip70
\/longbox/raise=\skip71
\/longbox/height=\skip72
\/longbox/width=\skip73
\/longbox/outer-height=\skip74
\/longbox/outer-width=\skip75
\/longbox/skip-top=\skip76
\/longbox/skip-right=\skip77
\/longbox/skip-bottom=\skip78
\/longbox/skip-left=\skip79
\/longbox/skip-break-bottom=\skip80
\/longbox/skip-break-top=\skip81
)
("C:/Users/Oliver/AppData/Local/Programs/MiKTeX 2.9/tex/latex/pict2e/pict2e.sty
"
Package: pict2e 2019/08/20 v0.3c Improved picture commands (HjG,RN,JT)

("C:/Users/Oliver/AppData/Local/Programs/MiKTeX 2.9/tex/latex/pict2e/pict2e.cfg
"
File: pict2e.cfg 2016/02/05 v0.1u pict2e configuration for teTeX/TeXLive
)
Package pict2e Info: Driver file: luatex.def on input line 119.
Package pict2e Info: Driver file for pict2e: p2e-luatex.def on input line 121.

("C:/Users/Oliver/AppData/Local/Programs/MiKTeX 2.9/tex/latex/pict2e/p2e-luatex
.def"
File: p2e-luatex.def 2016/02/05 v0.1u Driver-dependant file (RN,HjG,JT)
)
\pIIe@GRAPH=\toks18
\@arclen=\dimen112
\@arcrad=\dimen113
\@tempdimd=\dimen114
)
("C:/Users/Oliver/AppData/Local/Programs/MiKTeX 2.9/tex/latex/ellipse/ellipse.s
ty"
Package: ellipse 2004/11/05 v1.0 .dtx ellipse file
)
\fbox@oct=\count100
\fbox@quad=\count101
\fbox@diaq=\count102
\fbox@sign=\count103
\fbox@anglestart=\skip82
\fbox@angleend=\skip83
\fbox@dash=\skip84
\fbox@dashskip=\skip85
\fbox@anglecur=\skip86
\fbox@dashangle=\skip87
\fbox@dashskipangle=\skip88
\fbox@delta=\skip89
\fbox@from=\skip90
\fbox@to=\skip91
\/fbox/padding-top=\skip92
\/fbox/padding-right=\skip93
\/fbox/padding-bottom=\skip94
\/fbox/padding-left=\skip95
\/fbox/padding-break-top=\skip96
\/fbox/padding-break-bottom=\skip97
\/fbox/margin-top=\skip98
\/fbox/margin-right=\skip99
\/fbox/margin-bottom=\skip100
\/fbox/margin-left=\skip101
\/fbox/margin-break-top=\skip102
\/fbox/margin-break-bottom=\skip103
\/fbox/border-top-width=\skip104
\/fbox/border-right-width=\skip105
\/fbox/border-bottom-width=\skip106
\/fbox/border-left-width=\skip107
\/fbox/border-break-top-width=\skip108
\/fbox/border-break-bottom-width=\skip109
\/fbox/@lower=\skip110
\/fbox/@padding-box-height=\skip111
\/fbox/@padding-box-depth=\skip112
\/fbox/@padding-box-width=\skip113
\/fbox/@border-box-width=\skip114
\/fbox/@border-box-height=\skip115
\/fbox/@border-box-depth=\skip116
\/fbox/@border-top-left-radius-x=\skip117
\/fbox/@border-top-right-radius-x=\skip118
\/fbox/@border-bottom-left-radius-x=\skip119
\/fbox/@border-bottom-right-radius-x=\skip120
\/fbox/@border-top-left-radius-y=\skip121
\/fbox/@border-top-right-radius-y=\skip122
\/fbox/@border-bottom-left-radius-y=\skip123
\/fbox/@border-bottom-right-radius-y=\skip124
\/fbox/@border-top-left-ix=\skip125
\/fbox/@border-top-left-iy=\skip126
\/fbox/@border-top-right-ix=\skip127
\/fbox/@border-top-right-iy=\skip128
\/fbox/@border-bottom-left-ix=\skip129
\/fbox/@border-bottom-left-iy=\skip130
\/fbox/@border-bottom-right-ix=\skip131
\/fbox/@border-bottom-right-iy=\skip132
\/fbox/@border-top-left-phi=\skip133
\/fbox/@border-top-right-phi=\skip134
\/fbox/@border-bottom-left-phi=\skip135
\/fbox/@border-bottom-right-phi=\skip136
)
("C:/Users/Oliver/AppData/Local/Programs/MiKTeX 2.9/tex/latex/base/latexsym.sty
"
Package: latexsym 1998/08/17 v2.2e Standard LaTeX package (lasy symbols)
\symlasy=\mathgroup4
LaTeX Font Info:    Overwriting symbol font `lasy' in version `bold'
(Font)                  U/lasy/m/n --> U/lasy/b/n on input line 52.
)
("C:/Users/Oliver/AppData/Local/Programs/MiKTeX 2.9/tex/latex/amscls/amsthm.sty
"
Package: amsthm 2017/10/31 v2.20.4
\thm@style=\toks19
\thm@bodyfont=\toks20
\thm@headfont=\toks21
\thm@notefont=\toks22
\thm@headpunct=\toks23
\thm@preskip=\skip137
\thm@postskip=\skip138
\thm@headsep=\skip139
\dth@everypar=\toks24
)
("C:/Users/Oliver/AppData/Local/Programs/MiKTeX 2.9/tex/latex/amsfonts/amssymb.
sty"
Package: amssymb 2013/01/14 v3.01 AMS font symbols

("C:/Users/Oliver/AppData/Local/Programs/MiKTeX 2.9/tex/latex/amsfonts/amsfonts
.sty"
Package: amsfonts 2013/01/14 v3.01 Basic AMSFonts support
\@emptytoks=\toks25
\symAMSa=\mathgroup5
\symAMSb=\mathgroup6
LaTeX Font Info:    Overwriting math alphabet `\mathfrak' in version `bold'
(Font)                  U/euf/m/n --> U/euf/b/n on input line 106.
))
("C:/Users/Oliver/AppData/Local/Programs/MiKTeX 2.9/tex/latex/amsmath/amsmath.s
ty"
Package: amsmath 2018/12/01 v2.17b AMS math features
\@mathmargin=\skip140

For additional information on amsmath, use the `?' option.

("C:/Users/Oliver/AppData/Local/Programs/MiKTeX 2.9/tex/latex/amsmath/amstext.s
ty"
Package: amstext 2000/06/29 v2.01 AMS text

("C:/Users/Oliver/AppData/Local/Programs/MiKTeX 2.9/tex/latex/amsmath/amsgen.st
y"
File: amsgen.sty 1999/11/30 v2.0 generic functions
\@emptytoks=\toks26
\ex@=\dimen115
))
("C:/Users/Oliver/AppData/Local/Programs/MiKTeX 2.9/tex/latex/amsmath/amsbsy.st
y"
Package: amsbsy 1999/11/29 v1.2d Bold Symbols
\pmbraise@=\dimen116
)
("C:/Users/Oliver/AppData/Local/Programs/MiKTeX 2.9/tex/latex/amsmath/amsopn.st
y"
Package: amsopn 2016/03/08 v2.02 operator names
)
\inf@bad=\count104
LaTeX Info: Redefining \frac on input line 223.
\uproot@=\count105
\leftroot@=\count106
LaTeX Info: Redefining \overline on input line 385.
\classnum@=\count107
\DOTSCASE@=\count108
LaTeX Info: Redefining \ldots on input line 482.
LaTeX Info: Redefining \dots on input line 485.
LaTeX Info: Redefining \cdots on input line 606.
\Mathstrutbox@=\box34
\strutbox@=\box35
\big@size=\dimen117
LaTeX Font Info:    Redeclaring font encoding OML on input line 729.
LaTeX Font Info:    Redeclaring font encoding OMS on input line 730.
\macc@depth=\count109
\c@MaxMatrixCols=\count110
\dotsspace@=\muskip10
\c@parentequation=\count111
\dspbrk@lvl=\count112
\tag@help=\toks27
\row@=\count113
\column@=\count114
\maxfields@=\count115
\andhelp@=\toks28
\eqnshift@=\dimen118
\alignsep@=\dimen119
\tagshift@=\dimen120
\tagwidth@=\dimen121
\totwidth@=\dimen122
\lineht@=\dimen123
\@envbody=\toks29
\multlinegap=\skip141
\multlinetaggap=\skip142
\mathdisplay@stack=\toks30
LaTeX Info: Redefining \[ on input line 2844.
LaTeX Info: Redefining \] on input line 2845.
)
("C:/Users/Oliver/AppData/Local/Programs/MiKTeX 2.9/tex/latex/pgf/frontendlayer
/tikz.sty"
("C:/Users/Oliver/AppData/Local/Programs/MiKTeX 2.9/tex/latex/pgf/basiclayer/pg
f.sty"
("C:/Users/Oliver/AppData/Local/Programs/MiKTeX 2.9/tex/latex/pgf/utilities/pgf
rcs.sty"
("C:/Users/Oliver/AppData/Local/Programs/MiKTeX 2.9/tex/generic/pgf/utilities/p
gfutil-common.tex"
\pgfutil@everybye=\toks31
\pgfutil@tempdima=\dimen124
\pgfutil@tempdimb=\dimen125

("C:/Users/Oliver/AppData/Local/Programs/MiKTeX 2.9/tex/generic/pgf/utilities/p
gfutil-common-lists.tex"))
("C:/Users/Oliver/AppData/Local/Programs/MiKTeX 2.9/tex/generic/pgf/utilities/p
gfutil-latex.def"
\pgfutil@abb=\box36

("C:/Users/Oliver/AppData/Local/Programs/MiKTeX 2.9/tex/latex/ms/everyshi.sty"
Package: everyshi 2001/05/15 v3.00 EveryShipout Package (MS)
))
("C:/Users/Oliver/AppData/Local/Programs/MiKTeX 2.9/tex/generic/pgf/utilities/p
gfrcs.code.tex"
("C:/Users/Oliver/AppData/Local/Programs/MiKTeX 2.9/tex/generic/pgf/pgf.revisio
n.tex")
Package: pgfrcs 2019/08/03 v3.1.4b (3.1.4b)
))
Package: pgf 2019/08/03 v3.1.4b (3.1.4b)

("C:/Users/Oliver/AppData/Local/Programs/MiKTeX 2.9/tex/latex/pgf/basiclayer/pg
fcore.sty"
("C:/Users/Oliver/AppData/Local/Programs/MiKTeX 2.9/tex/latex/pgf/systemlayer/p
gfsys.sty"
("C:/Users/Oliver/AppData/Local/Programs/MiKTeX 2.9/tex/generic/pgf/systemlayer
/pgfsys.code.tex"
Package: pgfsys 2019/08/03 v3.1.4b (3.1.4b)

("C:/Users/Oliver/AppData/Local/Programs/MiKTeX 2.9/tex/generic/pgf/utilities/p
gfkeys.code.tex"
\pgfkeys@pathtoks=\toks32
\pgfkeys@temptoks=\toks33

("C:/Users/Oliver/AppData/Local/Programs/MiKTeX 2.9/tex/generic/pgf/utilities/p
gfkeysfiltered.code.tex"
\pgfkeys@tmptoks=\toks34
))
\pgf@x=\dimen126
\pgf@y=\dimen127
\pgf@xa=\dimen128
\pgf@ya=\dimen129
\pgf@xb=\dimen130
\pgf@yb=\dimen131
\pgf@xc=\dimen132
\pgf@yc=\dimen133
\pgf@xd=\dimen134
\pgf@yd=\dimen135
\w@pgf@writea=\write3
\r@pgf@reada=\read1
\c@pgf@counta=\count116
\c@pgf@countb=\count117
\c@pgf@countc=\count118
\c@pgf@countd=\count119
\t@pgf@toka=\toks35
\t@pgf@tokb=\toks36
\t@pgf@tokc=\toks37
\pgf@sys@id@count=\count120

("C:/Users/Oliver/AppData/Local/Programs/MiKTeX 2.9/tex/generic/pgf/systemlayer
/pgf.cfg"
File: pgf.cfg 2019/08/03 v3.1.4b (3.1.4b)
)
Driver file for pgf: pgfsys-luatex.def

("C:/Users/Oliver/AppData/Local/Programs/MiKTeX 2.9/tex/generic/pgf/systemlayer
/pgfsys-luatex.def"
File: pgfsys-luatex.def 2019/08/03 v3.1.4b (3.1.4b)

("C:/Users/Oliver/AppData/Local/Programs/MiKTeX 2.9/tex/generic/pgf/systemlayer
/pgfsys-common-pdf.def"
File: pgfsys-common-pdf.def 2019/08/03 v3.1.4b (3.1.4b)
)))
("C:/Users/Oliver/AppData/Local/Programs/MiKTeX 2.9/tex/generic/pgf/systemlayer
/pgfsyssoftpath.code.tex"
File: pgfsyssoftpath.code.tex 2019/08/03 v3.1.4b (3.1.4b)
\pgfsyssoftpath@smallbuffer@items=\count121
\pgfsyssoftpath@bigbuffer@items=\count122
)
("C:/Users/Oliver/AppData/Local/Programs/MiKTeX 2.9/tex/generic/pgf/systemlayer
/pgfsysprotocol.code.tex"
File: pgfsysprotocol.code.tex 2019/08/03 v3.1.4b (3.1.4b)
))
("C:/Users/Oliver/AppData/Local/Programs/MiKTeX 2.9/tex/generic/pgf/basiclayer/
pgfcore.code.tex"
Package: pgfcore 2019/08/03 v3.1.4b (3.1.4b)

("C:/Users/Oliver/AppData/Local/Programs/MiKTeX 2.9/tex/generic/pgf/math/pgfmat
h.code.tex"
("C:/Users/Oliver/AppData/Local/Programs/MiKTeX 2.9/tex/generic/pgf/math/pgfmat
hcalc.code.tex"
("C:/Users/Oliver/AppData/Local/Programs/MiKTeX 2.9/tex/generic/pgf/math/pgfmat
hutil.code.tex")
("C:/Users/Oliver/AppData/Local/Programs/MiKTeX 2.9/tex/generic/pgf/math/pgfmat
hparser.code.tex"
\pgfmath@dimen=\dimen136
\pgfmath@count=\count123
\pgfmath@box=\box37
\pgfmath@toks=\toks38
\pgfmath@stack@operand=\toks39
\pgfmath@stack@operation=\toks40
)
("C:/Users/Oliver/AppData/Local/Programs/MiKTeX 2.9/tex/generic/pgf/math/pgfmat
hfunctions.code.tex"
("C:/Users/Oliver/AppData/Local/Programs/MiKTeX 2.9/tex/generic/pgf/math/pgfmat
hfunctions.basic.code.tex")
("C:/Users/Oliver/AppData/Local/Programs/MiKTeX 2.9/tex/generic/pgf/math/pgfmat
hfunctions.trigonometric.code.tex")
("C:/Users/Oliver/AppData/Local/Programs/MiKTeX 2.9/tex/generic/pgf/math/pgfmat
hfunctions.random.code.tex")
("C:/Users/Oliver/AppData/Local/Programs/MiKTeX 2.9/tex/generic/pgf/math/pgfmat
hfunctions.comparison.code.tex")
("C:/Users/Oliver/AppData/Local/Programs/MiKTeX 2.9/tex/generic/pgf/math/pgfmat
hfunctions.base.code.tex")
("C:/Users/Oliver/AppData/Local/Programs/MiKTeX 2.9/tex/generic/pgf/math/pgfmat
hfunctions.round.code.tex")
("C:/Users/Oliver/AppData/Local/Programs/MiKTeX 2.9/tex/generic/pgf/math/pgfmat
hfunctions.misc.code.tex")
("C:/Users/Oliver/AppData/Local/Programs/MiKTeX 2.9/tex/generic/pgf/math/pgfmat
hfunctions.integerarithmetics.code.tex")))
("C:/Users/Oliver/AppData/Local/Programs/MiKTeX 2.9/tex/generic/pgf/math/pgfmat
hfloat.code.tex"
\c@pgfmathroundto@lastzeros=\count124
))
("C:/Users/Oliver/AppData/Local/Programs/MiKTeX 2.9/tex/generic/pgf/math/pgfint
.code.tex")
("C:/Users/Oliver/AppData/Local/Programs/MiKTeX 2.9/tex/generic/pgf/basiclayer/
pgfcorepoints.code.tex"
File: pgfcorepoints.code.tex 2019/08/03 v3.1.4b (3.1.4b)
\pgf@picminx=\dimen137
\pgf@picmaxx=\dimen138
\pgf@picminy=\dimen139
\pgf@picmaxy=\dimen140
\pgf@pathminx=\dimen141
\pgf@pathmaxx=\dimen142
\pgf@pathminy=\dimen143
\pgf@pathmaxy=\dimen144
\pgf@xx=\dimen145
\pgf@xy=\dimen146
\pgf@yx=\dimen147
\pgf@yy=\dimen148
\pgf@zx=\dimen149
\pgf@zy=\dimen150
)
("C:/Users/Oliver/AppData/Local/Programs/MiKTeX 2.9/tex/generic/pgf/basiclayer/
pgfcorepathconstruct.code.tex"
File: pgfcorepathconstruct.code.tex 2019/08/03 v3.1.4b (3.1.4b)
\pgf@path@lastx=\dimen151
\pgf@path@lasty=\dimen152
)
("C:/Users/Oliver/AppData/Local/Programs/MiKTeX 2.9/tex/generic/pgf/basiclayer/
pgfcorepathusage.code.tex"
File: pgfcorepathusage.code.tex 2019/08/03 v3.1.4b (3.1.4b)
\pgf@shorten@end@additional=\dimen153
\pgf@shorten@start@additional=\dimen154
)
("C:/Users/Oliver/AppData/Local/Programs/MiKTeX 2.9/tex/generic/pgf/basiclayer/
pgfcorescopes.code.tex"
File: pgfcorescopes.code.tex 2019/08/03 v3.1.4b (3.1.4b)
\pgfpic=\box38
\pgf@hbox=\box39
\pgf@layerbox@main=\box40
\pgf@picture@serial@count=\count125
)
("C:/Users/Oliver/AppData/Local/Programs/MiKTeX 2.9/tex/generic/pgf/basiclayer/
pgfcoregraphicstate.code.tex"
File: pgfcoregraphicstate.code.tex 2019/08/03 v3.1.4b (3.1.4b)
\pgflinewidth=\dimen155
)
("C:/Users/Oliver/AppData/Local/Programs/MiKTeX 2.9/tex/generic/pgf/basiclayer/
pgfcoretransformations.code.tex"
File: pgfcoretransformations.code.tex 2019/08/03 v3.1.4b (3.1.4b)
\pgf@pt@x=\dimen156
\pgf@pt@y=\dimen157
\pgf@pt@temp=\dimen158
)
("C:/Users/Oliver/AppData/Local/Programs/MiKTeX 2.9/tex/generic/pgf/basiclayer/
pgfcorequick.code.tex"
File: pgfcorequick.code.tex 2019/08/03 v3.1.4b (3.1.4b)
)
("C:/Users/Oliver/AppData/Local/Programs/MiKTeX 2.9/tex/generic/pgf/basiclayer/
pgfcoreobjects.code.tex"
File: pgfcoreobjects.code.tex 2019/08/03 v3.1.4b (3.1.4b)
)
("C:/Users/Oliver/AppData/Local/Programs/MiKTeX 2.9/tex/generic/pgf/basiclayer/
pgfcorepathprocessing.code.tex"
File: pgfcorepathprocessing.code.tex 2019/08/03 v3.1.4b (3.1.4b)
)
("C:/Users/Oliver/AppData/Local/Programs/MiKTeX 2.9/tex/generic/pgf/basiclayer/
pgfcorearrows.code.tex"
File: pgfcorearrows.code.tex 2019/08/03 v3.1.4b (3.1.4b)
\pgfarrowsep=\dimen159
)
("C:/Users/Oliver/AppData/Local/Programs/MiKTeX 2.9/tex/generic/pgf/basiclayer/
pgfcoreshade.code.tex"
File: pgfcoreshade.code.tex 2019/08/03 v3.1.4b (3.1.4b)
\pgf@max=\dimen160
\pgf@sys@shading@range@num=\count126
\pgf@shadingcount=\count127
)
("C:/Users/Oliver/AppData/Local/Programs/MiKTeX 2.9/tex/generic/pgf/basiclayer/
pgfcoreimage.code.tex"
File: pgfcoreimage.code.tex 2019/08/03 v3.1.4b (3.1.4b)

("C:/Users/Oliver/AppData/Local/Programs/MiKTeX 2.9/tex/generic/pgf/basiclayer/
pgfcoreexternal.code.tex"
File: pgfcoreexternal.code.tex 2019/08/03 v3.1.4b (3.1.4b)
\pgfexternal@startupbox=\box41
))
("C:/Users/Oliver/AppData/Local/Programs/MiKTeX 2.9/tex/generic/pgf/basiclayer/
pgfcorelayers.code.tex"
File: pgfcorelayers.code.tex 2019/08/03 v3.1.4b (3.1.4b)
)
("C:/Users/Oliver/AppData/Local/Programs/MiKTeX 2.9/tex/generic/pgf/basiclayer/
pgfcoretransparency.code.tex"
File: pgfcoretransparency.code.tex 2019/08/03 v3.1.4b (3.1.4b)
)
("C:/Users/Oliver/AppData/Local/Programs/MiKTeX 2.9/tex/generic/pgf/basiclayer/
pgfcorepatterns.code.tex"
File: pgfcorepatterns.code.tex 2019/08/03 v3.1.4b (3.1.4b)
)
("C:/Users/Oliver/AppData/Local/Programs/MiKTeX 2.9/tex/generic/pgf/basiclayer/
pgfcorerdf.code.tex"
File: pgfcorerdf.code.tex 2019/08/03 v3.1.4b (3.1.4b)
)))
("C:/Users/Oliver/AppData/Local/Programs/MiKTeX 2.9/tex/generic/pgf/modules/pgf
moduleshapes.code.tex"
File: pgfmoduleshapes.code.tex 2019/08/03 v3.1.4b (3.1.4b)
\pgfnodeparttextbox=\box42
)
("C:/Users/Oliver/AppData/Local/Programs/MiKTeX 2.9/tex/generic/pgf/modules/pgf
moduleplot.code.tex"
File: pgfmoduleplot.code.tex 2019/08/03 v3.1.4b (3.1.4b)
)
("C:/Users/Oliver/AppData/Local/Programs/MiKTeX 2.9/tex/latex/pgf/compatibility
/pgfcomp-version-0-65.sty"
Package: pgfcomp-version-0-65 2019/08/03 v3.1.4b (3.1.4b)
\pgf@nodesepstart=\dimen161
\pgf@nodesepend=\dimen162
)
("C:/Users/Oliver/AppData/Local/Programs/MiKTeX 2.9/tex/latex/pgf/compatibility
/pgfcomp-version-1-18.sty"
Package: pgfcomp-version-1-18 2019/08/03 v3.1.4b (3.1.4b)
))
("C:/Users/Oliver/AppData/Local/Programs/MiKTeX 2.9/tex/latex/pgf/utilities/pgf
for.sty"
("C:/Users/Oliver/AppData/Local/Programs/MiKTeX 2.9/tex/latex/pgf/utilities/pgf
keys.sty"
("C:/Users/Oliver/AppData/Local/Programs/MiKTeX 2.9/tex/generic/pgf/utilities/p
gfkeys.code.tex"))
("C:/Users/Oliver/AppData/Local/Programs/MiKTeX 2.9/tex/latex/pgf/math/pgfmath.
sty"
("C:/Users/Oliver/AppData/Local/Programs/MiKTeX 2.9/tex/generic/pgf/math/pgfmat
h.code.tex"))
("C:/Users/Oliver/AppData/Local/Programs/MiKTeX 2.9/tex/generic/pgf/utilities/p
gffor.code.tex"
Package: pgffor 2019/08/03 v3.1.4b (3.1.4b)

("C:/Users/Oliver/AppData/Local/Programs/MiKTeX 2.9/tex/generic/pgf/math/pgfmat
h.code.tex")
\pgffor@iter=\dimen163
\pgffor@skip=\dimen164
\pgffor@stack=\toks41
\pgffor@toks=\toks42
))
("C:/Users/Oliver/AppData/Local/Programs/MiKTeX 2.9/tex/generic/pgf/frontendlay
er/tikz/tikz.code.tex"
Package: tikz 2019/08/03 v3.1.4b (3.1.4b)

("C:/Users/Oliver/AppData/Local/Programs/MiKTeX 2.9/tex/generic/pgf/libraries/p
gflibraryplothandlers.code.tex"
File: pgflibraryplothandlers.code.tex 2019/08/03 v3.1.4b (3.1.4b)
\pgf@plot@mark@count=\count128
\pgfplotmarksize=\dimen165
)
\tikz@lastx=\dimen166
\tikz@lasty=\dimen167
\tikz@lastxsaved=\dimen168
\tikz@lastysaved=\dimen169
\tikz@lastmovetox=\dimen170
\tikz@lastmovetoy=\dimen171
\tikzleveldistance=\dimen172
\tikzsiblingdistance=\dimen173
\tikz@figbox=\box43
\tikz@figbox@bg=\box44
\tikz@tempbox=\box45
\tikz@tempbox@bg=\box46
\tikztreelevel=\count129
\tikznumberofchildren=\count130
\tikznumberofcurrentchild=\count131
\tikz@fig@count=\count132

("C:/Users/Oliver/AppData/Local/Programs/MiKTeX 2.9/tex/generic/pgf/modules/pgf
modulematrix.code.tex"
File: pgfmodulematrix.code.tex 2019/08/03 v3.1.4b (3.1.4b)
\pgfmatrixcurrentrow=\count133
\pgfmatrixcurrentcolumn=\count134
\pgf@matrix@numberofcolumns=\count135
)
\tikz@expandcount=\count136

("C:/Users/Oliver/AppData/Local/Programs/MiKTeX 2.9/tex/generic/pgf/frontendlay
er/tikz/libraries/tikzlibrarytopaths.code.tex"
File: tikzlibrarytopaths.code.tex 2019/08/03 v3.1.4b (3.1.4b)
)))
("C:/Users/Oliver/AppData/Local/Programs/MiKTeX 2.9/tex/latex/braket/braket.sty
")
("C:/Users/Oliver/AppData/Local/Programs/MiKTeX 2.9/tex/latex/mathtools/mathtoo
ls.sty"
Package: mathtools 2019/07/31 v1.22 mathematical typesetting tools

("C:/Users/Oliver/AppData/Local/Programs/MiKTeX 2.9/tex/latex/mathtools/mhsetup
.sty"
Package: mhsetup 2017/03/31 v1.3 programming setup (MH)
)
LaTeX Info: Thecontrolsequence`\('isalreadyrobust on input line 129.
LaTeX Info: Thecontrolsequence`\)'isalreadyrobust on input line 129.
LaTeX Info: Thecontrolsequence`\['isalreadyrobust on input line 129.
LaTeX Info: Thecontrolsequence`\]'isalreadyrobust on input line 129.
\g_MT_multlinerow_int=\count137
\l_MT_multwidth_dim=\dimen174
\origjot=\skip143
\l_MT_shortvdotswithinadjustabove_dim=\dimen175
\l_MT_shortvdotswithinadjustbelow_dim=\dimen176
\l_MT_above_intertext_sep=\dimen177
\l_MT_below_intertext_sep=\dimen178
\l_MT_above_shortintertext_sep=\dimen179
\l_MT_below_shortintertext_sep=\dimen180
)
("C:/Users/Oliver/AppData/Local/Programs/MiKTeX 2.9/tex/latex/tensor/tensor.sty
"
Package: tensor 2004/12/20 v2.1 tensor indices package (PGR)
\tnsr@Sps=\toks43
\tnsr@Sbs=\toks44
\tnsr@Spe=\toks45
\tnsr@Sbe=\toks46
\ncld@Mno=\toks47
)
("C:/Users/Oliver/AppData/Local/Programs/MiKTeX 2.9/tex/latex/tikz-feynman/tikz
-feynman.sty"
Package: tikz-feynman 2016/02/05v1.1.0Feynman diagrams with TikZ

("C:/Users/Oliver/AppData/Local/Programs/MiKTeX 2.9/tex/generic/oberdiek/ifluat
ex.sty"
Package: ifluatex 2016/05/16 v1.4 Provides the ifluatex switch (HO)
Package ifluatex Info: LuaTeX detected.
)
("C:/Users/Oliver/AppData/Local/Programs/MiKTeX 2.9/tex/latex/pgfopts/pgfopts.s
ty"
Package: pgfopts 2014/07/10 v2.1a LaTeX package options with pgfkeys
\pgfopts@list@add@a@toks=\toks48
\pgfopts@list@add@b@toks=\toks49
)
("C:/Users/Oliver/AppData/Local/Programs/MiKTeX 2.9/tex/latex/tikz-feynman/tikz
libraryfeynman.code.tex"
("C:/Users/Oliver/AppData/Local/Programs/MiKTeX 2.9/tex/generic/pgf/libraries/p
gflibraryarrows.meta.code.tex"
File: pgflibraryarrows.meta.code.tex 2019/08/03 v3.1.4b (3.1.4b)
\pgfarrowinset=\dimen181
\pgfarrowlength=\dimen182
\pgfarrowwidth=\dimen183
\pgfarrowlinewidth=\dimen184
)
("C:/Users/Oliver/AppData/Local/Programs/MiKTeX 2.9/tex/generic/pgf/frontendlay
er/tikz/libraries/tikzlibrarycalc.code.tex"
File: tikzlibrarycalc.code.tex 2019/08/03 v3.1.4b (3.1.4b)
)
("C:/Users/Oliver/AppData/Local/Programs/MiKTeX 2.9/tex/generic/pgf/frontendlay
er/tikz/libraries/tikzlibrarydecorations.code.tex"
("C:/Users/Oliver/AppData/Local/Programs/MiKTeX 2.9/tex/generic/pgf/modules/pgf
moduledecorations.code.tex"
\pgfdecoratedcompleteddistance=\dimen185
\pgfdecoratedremainingdistance=\dimen186
\pgfdecoratedinputsegmentcompleteddistance=\dimen187
\pgfdecoratedinputsegmentremainingdistance=\dimen188
\pgf@decorate@distancetomove=\dimen189
\pgf@decorate@repeatstate=\count138
\pgfdecorationsegmentamplitude=\dimen190
\pgfdecorationsegmentlength=\dimen191
)
\tikz@lib@dec@box=\box47
)
("C:/Users/Oliver/AppData/Local/Programs/MiKTeX 2.9/tex/generic/pgf/frontendlay
er/tikz/libraries/tikzlibrarydecorations.markings.code.tex"
("C:/Users/Oliver/AppData/Local/Programs/MiKTeX 2.9/tex/generic/pgf/libraries/d
ecorations/pgflibrarydecorations.markings.code.tex"))
("C:/Users/Oliver/AppData/Local/Programs/MiKTeX 2.9/tex/generic/pgf/frontendlay
er/tikz/libraries/tikzlibrarydecorations.pathmorphing.code.tex"
("C:/Users/Oliver/AppData/Local/Programs/MiKTeX 2.9/tex/generic/pgf/libraries/d
ecorations/pgflibrarydecorations.pathmorphing.code.tex"))
("C:/Users/Oliver/AppData/Local/Programs/MiKTeX 2.9/tex/generic/pgf/frontendlay
er/tikz/libraries/tikzlibrarydecorations.pathreplacing.code.tex"
("C:/Users/Oliver/AppData/Local/Programs/MiKTeX 2.9/tex/generic/pgf/libraries/d
ecorations/pgflibrarydecorations.pathreplacing.code.tex"))
("C:/Users/Oliver/AppData/Local/Programs/MiKTeX 2.9/tex/generic/pgf/frontendlay
er/tikz/libraries/graphs/tikzlibrarygraphs.code.tex"
File: tikzlibrarygraphs.code.tex 2019/08/03 v3.1.4b (3.1.4b)
\tikz@lib@auto@number=\count139
\tikz@qnode@count=\count140
)
("C:/Users/Oliver/AppData/Local/Programs/MiKTeX 2.9/tex/generic/pgf/frontendlay
er/tikz/libraries/tikzlibrarypatterns.code.tex"
File: tikzlibrarypatterns.code.tex 2019/08/03 v3.1.4b (3.1.4b)

("C:/Users/Oliver/AppData/Local/Programs/MiKTeX 2.9/tex/generic/pgf/libraries/p
gflibrarypatterns.code.tex"
File: pgflibrarypatterns.code.tex 2019/08/03 v3.1.4b (3.1.4b)
))
("C:/Users/Oliver/AppData/Local/Programs/MiKTeX 2.9/tex/generic/pgf/frontendlay
er/tikz/libraries/tikzlibrarypositioning.code.tex"
File: tikzlibrarypositioning.code.tex 2019/08/03 v3.1.4b (3.1.4b)
)
("C:/Users/Oliver/AppData/Local/Programs/MiKTeX 2.9/tex/generic/pgf/frontendlay
er/tikz/libraries/tikzlibraryshapes.geometric.code.tex"
File: tikzlibraryshapes.geometric.code.tex 2019/08/03 v3.1.4b (3.1.4b)

("C:/Users/Oliver/AppData/Local/Programs/MiKTeX 2.9/tex/generic/pgf/libraries/s
hapes/pgflibraryshapes.geometric.code.tex"
File: pgflibraryshapes.geometric.code.tex 2019/08/03 v3.1.4b (3.1.4b)
))
("C:/Users/Oliver/AppData/Local/Programs/MiKTeX 2.9/tex/generic/pgf/graphdrawin
g/tex/tikzlibrarygraphdrawing.code.tex"
File: tikzlibrarygraphdrawing.code.tex 2019/08/03 v3.1.4b (3.1.4b)

("C:/Users/Oliver/AppData/Local/Programs/MiKTeX 2.9/tex/generic/pgf/graphdrawin
g/tex/pgflibrarygraphdrawing.code.tex"
File: pgflibrarygraphdrawing.code.tex 2019/08/03 v3.1.4b (3.1.4b)
\pgf@gd@parameter@stack@height=\count141
\pgf@gd@node@box=\box48
\pgf@gd@edge@box=\box49
\pgf@gd@prekind@box=\box50
\pgf@gd@postkind@box=\box51
))
("C:/Users/Oliver/AppData/Local/Programs/MiKTeX 2.9/tex/latex/tikz-feynman/tikz
feynman.keys.code.tex")))
("C:/Users/Oliver/AppData/Local/Programs/MiKTeX 2.9/tex/latex/was/gensymb.sty"
Package: gensymb 2003/07/02 v1.0 (WaS)
) ("C:/Users/Oliver/AppData/Local/Programs/MiKTeX 2.9/tex/latex/breqn/breqn.sty
"
("C:/Users/Oliver/AppData/Local/Programs/MiKTeX 2.9/tex/latex/l3kernel/expl3.st
y"
Package: expl3 2019-07-25 L3 programming layer (loader) 

("C:/Users/Oliver/AppData/Local/Programs/MiKTeX 2.9/tex/latex/l3kernel/expl3-co
de.tex"
Package: expl3 2019-07-25 L3 programming layer (code)
\ucharcat@table=\catcodetable5
\c_max_int=\count142
\l_tmpa_int=\count143
\l_tmpb_int=\count144
\g_tmpa_int=\count145
\g_tmpb_int=\count146
\g__kernel_prg_map_int=\count147
\c__ior_term_ior=\count148
\c_log_iow=\count149
\l_iow_line_count_int=\count150
\l__iow_line_target_int=\count151
\l__iow_one_indent_int=\count152
\l__iow_indent_int=\count153
\c_zero_dim=\dimen192
\c_max_dim=\dimen193
\l_tmpa_dim=\dimen194
\l_tmpb_dim=\dimen195
\g_tmpa_dim=\dimen196
\g_tmpb_dim=\dimen197
\c_zero_skip=\skip144
\c_max_skip=\skip145
\l_tmpa_skip=\skip146
\l_tmpb_skip=\skip147
\g_tmpa_skip=\skip148
\g_tmpb_skip=\skip149
\c_zero_muskip=\muskip11
\c_max_muskip=\muskip12
\l_tmpa_muskip=\muskip13
\l_tmpb_muskip=\muskip14
\g_tmpa_muskip=\muskip15
\g_tmpb_muskip=\muskip16
\l_keys_choice_int=\count154
\l__intarray_loop_int=\count155
\c__intarray_sp_dim=\dimen198
\g__intarray_font_int=\count156
\c__fp_leading_shift_int=\count157
\c__fp_middle_shift_int=\count158
\c__fp_trailing_shift_int=\count159
\c__fp_big_leading_shift_int=\count160
\c__fp_big_middle_shift_int=\count161
\c__fp_big_trailing_shift_int=\count162
\c__fp_Bigg_leading_shift_int=\count163
\c__fp_Bigg_middle_shift_int=\count164
\c__fp_Bigg_trailing_shift_int=\count165
\g__fp_array_int=\count166
\l__fp_array_loop_int=\count167
\l__sort_length_int=\count168
\l__sort_min_int=\count169
\l__sort_top_int=\count170
\l__sort_max_int=\count171
\l__sort_true_max_int=\count172
\l__sort_block_int=\count173
\l__sort_begin_int=\count174
\l__sort_end_int=\count175
\l__sort_A_int=\count176
\l__sort_B_int=\count177
\l__sort_C_int=\count178
\l__str_internal_int=\count179
\l__tl_analysis_normal_int=\count180
\l__tl_analysis_index_int=\count181
\l__tl_analysis_nesting_int=\count182
\l__tl_analysis_type_int=\count183
\l__regex_internal_a_int=\count184
\l__regex_internal_b_int=\count185
\l__regex_internal_c_int=\count186
\l__regex_balance_int=\count187
\l__regex_group_level_int=\count188
\l__regex_mode_int=\count189
\c__regex_cs_in_class_mode_int=\count190
\c__regex_cs_mode_int=\count191
\l__regex_catcodes_int=\count192
\l__regex_default_catcodes_int=\count193
\c__regex_catcode_L_int=\count194
\c__regex_catcode_O_int=\count195
\c__regex_catcode_A_int=\count196
\c__regex_all_catcodes_int=\count197
\l__regex_show_lines_int=\count198
\l__regex_min_state_int=\count199
\l__regex_max_state_int=\count266
\l__regex_left_state_int=\count267
\l__regex_right_state_int=\count268
\l__regex_capturing_group_int=\count269
\l__regex_min_pos_int=\count270
\l__regex_max_pos_int=\count271
\l__regex_curr_pos_int=\count272
\l__regex_start_pos_int=\count273
\l__regex_success_pos_int=\count274
\l__regex_curr_char_int=\count275
\l__regex_curr_catcode_int=\count276
\l__regex_last_char_int=\count277
\l__regex_case_changed_char_int=\count278
\l__regex_curr_state_int=\count279
\l__regex_step_int=\count280
\l__regex_min_active_int=\count281
\l__regex_max_active_int=\count282
\l__regex_replacement_csnames_int=\count283
\l__regex_match_count_int=\count284
\l__regex_min_submatch_int=\count285
\l__regex_submatch_int=\count286
\l__regex_zeroth_submatch_int=\count287
\g__regex_trace_regex_int=\count288
\c_empty_box=\box52
\l_tmpa_box=\box53
\l_tmpb_box=\box54
\g_tmpa_box=\box55
\g_tmpb_box=\box56
\l__box_top_dim=\dimen199
\l__box_bottom_dim=\dimen256
\l__box_left_dim=\dimen257
\l__box_right_dim=\dimen258
\l__box_top_new_dim=\dimen259
\l__box_bottom_new_dim=\dimen260
\l__box_left_new_dim=\dimen261
\l__box_right_new_dim=\dimen262
\l__box_internal_box=\box57
\l__coffin_internal_box=\box58
\l__coffin_internal_dim=\dimen263
\l__coffin_offset_x_dim=\dimen264
\l__coffin_offset_y_dim=\dimen265
\l__coffin_x_dim=\dimen266
\l__coffin_y_dim=\dimen267
\l__coffin_x_prime_dim=\dimen268
\l__coffin_y_prime_dim=\dimen269
\c_empty_coffin=\box59
\l__coffin_aligned_coffin=\box60
\l__coffin_aligned_internal_coffin=\box61
\l_tmpa_coffin=\box62
\l_tmpb_coffin=\box63
\g_tmpa_coffin=\box64
\g_tmpb_coffin=\box65
\l__coffin_bounding_shift_dim=\dimen270
\l__coffin_left_corner_dim=\dimen271
\l__coffin_right_corner_dim=\dimen272
\l__coffin_bottom_corner_dim=\dimen273
\l__coffin_top_corner_dim=\dimen274
\l__coffin_scaled_total_height_dim=\dimen275
\l__coffin_scaled_width_dim=\dimen276
\c__coffin_empty_coffin=\box66
\l__coffin_display_coffin=\box67
\l__coffin_display_coord_coffin=\box68
\l__coffin_display_pole_coffin=\box69
\l__coffin_display_offset_dim=\dimen277
\l__coffin_display_x_dim=\dimen278
\l__coffin_display_y_dim=\dimen279
\g__file_internal_ior=\read2
\l__seq_internal_a_int=\count289
\l__seq_internal_b_int=\count290
)
("C:/Users/Oliver/AppData/Local/Programs/MiKTeX 2.9/tex/latex/l3backend/l3backe
nd-pdfmode.def"
File: l3backend-pdfmode.def 2019-04-06 v L3 Experimental backend support: PDF mo
de
\l__kernel_color_stack_int=\count291
\l__pdf_internal_box=\box70
))
Package: breqn 2018/09/14 v0.98f Breaking equations

("C:/Users/Oliver/AppData/Local/Programs/MiKTeX 2.9/tex/latex/breqn/flexisym.st
y"
Package: flexisym 2017/01/27 v0.98e Make math characters macros
LaTeX Info: Redefining \textprime on input line 300.
LaTeX Info: Redefining \not on input line 358.

("C:/Users/Oliver/AppData/Local/Programs/MiKTeX 2.9/tex/latex/breqn/cmbase.sym"
File: cmbase.sym 2007/12/19 v0.92
LaTeX Info: Redefining \hbar on input line 325.
LaTeX Info: Redefining \surd on input line 327.
LaTeX Info: Redefining \angle on input line 335.
LaTeX Info: Redefining \neq on input line 336.
LaTeX Info: Redefining \mapsto on input line 337.
LaTeX Info: Redefining \cong on input line 338.
LaTeX Info: Redefining \notin on input line 341.
LaTeX Info: Redefining \rightleftharpoons on input line 342.
LaTeX Info: Redefining \doteq on input line 343.
LaTeX Info: Redefining \hookrightarrow on input line 344.
LaTeX Info: Redefining \hookleftarrow on input line 345.
LaTeX Info: Redefining \bowtie on input line 346.
LaTeX Info: Redefining \models on input line 347.
LaTeX Info: Redefining \Longrightarrow on input line 348.
LaTeX Info: Redefining \longrightarrow on input line 349.
LaTeX Info: Redefining \Longleftarrow on input line 350.
LaTeX Info: Redefining \longleftarrow on input line 351.
LaTeX Info: Redefining \longmapsto on input line 352.
LaTeX Info: Redefining \longleftrightarrow on input line 353.
LaTeX Info: Redefining \Longleftrightarrow on input line 354.
LaTeX Info: Redefining \cdots on input line 358.
LaTeX Info: Redefining \vdots on input line 361.
LaTeX Info: Redefining \ddots on input line 366.
)
("C:/Users/Oliver/AppData/Local/Programs/MiKTeX 2.9/tex/latex/breqn/mathstyle.s
ty"
Package: mathstyle 2017/01/27 0.98e Tracking mathstyle implicitly
LaTeX Info: Redefining \genfrac on input line 145.
))
\inf@bad=\count292
\maxint=\count293
\listwidth=\dimen280
\eqnumsep=\dimen281
\eqmargin=\dimen282
\eqlinespacing=\skip150
\eqlineskip=\skip151
\eqlineskiplimit=\dimen283
\eqbinoffset=\muskip17
\eqdelimoffset=\muskip18
\eqindentstep=\dimen284
\eqstyle=\toks50
\eqbreakdepth=\count294
\eqinterlinepenalty=\count295
\intereqpenalty=\count296
\intereqskip=\skip152
\prerelpenalty=\count297
\prebinoppenalty=\count298
\Dmedmuskip=\muskip19
\Dthickmuskip=\muskip20
\eqleftskip=\skip153
\eqrightskip=\skip154
\eq@vspan=\skip155
\eq@binoffset=\muskip21
\EQ@box=\box71
\EQ@copy=\box72
\EQ@numbox=\box73
\eq@wdNum=\dimen285
\GRP@numbox=\box74
\grp@wdNum=\dimen286
\eq@lines=\count299
\eq@curline=\count300
\eq@badness=\count301
\EQ@vims=\count302
\eq@dp=\dimen287
\eq@wdL=\dimen288
\eq@wdT=\dimen289
\eq@wdMin=\dimen290
\grp@wdL=\dimen291
\grp@wdR=\dimen292
\grp@wdT=\dimen293
\eq@wdRmax=\dimen294
\eq@firstht=\dimen295
\eq@wdCond=\dimen296
\eq@indentstep=\dimen297
\eq@linewidth=\dimen298
\grp@linewidth=\dimen299
\eq@hshift=\dimen300
\eq@given@sidespace=\dimen301
\mathindent=\dimen302
\eq@final@linecount=\count303
\eq@wdR=\dimen303
\EQ@continue=\toks51
\lr@level=\count304
\GRP@queue=\toks52
\GRP@box=\box75
\GRP@wholebox=\box76
\darraycolsep=\skip156
\cur@row=\count305
\cur@col=\count306
\conditionsep=\skip157
)
("C:/Users/Oliver/AppData/Local/Programs/MiKTeX 2.9/tex/latex/csquotes/csquotes
.sty"
Package: csquotes 2019/05/10 v5.2e context-sensitive quotations (JAW)
\csq@reset=\count307
\csq@gtype=\count308
\csq@glevel=\count309
\csq@qlevel=\count310
\csq@maxlvl=\count311
\csq@tshold=\count312
\csq@ltx@everypar=\toks53

("C:/Users/Oliver/AppData/Local/Programs/MiKTeX 2.9/tex/latex/csquotes/csquotes
.def"
File: csquotes.def 2019/05/10 v5.2e csquotes generic definitions (JAW)
)
Package csquotes Info: Trying to load configuration file 'csquotes.cfg'...
Package csquotes Info: ... configuration file loaded successfully.

("C:/Users/Oliver/AppData/Local/Programs/MiKTeX 2.9/tex/latex/csquotes/csquotes
.cfg"
File: csquotes.cfg 
))
("C:/Users/Oliver/AppData/Local/Programs/MiKTeX 2.9/tex/latex/carlisle/slashed.
sty"
Package: slashed 1997/01/16 v0.01 Feynman Slashed Character Notation (DPC)
)
("C:/Users/Oliver/AppData/Local/Programs/MiKTeX 2.9/tex/generic/pgf/frontendlay
er/tikz/libraries/tikzlibrarybabel.code.tex"
File: tikzlibrarybabel.code.tex 2019/08/03 v3.1.4b (3.1.4b)
)
("C:/Users/Oliver/AppData/Local/Programs/MiKTeX 2.9/tex/generic/babel/babel.sty
"
Package: babel 2019/07/19 3.33 The Babel package

("C:/Users/Oliver/AppData/Local/Programs/MiKTeX 2.9/tex/generic/babel/switch.de
f"
File: switch.def 2019/07/19 3.33 Babel switching mechanism
)
("C:/Users/Oliver/AppData/Local/Programs/MiKTeX 2.9/tex/generic/babel/luababel.
def"
\l@afrikaans=\language2
Package babel Info: Non-standard hyphenation setup on input line 114.
\l@ancientgreek=\language3
\l@arabic=\language4
\l@armenian=\language5
\l@assamese=\language6
\l@basque=\language7
\l@belarusian=\language8
\l@bengali=\language9
\l@bokmal=\language10
\l@bulgarian=\language11
\l@catalan=\language12
\l@churchslavonic=\language13
\l@classiclatin=\language14
\l@coptic=\language15
\l@croatian=\language16
\l@czech=\language17
\l@danish=\language18
\l@dutch=\language19
\l@esperanto=\language20
\l@estonian=\language21
\l@ethiopic=\language22
\l@farsi=\language23
\l@finnish=\language24
\l@french=\language25
\l@friulan=\language26
\l@galician=\language27
\l@georgian=\language28
\l@german=\language29
\l@german-x-2019-04-04=\language30
\l@greek=\language31
\l@gujarati=\language32
\l@hindi=\language33
\l@hungarian=\language34
\l@icelandic=\language35
\l@indonesian=\language36
\l@interlingua=\language37
\l@irish=\language38
\l@italian=\language39
\l@kannada=\language40
\l@kurmanji=\language41
\l@latin=\language42
\l@latvian=\language43
\l@lithuanian=\language44
\l@liturgicallatin=\language45
\l@malayalam=\language46
\l@marathi=\language47
\l@mongolian=\language48
\l@mongolianlmc=\language49
\l@monogreek=\language50
\l@ngerman=\language51
\l@ngerman-x-2019-04-04=\language52
\l@nynorsk=\language53
\l@occitan=\language54
\l@oriya=\language55
\l@pali=\language56
\l@panjabi=\language57
\l@piedmontese=\language58
\l@polish=\language59
\l@portuguese=\language60
\l@romanian=\language61
\l@romansh=\language62
\l@russian=\language63
\l@sanskrit=\language64
\l@serbian=\language65
\l@serbianc=\language66
\l@slovak=\language67
\l@slovenian=\language68
\l@spanish=\language69
\l@swedish=\language70
\l@swissgerman=\language71
\l@tamil=\language72
\l@telugu=\language73
\l@thai=\language74
\l@turkish=\language75
\l@turkmen=\language76
\l@ukenglish=\language77
\l@ukrainian=\language78
\l@uppersorbian=\language79
\l@usenglishmax=\language80
\l@welsh=\language81
)
*************************************
* Local config file bblopts.cfg used
*
("C:/Users/Oliver/AppData/Local/Programs/MiKTeX 2.9/tex/latex/arabi/bblopts.cfg
"
File: bblopts.cfg 2005/09/08 v0.1 add Arabic and Farsi to "declared" options of 
babel
)
("C:/Users/Oliver/AppData/Local/Programs/MiKTeX 2.9/tex/latex/babel-spanish/spa
nish.ldf"
Language: spanish.ldf 2016/03/03 v5.0p Spanish support from the babel system

("C:/Users/Oliver/AppData/Local/Programs/MiKTeX 2.9/tex/generic/babel/babel.def
"
File: babel.def 2019/07/19 3.33 Babel common definitions
\babel@savecnt=\count313
\U@D=\dimen304

("C:/Users/Oliver/AppData/Local/Programs/MiKTeX 2.9/tex/generic/babel/luababel.
def"
\bbl@attr@locale=\attribute6
))
\es@quottoks=\toks54
\es@quotdepth=\count314
Package babel Info: Making " an active character on input line 561.
Package babel Info: Making . an active character on input line 662.
Package babel Info: Making < an active character on input line 707.
Package babel Info: Making > an active character on input line 707.
Package babel Info: Making ' an active character on input line 725.

("C:/Users/Oliver/AppData/Local/Programs/MiKTeX 2.9/tex/generic/hyph-utf8/loadh
yph/loadhyph-es.tex" UTF-8 Spanish hyphenation patterns
("C:/Users/Oliver/AppData/Local/Programs/MiKTeX 2.9/tex/generic/hyph-utf8/patte
rns/tex/hyph-es.tex"))))
("C:/Users/Oliver/AppData/Local/Programs/MiKTeX 2.9/tex/latex/base/inputenc.sty
"
Package: inputenc 2018/08/11 v1.3c Input encoding file
\inpenc@prehook=\toks55
\inpenc@posthook=\toks56


Package inputenc Warning: inputenc package ignored with utf8 based engines.

)
("C:/Users/Oliver/AppData/Local/Programs/MiKTeX 2.9/tex/latex/tkz-euclide/tkz-e
uclide.sty"
Package: tkz-euclide 2011/06/01 1.16 c for plots 2d 

("C:/Users/Oliver/AppData/Local/Programs/MiKTeX 2.9/tex/latex/tkz-base/tkz-base
.sty"
Package: tkz-base 2018/09/19 1.16 d tkz-base

("C:/Users/Oliver/AppData/Local/Programs/MiKTeX 2.9/tex/generic/pgf/frontendlay
er/tikz/libraries/tikzlibraryarrows.code.tex"
File: tikzlibraryarrows.code.tex 2019/08/03 v3.1.4b (3.1.4b)

("C:/Users/Oliver/AppData/Local/Programs/MiKTeX 2.9/tex/generic/pgf/libraries/p
gflibraryarrows.code.tex"
File: pgflibraryarrows.code.tex 2019/08/03 v3.1.4b (3.1.4b)
\arrowsize=\dimen305
))
("C:/Users/Oliver/AppData/Local/Programs/MiKTeX 2.9/tex/generic/pgf/frontendlay
er/tikz/libraries/tikzlibraryplotmarks.code.tex"
File: tikzlibraryplotmarks.code.tex 2019/08/03 v3.1.4b (3.1.4b)

("C:/Users/Oliver/AppData/Local/Programs/MiKTeX 2.9/tex/generic/pgf/libraries/p
gflibraryplotmarks.code.tex"
File: pgflibraryplotmarks.code.tex 2019/08/03 v3.1.4b (3.1.4b)
))
("C:/Users/Oliver/AppData/Local/Programs/MiKTeX 2.9/tex/generic/pgf/frontendlay
er/tikz/libraries/tikzlibraryshapes.misc.code.tex"
File: tikzlibraryshapes.misc.code.tex 2019/08/03 v3.1.4b (3.1.4b)

("C:/Users/Oliver/AppData/Local/Programs/MiKTeX 2.9/tex/generic/pgf/libraries/s
hapes/pgflibraryshapes.misc.code.tex"
File: pgflibraryshapes.misc.code.tex 2019/08/03 v3.1.4b (3.1.4b)
))
("C:/Users/Oliver/AppData/Local/Programs/MiKTeX 2.9/tex/latex/numprint/numprint
.sty"
Package: numprint 2012/08/20 v1.39 Print numbers (HH)

("C:/Users/Oliver/AppData/Local/Programs/MiKTeX 2.9/tex/latex/tools/array.sty"
Package: array 2018/12/30 v2.4k Tabular extension package (FMi)
\col@sep=\dimen306
\ar@mcellbox=\box77
\extrarowheight=\dimen307
\NC@list=\toks57
\extratabsurround=\skip158
\backup@length=\skip159
\ar@cellbox=\box78
)
\c@nprt@mantissa@digitsbefore=\count315
\c@nprt@mantissa@digitsafter=\count316
\c@nprt@exponent@digitsbefore=\count317
\c@nprt@exponent@digitsafter=\count318
\nprt@digitwidth=\skip160
\nprt@sepwidth=\skip161
\nprt@decimalwidth=\skip162
\nprt@blockwidth=\skip163
\nprt@digittoks=\toks58
\nprt@pretoks=\toks59
\nprt@posttoks=\toks60
\nprt@thisdigit=\count319
\nprt@curpos=\count320
\nprt@rndpos=\count321
\c@nprt@digitsfirstblock=\count322
\c@nprt@blockcnt=\count323
\c@nprt@cntprint=\count324
No configuration file `numprint.cfg' found.)
("C:/Users/Oliver/AppData/Local/Programs/MiKTeX 2.9/tex/latex/fp/fp.sty"
Package: fp 1995/04/02

`Fixed Point Package', Version 0.8, April 2, 1995 (C) Michael Mehlich
("C:/Users/Oliver/AppData/Local/Programs/MiKTeX 2.9/tex/latex/fp/defpattern.sty
"
Package: defpattern 1994/10/12
\actioncount=\count325
) ("C:/Users/Oliver/AppData/Local/Programs/MiKTeX 2.9/tex/latex/fp/fp-basic.sty
"
Package: fp-basic 1996/05/13
\FP@xs=\count326
\FP@xia=\count327
\FP@xib=\count328
\FP@xfa=\count329
\FP@xfb=\count330
\FP@rega=\count331
\FP@regb=\count332
\FP@regs=\count333
\FP@times=\count334
)
("C:/Users/Oliver/AppData/Local/Programs/MiKTeX 2.9/tex/latex/fp/fp-addons.sty"
Package: fp-addons 1995/03/15
) ("C:/Users/Oliver/AppData/Local/Programs/MiKTeX 2.9/tex/latex/fp/fp-snap.sty"
Package: fp-snap 1995/04/05
) ("C:/Users/Oliver/AppData/Local/Programs/MiKTeX 2.9/tex/latex/fp/fp-exp.sty"
Package: fp-exp 1995/04/03
) ("C:/Users/Oliver/AppData/Local/Programs/MiKTeX 2.9/tex/latex/fp/fp-trigo.sty
"
Package: fp-trigo 1995/04/14
) ("C:/Users/Oliver/AppData/Local/Programs/MiKTeX 2.9/tex/latex/fp/fp-pas.sty"
Package: fp-pas 1994/08/29
) ("C:/Users/Oliver/AppData/Local/Programs/MiKTeX 2.9/tex/latex/fp/fp-random.st
y"
Package: fp-random 1995/02/23
\FPseed=\count335
) ("C:/Users/Oliver/AppData/Local/Programs/MiKTeX 2.9/tex/latex/fp/fp-eqn.sty"
Package: fp-eqn 1995/04/03
) ("C:/Users/Oliver/AppData/Local/Programs/MiKTeX 2.9/tex/latex/fp/fp-upn.sty"
Package: fp-upn 1996/10/21
) ("C:/Users/Oliver/AppData/Local/Programs/MiKTeX 2.9/tex/latex/fp/fp-eval.sty"
Package: fp-eval 1995/04/03
))
\tkzRadius=\dimen308
\tkzLength=\dimen309
\tkz@radi=\dimen310
\tkz@ax=\dimen311
\tkz@ay=\dimen312
\tkz@bx=\dimen313
\tkz@by=\dimen314
\tkz@cx=\dimen315
\tkz@cy=\dimen316
\tkz@dx=\dimen317
\tkz@dy=\dimen318

("C:/Users/Oliver/AppData/Local/Programs/MiKTeX 2.9/tex/latex/tkz-base/tkz-tool
s-utilities.tex")
("C:/Users/Oliver/AppData/Local/Programs/MiKTeX 2.9/tex/latex/tkz-base/tkz-tool
s-arith.tex"
File: tkz-tool-arith.tex tkz-tool-arith 1.161 d
)
("C:/Users/Oliver/AppData/Local/Programs/MiKTeX 2.9/tex/latex/tkz-base/tkz-tool
s-base.tex")
("C:/Users/Oliver/AppData/Local/Programs/MiKTeX 2.9/tex/latex/tkz-base/tkz-tool
s-misc.tex")
("C:/Users/Oliver/AppData/Local/Programs/MiKTeX 2.9/tex/latex/tkz-base/tkz-tool
s-math.tex")
("C:/Users/Oliver/AppData/Local/Programs/MiKTeX 2.9/tex/latex/tkz-base/tkz-obj-
points.tex")
("C:/Users/Oliver/AppData/Local/Programs/MiKTeX 2.9/tex/latex/tkz-base/tkz-obj-
segments.tex")
("C:/Users/Oliver/AppData/Local/Programs/MiKTeX 2.9/tex/latex/tkz-base/tkz-obj-
marks.tex"
\tkz@cntmk=\count336
))
("C:/Users/Oliver/AppData/Local/Programs/MiKTeX 2.9/tex/latex/tkz-euclide/tkz-t
ools-intersections.tex")
("C:/Users/Oliver/AppData/Local/Programs/MiKTeX 2.9/tex/latex/tkz-euclide/tkz-t
ools-transformations.tex")
("C:/Users/Oliver/AppData/Local/Programs/MiKTeX 2.9/tex/latex/tkz-euclide/tkz-o
bj-lines.tex")
("C:/Users/Oliver/AppData/Local/Programs/MiKTeX 2.9/tex/latex/tkz-euclide/tkz-l
ib-symbols.tex")
("C:/Users/Oliver/AppData/Local/Programs/MiKTeX 2.9/tex/latex/tkz-euclide/tkz-o
bj-circles.tex")
("C:/Users/Oliver/AppData/Local/Programs/MiKTeX 2.9/tex/latex/tkz-euclide/tkz-o
bj-addpoints.tex"))
("C:/Users/Oliver/AppData/Local/Programs/MiKTeX 2.9/tex/latex/esvect/esvect.sty
"
Package: esvect 
\symesvector=\mathgroup7
)
("C:/Users/Oliver/AppData/Local/Programs/MiKTeX 2.9/tex/latex/hyperref/hyperref
.sty"
Package: hyperref 2019/06/12 v6.88h Hypertext links for LaTeX

("C:/Users/Oliver/AppData/Local/Programs/MiKTeX 2.9/tex/generic/oberdiek/hobsub
-hyperref.sty"
Package: hobsub-hyperref 2016/05/16 v1.14 Bundle oberdiek, subset hyperref (HO)

("C:/Users/Oliver/AppData/Local/Programs/MiKTeX 2.9/tex/generic/oberdiek/hobsub
-generic.sty"
Package: hobsub-generic 2016/05/16 v1.14 Bundle oberdiek, subset generic (HO)
Package: hobsub 2016/05/16 v1.14 Construct package bundles (HO)
Package hobsub Info: Skipping package `infwarerr' (already loaded).
Package hobsub Info: Skipping package `ltxcmds' (already loaded).
Package hobsub Info: Skipping package `ifluatex' (already loaded).
Package: ifvtex 2016/05/16 v1.6 Detect VTeX and its facilities (HO)
Package ifvtex Info: VTeX not detected.
Package: intcalc 2016/05/16 v1.2 Expandable calculations with integers (HO)
Package hobsub Info: Skipping package `ifpdf' (already loaded).
Package: etexcmds 2016/05/16 v1.6 Avoid name clashes with e-TeX commands (HO)
Package: kvsetkeys 2016/05/16 v1.17 Key value parser (HO)
Package: kvdefinekeys 2016/05/16 v1.4 Define keys (HO)
Package: luatex-loader 2019/07/25 v0.7 Lua module loader (HO)

(C:/Users/Oliver/AppData/Local/Programs/MiKTeX 2.9/scripts/oberdiek/oberdiek.lua
tex.lua)
Package: pdftexcmds 2019/07/25 v0.30 Utility functions of pdfTeX for LuaTeX (HO)

Package pdftexcmds Info: \pdf@primitive is available.
Package pdftexcmds Info: \pdf@ifprimitive is available.
Package pdftexcmds Info: \pdfdraftmode found.
\pdftexcmds@toks=\toks61
Package: pdfescape 2016/05/16 v1.14 Implements pdfTeX's escape features (HO)
Package: bigintcalc 2016/05/16 v1.4 Expandable calculations on big integers (HO)

Package: bitset 2016/05/16 v1.2 Handle bit-vector datatype (HO)
Package: uniquecounter 2016/05/16 v1.3 Provide unlimited unique counter (HO)
)
Package hobsub Info: Skipping package `hobsub' (already loaded).
Package: letltxmacro 2016/05/16 v1.5 Let assignment for LaTeX macros (HO)
Package: hopatch 2016/05/16 v1.3 Wrapper for package hooks (HO)
Package: xcolor-patch 2016/05/16 xcolor patch
Package: atveryend 2016/05/16 v1.9 Hooks at the very end of document (HO)
Package hobsub Info: Skipping package `atbegshi' (already loaded).
Package: refcount 2016/05/16 v3.5 Data extraction from label references (HO)
Package: hycolor 2016/05/16 v1.8 Color options for hyperref/bookmark (HO)
)
("C:/Users/Oliver/AppData/Local/Programs/MiKTeX 2.9/tex/generic/ifxetex/ifxetex
.sty"
Package: ifxetex 2010/09/12 v0.6 Provides ifxetex conditional
)
("C:/Users/Oliver/AppData/Local/Programs/MiKTeX 2.9/tex/latex/oberdiek/auxhook.
sty"
Package: auxhook 2016/05/16 v1.4 Hooks for auxiliary files (HO)
)
("C:/Users/Oliver/AppData/Local/Programs/MiKTeX 2.9/tex/latex/oberdiek/kvoption
s.sty"
Package: kvoptions 2016/05/16 v3.12 Key value format for package options (HO)
)
\@linkdim=\dimen319
\Hy@linkcounter=\count337
\Hy@pagecounter=\count338

("C:/Users/Oliver/AppData/Local/Programs/MiKTeX 2.9/tex/latex/hyperref/pd1enc.d
ef"
File: pd1enc.def 2019/06/12 v6.88h Hyperref: PDFDocEncoding definition (HO)
)
\Hy@SavedSpaceFactor=\count339

("C:/Users/Oliver/AppData/Local/Programs/MiKTeX 2.9/tex/latex/00miktex/hyperref
.cfg"
File: hyperref.cfg 2002/06/06 v1.2 hyperref configuration of TeXLive
)
Package hyperref Info: Hyper figures OFF on input line 4550.
Package hyperref Info: Link nesting OFF on input line 4555.
Package hyperref Info: Hyper index ON on input line 4558.
Package hyperref Info: Plain pages OFF on input line 4565.
Package hyperref Info: Backreferencing OFF on input line 4570.
Package hyperref Info: Implicit mode ON; LaTeX internals redefined.
Package hyperref Info: Bookmarks ON on input line 4803.
\c@Hy@tempcnt=\count340
 ("C:/Users/Oliver/AppData/Local/Programs/MiKTeX 2.9/tex/latex/url/url.sty"
\Urlmuskip=\muskip22
Package: url 2013/09/16  ver 3.4  Verb mode for urls, etc.
)
LaTeX Info: Redefining \url on input line 5156.
\XeTeXLinkMargin=\dimen320
\Fld@menulength=\count341
\Field@Width=\dimen321
\Fld@charsize=\dimen322
Package hyperref Info: Hyper figures OFF on input line 6411.
Package hyperref Info: Link nesting OFF on input line 6416.
Package hyperref Info: Hyper index ON on input line 6419.
Package hyperref Info: backreferencing OFF on input line 6426.
Package hyperref Info: Link coloring OFF on input line 6431.
Package hyperref Info: Link coloring with OCG OFF on input line 6436.
Package hyperref Info: PDF/A mode OFF on input line 6441.
LaTeX Info: Redefining \ref on input line 6481.
LaTeX Info: Redefining \pageref on input line 6485.
\Hy@abspage=\count342
\c@Item=\count343
\c@Hfootnote=\count344
)
Package hyperref Info: Driver (autodetected): hluatex.

("C:/Users/Oliver/AppData/Local/Programs/MiKTeX 2.9/tex/latex/hyperref/hluatex.
def"
File: hluatex.def 2019/06/12 v6.88h Hyperref driver for luaTeX
\Fld@listcount=\count345
\c@bookmark@seq@number=\count346

("C:/Users/Oliver/AppData/Local/Programs/MiKTeX 2.9/tex/latex/oberdiek/rerunfil
echeck.sty"
Package: rerunfilecheck 2016/05/16 v1.8 Rerun checks for auxiliary files (HO)
Package uniquecounter Info: New unique counter `rerunfilecheck' on input line 28
2.
)
\Hy@SectionHShift=\skip164
)
("C:/Users/Oliver/AppData/Local/Programs/MiKTeX 2.9/tex/latex/caption/caption.s
ty"
Package: caption 2019/09/01 v3.3d Customizing captions (AR)

("C:/Users/Oliver/AppData/Local/Programs/MiKTeX 2.9/tex/latex/caption/caption3.
sty"
Package: caption3 2019/09/01 v1.8d caption3 kernel (AR)
Package caption3 Info: TeX engine: e-TeX on input line 64.
\captionmargin=\dimen323
\captionmargin@=\dimen324
\captionwidth=\dimen325
\caption@tempdima=\dimen326
\caption@indent=\dimen327
\caption@parindent=\dimen328
\caption@hangindent=\dimen329
)
\c@caption@flags=\count347
\c@ContinuedFloat=\count348
Package caption Info: hyperref package is loaded.
Package caption Info: wrapfig package is loaded.
)
\c@theorem=\count349
\c@myclaim=\count350


Package csquotes Warning: Load 'inputenc' before 'csquotes' on input line 477.

Package csquotes Info: Checking for multilingual support...
Package csquotes Info: ... found 'babel' package.
Package csquotes Info: Adjusting default style.
Package csquotes Info: Redefining alias 'default' -> 'spanish'.
(./tfm.aux
LaTeX Info: Redefining \. on input line 28.
LaTeX Info: Redefining \% on input line 28.
LaTeX Info: Redefining \. on input line 29.
LaTeX Info: Redefining \% on input line 29.
)
\openout1 = tfm.aux

LaTeX Font Info:    Checking defaults for OML/cmm/m/it on input line 477.
LaTeX Font Info:    ... okay on input line 477.
LaTeX Font Info:    Checking defaults for T1/cmr/m/n on input line 477.
LaTeX Font Info:    ... okay on input line 477.
LaTeX Font Info:    Checking defaults for OT1/cmr/m/n on input line 477.
LaTeX Font Info:    ... okay on input line 477.
LaTeX Font Info:    Checking defaults for OMS/cmsy/m/n on input line 477.
LaTeX Font Info:    ... okay on input line 477.
LaTeX Font Info:    Checking defaults for TU/lmr/m/n on input line 477.
LaTeX Font Info:    ... okay on input line 477.
LaTeX Font Info:    Checking defaults for OMX/cmex/m/n on input line 477.
LaTeX Font Info:    ... okay on input line 477.
LaTeX Font Info:    Checking defaults for U/cmr/m/n on input line 477.
LaTeX Font Info:    ... okay on input line 477.
LaTeX Font Info:    Checking defaults for PD1/pdf/m/n on input line 477.
LaTeX Font Info:    ... okay on input line 477.
\AtBeginShipoutBox=\box79

("C:/Users/Oliver/AppData/Local/Programs/MiKTeX 2.9/tex/context/base/mkii/supp-
pdf.mkii"
[Loading MPS to PDF converter (version 2006.09.02).]
\scratchcounter=\count351
\scratchdimen=\dimen330
\scratchbox=\box80
\nofMPsegments=\count352
\nofMParguments=\count353
\everyMPshowfont=\toks62
\MPscratchCnt=\count354
\MPscratchDim=\dimen331
\MPnumerator=\count355
\makeMPintoPDFobject=\count356
\everyMPtoPDFconversion=\toks63
)
("C:/Users/Oliver/AppData/Local/Programs/MiKTeX 2.9/tex/latex/oberdiek/epstopdf
-base.sty"
Package: epstopdf-base 2016/05/15 v2.6 Base part for package epstopdf

("C:/Users/Oliver/AppData/Local/Programs/MiKTeX 2.9/tex/latex/oberdiek/grfext.s
ty"
Package: grfext 2016/05/16 v1.2 Manage graphics extensions (HO)
)
Package epstopdf-base Info: Redefining graphics rule for `.eps' on input line 43
8.
Package grfext Info: Graphics extension search list:
(grfext)             [.pdf,.png,.jpg,.mps,.jpeg,.jbig2,.jb2,.PDF,.PNG,.JPG,.JPEG
,.JBIG2,.JB2,.eps]
(grfext)             \AppendGraphicsExtensions on input line 456.
)
("C:/Users/Oliver/AppData/Local/Programs/MiKTeX 2.9/tex/latex/oberdiek/pdflscap
e.sty"
Package: pdflscape 2016/05/14 v0.11 Display of landscape pages in PDF (HO)

("C:/Users/Oliver/AppData/Local/Programs/MiKTeX 2.9/tex/latex/graphics/lscape.s
ty"
Package: lscape 2000/10/22 v3.01 Landscape Pages (DPC)
)
Package pdflscape Info: Auto-detected driver: pdftex on input line 81.
) ABD: EveryShipout initializing macros

Package tikz-feynman Warning: The preamble requested version 1.0.0, but the syst
em version is 1.1.0. This may change some diagrams. on input line 477.

LaTeX Info: Redefining \celsius on input line 477.
Package gensymb Info: Faking symbols for \degree and \celsius on input line 477.


Package gensymb Warning: Not defining \perthousand.

LaTeX Info: Redefining \ohm on input line 477.
Package gensymb Info: Using \Omega for \ohm on input line 477.

Package gensymb Warning: Not defining \micro.

LaTeX Info: Redefining \. on input line 477.
LaTeX Info: Redefining \% on input line 477.
LaTeX Info: Redefining \. on input line 477.
LaTeX Info: Redefining \% on input line 477.
Package hyperref Info: Link coloring OFF on input line 477.

("C:/Users/Oliver/AppData/Local/Programs/MiKTeX 2.9/tex/latex/hyperref/nameref.
sty"
Package: nameref 2016/05/21 v2.44 Cross-referencing by name of section

("C:/Users/Oliver/AppData/Local/Programs/MiKTeX 2.9/tex/generic/oberdiek/gettit
lestring.sty"
Package: gettitlestring 2016/05/16 v1.5 Cleanup title references (HO)
)
\c@section@level=\count357
)
LaTeX Info: Redefining \ref on input line 477.
LaTeX Info: Redefining \pageref on input line 477.
LaTeX Info: Redefining \nameref on input line 477.
 (./tfm.out) (./tfm.out)
\@outlinefile=\write4

\openout4 = tfm.out
Package caption Info: Begin \AtBeginDocument code.
Package caption Info: End \AtBeginDocument code.
LaTeX Font Info:    Try loading font information for U+lasy on input line 496.

("C:/Users/Oliver/AppData/Local/Programs/MiKTeX 2.9/tex/latex/base/ulasy.fd"
File: ulasy.fd 1998/08/17 v2.2e LaTeX symbol font definitions
)
LaTeX Font Info:    Try loading font information for U+msa on input line 496.

("C:/Users/Oliver/AppData/Local/Programs/MiKTeX 2.9/tex/latex/amsfonts/umsa.fd"
File: umsa.fd 2013/01/14 v3.01 AMS symbols A
)
LaTeX Font Info:    Try loading font information for U+msb on input line 496.
 ("C:/Users/Oliver/AppData/Local/Programs/MiKTeX 2.9/tex/latex/amsfonts/umsb.fd
"
File: umsb.fd 2013/01/14 v3.01 AMS symbols B
)
LaTeX Font Info:    Try loading font information for U+esvect on input line 496.


("C:/Users/Oliver/AppData/Local/Programs/MiKTeX 2.9/tex/latex/esvect/uesvect.fd
"
File: uesvect.fd 
) (./tfm.toc
LaTeX Info: Redefining \. on input line 1.
LaTeX Info: Redefining \% on input line 1.
LaTeX Info: Redefining \. on input line 2.
LaTeX Info: Redefining \% on input line 2.
)
\tf@toc=\write5

\openout5 = tfm.toc
<observables.png, id=16, 1084.05pt x 2168.1pt>
File: observables.png Graphic file (type png)
<use observables.png>
Package luatex.def Info: observables.png  used on input line 507.
(luatex.def)             Requested size: 345.0pt x 690.00171pt.


LaTeX Warning: Float too large for page by 168.00171pt on input line 509.

(./tfm.bbl [1

{C:/Users/Oliver/AppData/Local/MiKTeX/2.9/pdftex/config/pdftex.map}] [2<./observ
ables.png>]) [3]
Package atveryend Info: Empty hook `BeforeClearDocument' on input line 516.
Package atveryend Info: Empty hook `AfterLastShipout' on input line 516.
 (./tfm.aux
LaTeX Info: Redefining \. on input line 28.
LaTeX Info: Redefining \% on input line 28.
LaTeX Info: Redefining \. on input line 29.
LaTeX Info: Redefining \% on input line 29.
)
Package atveryend Info: Executing hook `AtVeryEndDocument' on input line 516.
Package atveryend Info: Executing hook `AtEndAfterFileList' on input line 516.
Package rerunfilecheck Info: File `tfm.out' has not changed.
(rerunfilecheck)             Checksum: 3C5815F18D09201EEA40F36AD59C064F;97.
)

Here is how much of LuaTeX's memory you used:
 41614 strings out of 494305
 125171,1144653 words of node,token memory allocated
 964 words of node memory still in use:
   7 hlist, 2 vlist, 2 rule, 1 dir, 2 glue, 4 kern, 1 glyph, 16 attribute, 139 g
lue_spec, 10 attribute_list, 2 write nodes
   avail lists: 1:8,2:533,3:97,4:24,5:83,6:23,7:1450,8:12,9:107,10:9,11:117,12:1

 44464 multiletter control sequences out of 65536+200000
 57 fonts using 7995103 bytes
 55i,6n,80p,837b,578s stack positions out of 5000i,500n,10000p,200000b,50000s
<c:/users/oliver/appdata/local/programs/miktex 2.9/fonts/opentype/public/lm/lmro
man10-italic.otf><c:/users/oliver/appdata/local/programs/miktex 2.9/fonts/openty
pe/public/lm/lmroman10-regular.otf><c:/users/oliver/appdata/local/programs/mikte
x 2.9/fonts/opentype/public/lm/lmroman10-bold.otf><c:/users/oliver/appdata/local
/programs/miktex 2.9/fonts/opentype/public/lm/lmroman12-bold.otf><c:/users/olive
r/appdata/local/programs/miktex 2.9/fonts/opentype/public/lm/lmroman9-bold.otf><
c:/users/oliver/appdata/local/programs/miktex 2.9/fonts/opentype/public/lm/lmrom
an12-regular.otf><c:/users/oliver/appdata/local/programs/miktex 2.9/fonts/openty
pe/public/lm/lmroman17-regular.otf>
Output written on tfm.pdf (3 pages, 85350 bytes).

PDF statistics: 98 PDF objects out of 1000 (max. 8388607)
 19 named destinations out of 1000 (max. 131072)
 32 words of extra memory for PDF output out of 10000 (max. 100000000)

