This is LuaTeX, Version 1.10.1 (MiKTeX 2.9.7140 64-bit)  (format=lualatex 2019.8.13)  3 NOV 2020 17:14
 restricted system commands enabled.
**cas-dc-template.tex
(./cas-dc-template.tex
LaTeX2e <2018-12-01>
Lua module: luaotfload-main 2019-07-04 2.98 luaotfload entry point
Lua module: luaotfload-init 2019-07-04 2.98 luaotfload submodule / initializatio
n
Lua module: lualibs 2019-07-04 2.66 ConTeXt Lua standard libraries.
Lua module: lualibs-extended 2019-07-04 2.66 ConTeXt Lua libraries -- extended c
ollection.
Lua module: luaotfload-log 2019-07-04 2.98 luaotfload submodule / logging
Lua module: luaotfload-parsers 2019-07-04 2.98 luaotfload submodule / filelist
Lua module: luaotfload-configuration 2019-07-04 2.98 luaotfload submodule / conf
ig file reader
luaotfload | conf : Root cache directory is C:/Users/Oliver/AppData/Local/MiKTeX
/2.9/luatex-cache/generic/names.
luaotfload | init : Loading fontloader “fontloader-2019-07-04.lua” from kpse
-resolved path “C:/Users/Oliver/AppData/Local/Programs/MiKTeX 2.9/tex/luatex/l
uaotfload/fontloader-2019-07-04.lua”.
Lua-only attribute luaotfload@state = 2
Lua-only attribute luaotfload@noligature = 3
Lua-only attribute luaotfload@syllabe = 4
luaotfload | init : Context OpenType loader version “3.108”
Inserting `luaotfload.node_processor' at position 1 in `pre_linebreak_filter'.
Inserting `luaotfload.node_processor' at position 1 in `hpack_filter'.
Lua module: luaotfload-loaders 2019-07-04 2.98 luaotfload submodule / callback h
andling
Inserting `luaotfload.define_font' at position 1 in `define_font'.
Lua module: luaotfload-database 2019-07-04 2.98 luaotfload submodule / database
Lua module: luaotfload-colors 2019-07-04 2.98 luaotfload submodule / color
Lua-only attribute luaotfload_color_attribute = 5
Lua module: luaotfload-resolvers 2019-07-04 2.98 luaotfload submodule / resolver
s
luaotfload | conf : Root cache directory is C:/Users/Oliver/AppData/Local/MiKTeX
/2.9/luatex-cache/generic/names.
Lua module: luaotfload-features 2019-07-04 2.98 luaotfload submodule / features
Lua module: luaotfload-letterspace 2019-07-04 2.98 luaotfload submodule / color
Lua module: luaotfload-embolden 2019-07-04 2.98 luaotfload submodule / color
Lua module: luaotfload-notdef 2019-07-04 2.98 luaotfload submodule / color
Lua module: luaotfload-auxiliary 2019-07-04 2.98 luaotfload submodule / auxiliar
y functions
Inserting `luaotfload.aux.set_sscale_dimens' at position 1 in `luaotfload.patch_
font'.
Inserting `luaotfload.aux.patch_cambria_domh' at position 2 in `luaotfload.patch
_font'.
Inserting `luaotfload.aux.fixup_fontdata' at position 1 in `luaotfload.patch_fon
t_unsafe'.
Inserting `luaotfload.aux.set_capheight' at position 3 in `luaotfload.patch_font
'.
Inserting `luaotfload.aux.set_xheight' at position 4 in `luaotfload.patch_font'.
Inserting `luaotfload.rewrite_fontname' at position 5 in `luaotfload.patch_font'
.
luaotfload | main : initialization completed in 2.426 seconds
(./cas-dc.cls
Document Class: cas-dc 2020/03/14, 2.1: Formatting class for CAS double column a
rticles
\c@blind=\count80
\@bls=\dimen102
("C:/Users/Oliver/AppData/Local/Programs/MiKTeX 2.9/tex/latex/base/article.cls"
Document Class: article 2018/09/03 v1.4i Standard LaTeX document class
("C:/Users/Oliver/AppData/Local/Programs/MiKTeX 2.9/tex/latex/base/fleqn.clo"
File: fleqn.clo 2016/12/29 v1.2b Standard LaTeX option (flush left equations)
\mathindent=\dimen103
Applying: [2015/01/01] Make \[ robust on input line 50.
LaTeX Info: Redefining \[ on input line 51.
Already applied: [0000/00/00] Make \[ robust on input line 62.
Applying: [2015/01/01] Make \] robust on input line 74.
LaTeX Info: Redefining \] on input line 75.
Already applied: [0000/00/00] Make \] robust on input line 83.
)
("C:/Users/Oliver/AppData/Local/Programs/MiKTeX 2.9/tex/latex/base/size10.clo"
File: size10.clo 2018/09/03 v1.4i Standard LaTeX file (size option)
luaotfload | db : Font names database loaded from C:/Users/Oliver/AppData/Local/
MiKTeX/2.9/luatex-cache/generic/names/luaotfload-names.luc)
\c@part=\count81
\c@section=\count82
\c@subsection=\count83
\c@subsubsection=\count84
\c@paragraph=\count85
\c@subparagraph=\count86
\c@figure=\count87
\c@table=\count88
\abovecaptionskip=\skip41
\belowcaptionskip=\skip42
\bibindent=\dimen104
)
("C:/Users/Oliver/AppData/Local/Programs/MiKTeX 2.9/tex/latex/graphics/graphicx
.sty"
Package: graphicx 2017/06/01 v1.1a Enhanced LaTeX Graphics (DPC,SPQR)

("C:/Users/Oliver/AppData/Local/Programs/MiKTeX 2.9/tex/latex/graphics/keyval.s
ty"
Package: keyval 2014/10/28 v1.15 key=value parser (DPC)
\KV@toks@=\toks14
)
("C:/Users/Oliver/AppData/Local/Programs/MiKTeX 2.9/tex/latex/graphics/graphics
.sty"
Package: graphics 2017/06/25 v1.2c Standard LaTeX Graphics (DPC,SPQR)

("C:/Users/Oliver/AppData/Local/Programs/MiKTeX 2.9/tex/latex/graphics/trig.sty
"
Package: trig 2016/01/03 v1.10 sin cos tan (DPC)
)
("C:/Users/Oliver/AppData/Local/Programs/MiKTeX 2.9/tex/latex/graphics-cfg/grap
hics.cfg"
File: graphics.cfg 2016/06/04 v1.11 sample graphics configuration
)
Package graphics Info: Driver file: luatex.def on input line 99.

("C:/Users/Oliver/AppData/Local/Programs/MiKTeX 2.9/tex/latex/graphics-def/luat
ex.def"
File: luatex.def 2018/01/08 v1.0l Graphics/color driver for luatex
))
\Gin@req@height=\dimen105
\Gin@req@width=\dimen106
)
("C:/Users/Oliver/AppData/Local/Programs/MiKTeX 2.9/tex/latex/amsmath/amsmath.s
ty"
Package: amsmath 2018/12/01 v2.17b AMS math features
\@mathmargin=\skip43

For additional information on amsmath, use the `?' option.

("C:/Users/Oliver/AppData/Local/Programs/MiKTeX 2.9/tex/latex/amsmath/amstext.s
ty"
Package: amstext 2000/06/29 v2.01 AMS text

("C:/Users/Oliver/AppData/Local/Programs/MiKTeX 2.9/tex/latex/amsmath/amsgen.st
y"
File: amsgen.sty 1999/11/30 v2.0 generic functions
\@emptytoks=\toks15
\ex@=\dimen107
))
("C:/Users/Oliver/AppData/Local/Programs/MiKTeX 2.9/tex/latex/amsmath/amsbsy.st
y"
Package: amsbsy 1999/11/29 v1.2d Bold Symbols
\pmbraise@=\dimen108
)
("C:/Users/Oliver/AppData/Local/Programs/MiKTeX 2.9/tex/latex/amsmath/amsopn.st
y"
Package: amsopn 2016/03/08 v2.02 operator names
)
\inf@bad=\count89
LaTeX Info: Redefining \frac on input line 223.
\uproot@=\count90
\leftroot@=\count91
LaTeX Info: Redefining \overline on input line 385.
\classnum@=\count92
\DOTSCASE@=\count93
LaTeX Info: Redefining \ldots on input line 482.
LaTeX Info: Redefining \dots on input line 485.
LaTeX Info: Redefining \cdots on input line 606.
\Mathstrutbox@=\box27
\strutbox@=\box28
\big@size=\dimen109
LaTeX Font Info:    Redeclaring font encoding OML on input line 729.
LaTeX Font Info:    Redeclaring font encoding OMS on input line 730.
\macc@depth=\count94
\c@MaxMatrixCols=\count95
\dotsspace@=\muskip10
\c@parentequation=\count96
\dspbrk@lvl=\count97
\tag@help=\toks16
\row@=\count98
\column@=\count99
\maxfields@=\count100
\andhelp@=\toks17
\eqnshift@=\dimen110
\alignsep@=\dimen111
\tagshift@=\dimen112
\tagwidth@=\dimen113
\totwidth@=\dimen114
\lineht@=\dimen115
\@envbody=\toks18
\multlinegap=\skip44
\multlinetaggap=\skip45
\mathdisplay@stack=\toks19
LaTeX Info: Redefining \[ on input line 2844.
LaTeX Info: Redefining \] on input line 2845.
)
("C:/Users/Oliver/AppData/Local/Programs/MiKTeX 2.9/tex/latex/amsfonts/amsfonts
.sty"
Package: amsfonts 2013/01/14 v3.01 Basic AMSFonts support
\symAMSa=\mathgroup4
\symAMSb=\mathgroup5
LaTeX Font Info:    Overwriting math alphabet `\mathfrak' in version `bold'
(Font)                  U/euf/m/n --> U/euf/b/n on input line 106.
)
("C:/Users/Oliver/AppData/Local/Programs/MiKTeX 2.9/tex/latex/amsfonts/amssymb.
sty"
Package: amssymb 2013/01/14 v3.01 AMS font symbols
)
("C:/Users/Oliver/AppData/Local/Programs/MiKTeX 2.9/tex/latex/l3kernel/expl3.st
y"
Package: expl3 2019-07-25 L3 programming layer (loader) 

("C:/Users/Oliver/AppData/Local/Programs/MiKTeX 2.9/tex/latex/l3kernel/expl3-co
de.tex"
Package: expl3 2019-07-25 L3 programming layer (code)
\ucharcat@table=\catcodetable5
\c_max_int=\count101
\l_tmpa_int=\count102
\l_tmpb_int=\count103
\g_tmpa_int=\count104
\g_tmpb_int=\count105
\g__kernel_prg_map_int=\count106
\c__ior_term_ior=\count107
\c_log_iow=\count108
\l_iow_line_count_int=\count109
\l__iow_line_target_int=\count110
\l__iow_one_indent_int=\count111
\l__iow_indent_int=\count112
\c_zero_dim=\dimen116
\c_max_dim=\dimen117
\l_tmpa_dim=\dimen118
\l_tmpb_dim=\dimen119
\g_tmpa_dim=\dimen120
\g_tmpb_dim=\dimen121
\c_zero_skip=\skip46
\c_max_skip=\skip47
\l_tmpa_skip=\skip48
\l_tmpb_skip=\skip49
\g_tmpa_skip=\skip50
\g_tmpb_skip=\skip51
\c_zero_muskip=\muskip11
\c_max_muskip=\muskip12
\l_tmpa_muskip=\muskip13
\l_tmpb_muskip=\muskip14
\g_tmpa_muskip=\muskip15
\g_tmpb_muskip=\muskip16
\l_keys_choice_int=\count113
\l__intarray_loop_int=\count114
\c__intarray_sp_dim=\dimen122
\g__intarray_font_int=\count115
\c__fp_leading_shift_int=\count116
\c__fp_middle_shift_int=\count117
\c__fp_trailing_shift_int=\count118
\c__fp_big_leading_shift_int=\count119
\c__fp_big_middle_shift_int=\count120
\c__fp_big_trailing_shift_int=\count121
\c__fp_Bigg_leading_shift_int=\count122
\c__fp_Bigg_middle_shift_int=\count123
\c__fp_Bigg_trailing_shift_int=\count124
\g__fp_array_int=\count125
\l__fp_array_loop_int=\count126
\l__sort_length_int=\count127
\l__sort_min_int=\count128
\l__sort_top_int=\count129
\l__sort_max_int=\count130
\l__sort_true_max_int=\count131
\l__sort_block_int=\count132
\l__sort_begin_int=\count133
\l__sort_end_int=\count134
\l__sort_A_int=\count135
\l__sort_B_int=\count136
\l__sort_C_int=\count137
\l__str_internal_int=\count138
\l__tl_analysis_normal_int=\count139
\l__tl_analysis_index_int=\count140
\l__tl_analysis_nesting_int=\count141
\l__tl_analysis_type_int=\count142
\l__regex_internal_a_int=\count143
\l__regex_internal_b_int=\count144
\l__regex_internal_c_int=\count145
\l__regex_balance_int=\count146
\l__regex_group_level_int=\count147
\l__regex_mode_int=\count148
\c__regex_cs_in_class_mode_int=\count149
\c__regex_cs_mode_int=\count150
\l__regex_catcodes_int=\count151
\l__regex_default_catcodes_int=\count152
\c__regex_catcode_L_int=\count153
\c__regex_catcode_O_int=\count154
\c__regex_catcode_A_int=\count155
\c__regex_all_catcodes_int=\count156
\l__regex_show_lines_int=\count157
\l__regex_min_state_int=\count158
\l__regex_max_state_int=\count159
\l__regex_left_state_int=\count160
\l__regex_right_state_int=\count161
\l__regex_capturing_group_int=\count162
\l__regex_min_pos_int=\count163
\l__regex_max_pos_int=\count164
\l__regex_curr_pos_int=\count165
\l__regex_start_pos_int=\count166
\l__regex_success_pos_int=\count167
\l__regex_curr_char_int=\count168
\l__regex_curr_catcode_int=\count169
\l__regex_last_char_int=\count170
\l__regex_case_changed_char_int=\count171
\l__regex_curr_state_int=\count172
\l__regex_step_int=\count173
\l__regex_min_active_int=\count174
\l__regex_max_active_int=\count175
\l__regex_replacement_csnames_int=\count176
\l__regex_match_count_int=\count177
\l__regex_min_submatch_int=\count178
\l__regex_submatch_int=\count179
\l__regex_zeroth_submatch_int=\count180
\g__regex_trace_regex_int=\count181
\c_empty_box=\box29
\l_tmpa_box=\box30
\l_tmpb_box=\box31
\g_tmpa_box=\box32
\g_tmpb_box=\box33
\l__box_top_dim=\dimen123
\l__box_bottom_dim=\dimen124
\l__box_left_dim=\dimen125
\l__box_right_dim=\dimen126
\l__box_top_new_dim=\dimen127
\l__box_bottom_new_dim=\dimen128
\l__box_left_new_dim=\dimen129
\l__box_right_new_dim=\dimen130
\l__box_internal_box=\box34
\l__coffin_internal_box=\box35
\l__coffin_internal_dim=\dimen131
\l__coffin_offset_x_dim=\dimen132
\l__coffin_offset_y_dim=\dimen133
\l__coffin_x_dim=\dimen134
\l__coffin_y_dim=\dimen135
\l__coffin_x_prime_dim=\dimen136
\l__coffin_y_prime_dim=\dimen137
\c_empty_coffin=\box36
\l__coffin_aligned_coffin=\box37
\l__coffin_aligned_internal_coffin=\box38
\l_tmpa_coffin=\box39
\l_tmpb_coffin=\box40
\g_tmpa_coffin=\box41
\g_tmpb_coffin=\box42
\l__coffin_bounding_shift_dim=\dimen138
\l__coffin_left_corner_dim=\dimen139
\l__coffin_right_corner_dim=\dimen140
\l__coffin_bottom_corner_dim=\dimen141
\l__coffin_top_corner_dim=\dimen142
\l__coffin_scaled_total_height_dim=\dimen143
\l__coffin_scaled_width_dim=\dimen144
\c__coffin_empty_coffin=\box43
\l__coffin_display_coffin=\box44
\l__coffin_display_coord_coffin=\box45
\l__coffin_display_pole_coffin=\box46
\l__coffin_display_offset_dim=\dimen145
\l__coffin_display_x_dim=\dimen146
\l__coffin_display_y_dim=\dimen147
\g__file_internal_ior=\read1
\l__seq_internal_a_int=\count182
\l__seq_internal_b_int=\count183
)
("C:/Users/Oliver/AppData/Local/Programs/MiKTeX 2.9/tex/latex/l3backend/l3backe
nd-pdfmode.def"
File: l3backend-pdfmode.def 2019-04-06 v L3 Experimental backend support: PDF mo
de
\l__kernel_color_stack_int=\count184
\l__pdf_internal_box=\box47
))
("C:/Users/Oliver/AppData/Local/Programs/MiKTeX 2.9/tex/latex/l3packages/xparse
/xparse.sty"
Package: xparse 2019-10-11 L3 Experimental document command parser
\l__xparse_current_arg_int=\count185
\g__xparse_grabber_int=\count186
\l__xparse_m_args_int=\count187
\l__xparse_v_nesting_int=\count188
)
("C:/Users/Oliver/AppData/Local/Programs/MiKTeX 2.9/tex/latex/etoolbox/etoolbox
.sty"
Package: etoolbox 2018/08/19 v2.5f e-TeX tools for LaTeX (JAW)
\etb@tempcnta=\count189
)
("C:/Users/Oliver/AppData/Local/Programs/MiKTeX 2.9/tex/latex/preprint/balance.
sty"
Package: balance 1999/02/23 4.3 (PWD)
\oldvsize=\dimen148
)
("C:/Users/Oliver/AppData/Local/Programs/MiKTeX 2.9/tex/latex/booktabs/booktabs
.sty"
Package: booktabs 2019/10/08 v1.6180339 publication quality tables
\heavyrulewidth=\dimen149
\lightrulewidth=\dimen150
\cmidrulewidth=\dimen151
\belowrulesep=\dimen152
\belowbottomsep=\dimen153
\aboverulesep=\dimen154
\abovetopsep=\dimen155
\cmidrulesep=\dimen156
\cmidrulekern=\dimen157
\defaultaddspace=\dimen158
\@cmidla=\count190
\@cmidlb=\count191
\@aboverulesep=\dimen159
\@belowrulesep=\dimen160
\@thisruleclass=\count192
\@lastruleclass=\count193
\@thisrulewidth=\dimen161
)
("C:/Users/Oliver/AppData/Local/Programs/MiKTeX 2.9/tex/latex/makecell/makecell
.sty"
Package: makecell 2009/08/03 V0.1e Managing of Tab Column Heads and Cells

("C:/Users/Oliver/AppData/Local/Programs/MiKTeX 2.9/tex/latex/tools/array.sty"
Package: array 2018/12/30 v2.4k Tabular extension package (FMi)
\col@sep=\dimen162
\ar@mcellbox=\box48
\extrarowheight=\dimen163
\NC@list=\toks20
\extratabsurround=\skip52
\backup@length=\skip53
\ar@cellbox=\box49
)
\rotheadsize=\dimen164
\c@nlinenum=\count194
\TeXr@lab=\toks21
)
("C:/Users/Oliver/AppData/Local/Programs/MiKTeX 2.9/tex/latex/multirow/multirow
.sty"
Package: multirow 2019/05/31 v2.5 Span multiple rows of a table
\multirow@colwidth=\skip54
\multirow@cntb=\count195
\multirow@dima=\skip55
\bigstrutjot=\dimen165
)
("C:/Users/Oliver/AppData/Local/Programs/MiKTeX 2.9/tex/latex/colortbl/colortbl
.sty"
Package: colortbl 2018/12/12 v1.0d Color table columns (DPC)

("C:/Users/Oliver/AppData/Local/Programs/MiKTeX 2.9/tex/latex/graphics/color.st
y"
Package: color 2016/07/10 v1.1e Standard LaTeX Color (DPC)

("C:/Users/Oliver/AppData/Local/Programs/MiKTeX 2.9/tex/latex/graphics-cfg/colo
r.cfg"
File: color.cfg 2016/01/02 v1.6 sample color configuration
)
Package color Info: Driver file: luatex.def on input line 147.
)
\everycr=\toks22
\minrowclearance=\skip56
)
("C:/Users/Oliver/AppData/Local/Programs/MiKTeX 2.9/tex/latex/tools/dcolumn.sty
"
Package: dcolumn 2014/10/28 v1.06 decimal alignment package (DPC)
)
("C:/Users/Oliver/AppData/Local/Programs/MiKTeX 2.9/tex/latex/sttools/stfloats.
sty"
Package: stfloats 2017/03/27 v3.3 Improve float mechanism and baselineskip setti
ngs
\@dblbotnum=\count196
\c@dblbotnumber=\count197
)
("C:/Users/Oliver/AppData/Local/Programs/MiKTeX 2.9/tex/latex/tools/xspace.sty"
Package: xspace 2014/10/28 v1.13 Space after command names (DPC,MH)
)
("C:/Users/Oliver/AppData/Local/Programs/MiKTeX 2.9/tex/latex/xstring/xstring.s
ty"
("C:/Users/Oliver/AppData/Local/Programs/MiKTeX 2.9/tex/generic/xstring/xstring
.tex"
\integerpart=\count198
\decimalpart=\count199
)
Package: xstring 2019/02/06 v1.83 String manipulations (CT)
)
("C:/Users/Oliver/AppData/Local/Programs/MiKTeX 2.9/tex/latex/footmisc/footmisc
.sty"
Package: footmisc 2011/06/06 v5.5b a miscellany of footnote facilities
\FN@temptoken=\toks23
\footnotemargin=\dimen166
\c@pp@next@reset=\count266
Package footmisc Info: Declaring symbol style bringhurst on input line 855.
Package footmisc Info: Declaring symbol style chicago on input line 863.
Package footmisc Info: Declaring symbol style wiley on input line 872.
Package footmisc Info: Declaring symbol style lamport-robust on input line 883.
Package footmisc Info: Declaring symbol style lamport* on input line 903.
Package footmisc Info: Declaring symbol style lamport*-robust on input line 924.

)
("C:/Users/Oliver/AppData/Local/Programs/MiKTeX 2.9/tex/latex/xcolor/xcolor.sty
"
Package: xcolor 2016/05/11 v2.12 LaTeX color extensions (UK)

("C:/Users/Oliver/AppData/Local/Programs/MiKTeX 2.9/tex/latex/graphics-cfg/colo
r.cfg"
File: color.cfg 2016/01/02 v1.6 sample color configuration
)
Package xcolor Info: Driver file: luatex.def on input line 225.
LaTeX Info: Redefining \color on input line 709.
Package xcolor Info: Model `cmy' substituted by `cmy0' on input line 1348.
Package xcolor Info: Model `hsb' substituted by `rgb' on input line 1352.
Package xcolor Info: Model `RGB' extended on input line 1364.
Package xcolor Info: Model `HTML' substituted by `rgb' on input line 1366.
Package xcolor Info: Model `Hsb' substituted by `hsb' on input line 1367.
Package xcolor Info: Model `tHsb' substituted by `hsb' on input line 1368.
Package xcolor Info: Model `HSB' substituted by `hsb' on input line 1369.
Package xcolor Info: Model `Gray' substituted by `gray' on input line 1370.
Package xcolor Info: Model `wave' substituted by `hsb' on input line 1371.

("C:/Users/Oliver/AppData/Local/Programs/MiKTeX 2.9/tex/latex/graphics/dvipsnam
.def"
File: dvipsnam.def 2016/06/17 v3.0m Driver-dependent file (DPC,SPQR)
)
("C:/Users/Oliver/AppData/Local/Programs/MiKTeX 2.9/tex/latex/xcolor/svgnam.def
"
File: svgnam.def 2016/05/11 v2.12 Predefined colors according to SVG 1.1 (UK)
))
("C:/Users/Oliver/AppData/Local/Programs/MiKTeX 2.9/tex/latex/hyperref/hyperref
.sty"
Package: hyperref 2019/06/12 v6.88h Hypertext links for LaTeX

("C:/Users/Oliver/AppData/Local/Programs/MiKTeX 2.9/tex/generic/oberdiek/hobsub
-hyperref.sty"
Package: hobsub-hyperref 2016/05/16 v1.14 Bundle oberdiek, subset hyperref (HO)

("C:/Users/Oliver/AppData/Local/Programs/MiKTeX 2.9/tex/generic/oberdiek/hobsub
-generic.sty"
Package: hobsub-generic 2016/05/16 v1.14 Bundle oberdiek, subset generic (HO)
Package: hobsub 2016/05/16 v1.14 Construct package bundles (HO)
Package: infwarerr 2016/05/16 v1.4 Providing info/warning/error messages (HO)
Package: ltxcmds 2016/05/16 v1.23 LaTeX kernel commands for general use (HO)
Package: ifluatex 2016/05/16 v1.4 Provides the ifluatex switch (HO)
Package ifluatex Info: LuaTeX detected.
Package: ifvtex 2016/05/16 v1.6 Detect VTeX and its facilities (HO)
Package ifvtex Info: VTeX not detected.
Package: intcalc 2016/05/16 v1.2 Expandable calculations with integers (HO)
Package: ifpdf 2018/09/07 v3.3 Provides the ifpdf switch
Package: etexcmds 2016/05/16 v1.6 Avoid name clashes with e-TeX commands (HO)
Package: kvsetkeys 2016/05/16 v1.17 Key value parser (HO)
Package: kvdefinekeys 2016/05/16 v1.4 Define keys (HO)
Package: luatex-loader 2019/07/25 v0.7 Lua module loader (HO)

(C:/Users/Oliver/AppData/Local/Programs/MiKTeX 2.9/scripts/oberdiek/oberdiek.lua
tex.lua)
Package: pdftexcmds 2019/07/25 v0.30 Utility functions of pdfTeX for LuaTeX (HO)

Package pdftexcmds Info: \pdf@primitive is available.
Package pdftexcmds Info: \pdf@ifprimitive is available.
Package pdftexcmds Info: \pdfdraftmode found.
\pdftexcmds@toks=\toks24
Package: pdfescape 2016/05/16 v1.14 Implements pdfTeX's escape features (HO)
Package: bigintcalc 2016/05/16 v1.4 Expandable calculations on big integers (HO)

Package: bitset 2016/05/16 v1.2 Handle bit-vector datatype (HO)
Package: uniquecounter 2016/05/16 v1.3 Provide unlimited unique counter (HO)
)
Package hobsub Info: Skipping package `hobsub' (already loaded).
Package: letltxmacro 2016/05/16 v1.5 Let assignment for LaTeX macros (HO)
Package: hopatch 2016/05/16 v1.3 Wrapper for package hooks (HO)
Package: xcolor-patch 2016/05/16 xcolor patch
Package: atveryend 2016/05/16 v1.9 Hooks at the very end of document (HO)
Package: atbegshi 2016/06/09 v1.18 At begin shipout hook (HO)
Package: refcount 2016/05/16 v3.5 Data extraction from label references (HO)
Package: hycolor 2016/05/16 v1.8 Color options for hyperref/bookmark (HO)
)
("C:/Users/Oliver/AppData/Local/Programs/MiKTeX 2.9/tex/generic/ifxetex/ifxetex
.sty"
Package: ifxetex 2010/09/12 v0.6 Provides ifxetex conditional
)
("C:/Users/Oliver/AppData/Local/Programs/MiKTeX 2.9/tex/latex/oberdiek/auxhook.
sty"
Package: auxhook 2016/05/16 v1.4 Hooks for auxiliary files (HO)
)
("C:/Users/Oliver/AppData/Local/Programs/MiKTeX 2.9/tex/latex/oberdiek/kvoption
s.sty"
Package: kvoptions 2016/05/16 v3.12 Key value format for package options (HO)
)
\@linkdim=\dimen167
\Hy@linkcounter=\count267
\Hy@pagecounter=\count268

("C:/Users/Oliver/AppData/Local/Programs/MiKTeX 2.9/tex/latex/hyperref/pd1enc.d
ef"
File: pd1enc.def 2019/06/12 v6.88h Hyperref: PDFDocEncoding definition (HO)
)
\Hy@SavedSpaceFactor=\count269

("C:/Users/Oliver/AppData/Local/Programs/MiKTeX 2.9/tex/latex/00miktex/hyperref
.cfg"
File: hyperref.cfg 2002/06/06 v1.2 hyperref configuration of TeXLive
)
Package hyperref Info: Option `colorlinks' set `true' on input line 4424.
Package hyperref Info: Hyper figures OFF on input line 4550.
Package hyperref Info: Link nesting OFF on input line 4555.
Package hyperref Info: Hyper index ON on input line 4558.
Package hyperref Info: Plain pages OFF on input line 4565.
Package hyperref Info: Backreferencing OFF on input line 4570.
Package hyperref Info: Implicit mode ON; LaTeX internals redefined.
Package hyperref Info: Bookmarks ON on input line 4803.
\c@Hy@tempcnt=\count270
 ("C:/Users/Oliver/AppData/Local/Programs/MiKTeX 2.9/tex/latex/url/url.sty"
\Urlmuskip=\muskip17
Package: url 2013/09/16  ver 3.4  Verb mode for urls, etc.
)
LaTeX Info: Redefining \url on input line 5156.
\XeTeXLinkMargin=\dimen168
\Fld@menulength=\count271
\Field@Width=\dimen169
\Fld@charsize=\dimen170
Package hyperref Info: Hyper figures OFF on input line 6411.
Package hyperref Info: Link nesting OFF on input line 6416.
Package hyperref Info: Hyper index ON on input line 6419.
Package hyperref Info: backreferencing OFF on input line 6426.
Package hyperref Info: Link coloring ON on input line 6429.
Package hyperref Info: Link coloring with OCG OFF on input line 6436.
Package hyperref Info: PDF/A mode OFF on input line 6441.
LaTeX Info: Redefining \ref on input line 6481.
LaTeX Info: Redefining \pageref on input line 6485.
\Hy@abspage=\count272
\c@Item=\count273
\c@Hfootnote=\count274
)
Package hyperref Info: Driver (autodetected): hluatex.

("C:/Users/Oliver/AppData/Local/Programs/MiKTeX 2.9/tex/latex/hyperref/hluatex.
def"
File: hluatex.def 2019/06/12 v6.88h Hyperref driver for luaTeX
\Fld@listcount=\count275
\c@bookmark@seq@number=\count276

("C:/Users/Oliver/AppData/Local/Programs/MiKTeX 2.9/tex/latex/oberdiek/rerunfil
echeck.sty"
Package: rerunfilecheck 2016/05/16 v1.8 Rerun checks for auxiliary files (HO)
Package uniquecounter Info: New unique counter `rerunfilecheck' on input line 28
2.
)
\Hy@SectionHShift=\skip57
) (./cas-common.sty
\l_stm_title_before_dim=\dimen171
\l_stm_title_after_dim=\dimen172
\g_ead_int=\count277
\g_uad_int=\count278
\@eadauthor=\toks25
\g_stm_tnote_int=\count279
\g_stm_fnote_int=\count280
\g_stm_cor_int=\count281
\g_stm_au_int=\count282
\g_stm_aau_int=\count283
\l_autype_int=\count284
\l_stm_augroup_before_dim=\dimen173
\l_stm_augroup_after_dim=\dimen174
\l_stm_augroup_lskip_tl=\dimen175
\l_stm_augroup_rskip_tl=\dimen176
\g_stm_aff_int=\count285
\l_stm_aff_before_dim=\dimen177
\l_stm_aff_after_dim=\dimen178
\l_stm_aff_lskip_dim=\dimen179
\l_stm_aff_rskip_dim=\dimen180
\g_stm_augr_int=\count286
\g_stm_aaugr_int=\count287

("C:/Users/Oliver/AppData/Local/Programs/MiKTeX 2.9/tex/latex/moreverb/moreverb
.sty"
Package: moreverb 2008/06/03 v2.3a `more' verbatim facilities

("C:/Users/Oliver/AppData/Local/Programs/MiKTeX 2.9/tex/latex/tools/verbatim.st
y"
Package: verbatim 2014/10/28 v1.5q LaTeX2e package for verbatim enhancements
\every@verbatim=\toks26
\verbatim@line=\toks27
\verbatim@in@stream=\read2
)
\tab@position=\count288
\tab@size=\count289
\listing@line=\count290
)
\g_stm_abs_box=\box50
\casgrabsbox=\box51
\casauhlbox=\box52
\g_stm_key_box=\box53
\g_stm_jtype_int=\count291
\g_stm_blind_int=\count292
\c@au=\count293
\c@cnote=\count294
\c@tnote=\count295
\c@fnote=\count296
\c@aff=\count297
\g_stm_notes_box=\box54
\g_stm_front_box=\box55
\paraindent=\dimen181
\subparaindent=\dimen182
\FullWidth=\dimen183
\l_tbl_width_dim=\dimen184
\l_tbl_abovecap_skip=\skip58
\l_tbl_belowcap_skip=\skip59
\l_tbl_abovetbl_skip=\skip60
\l_tbl_belowtbl_skip=\skip61
\l_fig_width_dim=\dimen185
\l_fig_abovecap_skip=\skip62
\l_fig_belowcap_skip=\skip63
\l_fig_abovefig_skip=\skip64
\l_fig_belowfig_skip=\skip65

("C:/Users/Oliver/AppData/Local/Programs/MiKTeX 2.9/tex/latex/wrapfig/wrapfig.s
ty"
\wrapoverhang=\dimen186
\WF@size=\dimen187
\c@WF@wrappedlines=\count298
\WF@box=\box56
\WF@everypar=\toks28
Package: wrapfig 2003/01/31  v 3.6
)
\l_wrap_figwidth_dim=\dimen188
\l_wrap_fighspace_dim=\dimen189
\l_wrap_figvspace_dim=\dimen190
\l_wrap_fighcorr_dim=\dimen191
\l_wrap_figvcorr_dim=\dimen192
\l_above_bio_dim=\dimen193
\l_wrap_figlcorr_int=\count299
\l_wrap_figlines_int=\count300
\l_bio_text_box=\box57
\c@ca_biography_ctr=\count301
\l_ca_temp_inta=\count302
\leftMargin=\dimen194
\@enLab=\toks29
\@sep=\skip66
\@@sep=\skip67
)
("C:/Users/Oliver/AppData/Local/Programs/MiKTeX 2.9/tex/latex/base/fontenc.sty"
Package: fontenc 2018/08/11 v2.0j Standard LaTeX package
("C:/Users/Oliver/AppData/Local/Programs/MiKTeX 2.9/tex/latex/base/t1enc.def"
File: t1enc.def 2018/08/11 v2.0j Standard LaTeX file
LaTeX Font Info:    Redeclaring font encoding T1 on input line 48.
)
LaTeX Font Info:    Try loading font information for T1+lmr on input line 105.

("C:/Users/Oliver/AppData/Local/Programs/MiKTeX 2.9/tex/latex/lm/t1lmr.fd"
File: t1lmr.fd 2009/10/30 v1.6 Font defs for Latin Modern
))
("C:/Users/Oliver/AppData/Local/Programs/MiKTeX 2.9/tex/latex/stix/stix.sty"
Package: stix 2018/04/17 v1.1.3-latex STIX fonts support package

("C:/Users/Oliver/AppData/Local/Programs/MiKTeX 2.9/tex/latex/base/textcomp.sty
"
Package: textcomp 2018/08/11 v2.0j Standard LaTeX package
Package textcomp Info: Sub-encoding information:
(textcomp)               5 = only ISO-Adobe without \textcurrency
(textcomp)               4 = 5 + \texteuro
(textcomp)               3 = 4 + \textohm
(textcomp)               2 = 3 + \textestimated + \textcurrency
(textcomp)               1 = TS1 - \textcircled - \t
(textcomp)               0 = TS1 (full)
(textcomp)             Font families with sub-encoding setting implement
(textcomp)             only a restricted character set as indicated.
(textcomp)             Family '?' is the default used for unknown fonts.
(textcomp)             See the documentation for details.
Package textcomp Info: Setting ? sub-encoding to TS1/1 on input line 79.
Package textcomp Info: Changing ? sub-encoding to TS1/0 on input line 80.
 ("C:/Users/Oliver/AppData/Local/Programs/MiKTeX 2.9/tex/latex/base/ts1enc.def"
File: ts1enc.def 2001/06/05 v3.0e (jk/car/fm) Standard LaTeX file
)
LaTeX Info: Redefining \oldstylenums on input line 334.
Package textcomp Info: Setting cmr sub-encoding to TS1/0 on input line 349.
Package textcomp Info: Setting cmss sub-encoding to TS1/0 on input line 350.
Package textcomp Info: Setting cmtt sub-encoding to TS1/0 on input line 351.
Package textcomp Info: Setting cmvtt sub-encoding to TS1/0 on input line 352.
Package textcomp Info: Setting cmbr sub-encoding to TS1/0 on input line 353.
Package textcomp Info: Setting cmtl sub-encoding to TS1/0 on input line 354.
Package textcomp Info: Setting ccr sub-encoding to TS1/0 on input line 355.
Package textcomp Info: Setting ptm sub-encoding to TS1/4 on input line 356.
Package textcomp Info: Setting pcr sub-encoding to TS1/4 on input line 357.
Package textcomp Info: Setting phv sub-encoding to TS1/4 on input line 358.
Package textcomp Info: Setting ppl sub-encoding to TS1/3 on input line 359.
Package textcomp Info: Setting pag sub-encoding to TS1/4 on input line 360.
Package textcomp Info: Setting pbk sub-encoding to TS1/4 on input line 361.
Package textcomp Info: Setting pnc sub-encoding to TS1/4 on input line 362.
Package textcomp Info: Setting pzc sub-encoding to TS1/4 on input line 363.
Package textcomp Info: Setting bch sub-encoding to TS1/4 on input line 364.
Package textcomp Info: Setting put sub-encoding to TS1/5 on input line 365.
Package textcomp Info: Setting uag sub-encoding to TS1/5 on input line 366.
Package textcomp Info: Setting ugq sub-encoding to TS1/5 on input line 367.
Package textcomp Info: Setting ul8 sub-encoding to TS1/4 on input line 368.
Package textcomp Info: Setting ul9 sub-encoding to TS1/4 on input line 369.
Package textcomp Info: Setting augie sub-encoding to TS1/5 on input line 370.
Package textcomp Info: Setting dayrom sub-encoding to TS1/3 on input line 371.
Package textcomp Info: Setting dayroms sub-encoding to TS1/3 on input line 372.
Package textcomp Info: Setting pxr sub-encoding to TS1/0 on input line 373.
Package textcomp Info: Setting pxss sub-encoding to TS1/0 on input line 374.
Package textcomp Info: Setting pxtt sub-encoding to TS1/0 on input line 375.
Package textcomp Info: Setting txr sub-encoding to TS1/0 on input line 376.
Package textcomp Info: Setting txss sub-encoding to TS1/0 on input line 377.
Package textcomp Info: Setting txtt sub-encoding to TS1/0 on input line 378.
Package textcomp Info: Setting lmr sub-encoding to TS1/0 on input line 379.
Package textcomp Info: Setting lmdh sub-encoding to TS1/0 on input line 380.
Package textcomp Info: Setting lmss sub-encoding to TS1/0 on input line 381.
Package textcomp Info: Setting lmssq sub-encoding to TS1/0 on input line 382.
Package textcomp Info: Setting lmvtt sub-encoding to TS1/0 on input line 383.
Package textcomp Info: Setting lmtt sub-encoding to TS1/0 on input line 384.
Package textcomp Info: Setting qhv sub-encoding to TS1/0 on input line 385.
Package textcomp Info: Setting qag sub-encoding to TS1/0 on input line 386.
Package textcomp Info: Setting qbk sub-encoding to TS1/0 on input line 387.
Package textcomp Info: Setting qcr sub-encoding to TS1/0 on input line 388.
Package textcomp Info: Setting qcs sub-encoding to TS1/0 on input line 389.
Package textcomp Info: Setting qpl sub-encoding to TS1/0 on input line 390.
Package textcomp Info: Setting qtm sub-encoding to TS1/0 on input line 391.
Package textcomp Info: Setting qzc sub-encoding to TS1/0 on input line 392.
Package textcomp Info: Setting qhvc sub-encoding to TS1/0 on input line 393.
Package textcomp Info: Setting futs sub-encoding to TS1/4 on input line 394.
Package textcomp Info: Setting futx sub-encoding to TS1/4 on input line 395.
Package textcomp Info: Setting futj sub-encoding to TS1/4 on input line 396.
Package textcomp Info: Setting hlh sub-encoding to TS1/3 on input line 397.
Package textcomp Info: Setting hls sub-encoding to TS1/3 on input line 398.
Package textcomp Info: Setting hlst sub-encoding to TS1/3 on input line 399.
Package textcomp Info: Setting hlct sub-encoding to TS1/5 on input line 400.
Package textcomp Info: Setting hlx sub-encoding to TS1/5 on input line 401.
Package textcomp Info: Setting hlce sub-encoding to TS1/5 on input line 402.
Package textcomp Info: Setting hlcn sub-encoding to TS1/5 on input line 403.
Package textcomp Info: Setting hlcw sub-encoding to TS1/5 on input line 404.
Package textcomp Info: Setting hlcf sub-encoding to TS1/5 on input line 405.
Package textcomp Info: Setting pplx sub-encoding to TS1/3 on input line 406.
Package textcomp Info: Setting pplj sub-encoding to TS1/3 on input line 407.
Package textcomp Info: Setting ptmx sub-encoding to TS1/4 on input line 408.
Package textcomp Info: Setting ptmj sub-encoding to TS1/4 on input line 409.
)
LaTeX Font Info:    Redeclaring symbol font `letters' on input line 76.
LaTeX Font Info:    Encoding `OML' has changed to `LS1' for symbol font
(Font)              `letters' in the math version `normal' on input line 76.
LaTeX Font Info:    Overwriting symbol font `letters' in version `normal'
(Font)                  OML/cmm/m/it --> LS1/stix/m/it on input line 76.
LaTeX Font Info:    Encoding `OML' has changed to `LS1' for symbol font
(Font)              `letters' in the math version `bold' on input line 76.
LaTeX Font Info:    Overwriting symbol font `letters' in version `bold'
(Font)                  OML/cmm/b/it --> LS1/stix/m/it on input line 76.
LaTeX Font Info:    Redeclaring symbol font `operators' on input line 77.
LaTeX Font Info:    Encoding `OT1' has changed to `LS1' for symbol font
(Font)              `operators' in the math version `normal' on input line 77.
LaTeX Font Info:    Overwriting symbol font `operators' in version `normal'
(Font)                  OT1/cmr/m/n --> LS1/stix/m/n on input line 77.
LaTeX Font Info:    Encoding `OT1' has changed to `LS1' for symbol font
(Font)              `operators' in the math version `bold' on input line 77.
LaTeX Font Info:    Overwriting symbol font `operators' in version `bold'
(Font)                  OT1/cmr/bx/n --> LS1/stix/m/n on input line 77.
\symbold-operators=\mathgroup6
LaTeX Font Info:    Redeclaring symbol font `symbols' on input line 79.
LaTeX Font Info:    Encoding `OMS' has changed to `LS1' for symbol font
(Font)              `symbols' in the math version `normal' on input line 79.
LaTeX Font Info:    Overwriting symbol font `symbols' in version `normal'
(Font)                  OMS/cmsy/m/n --> LS1/stixscr/m/n on input line 79.
LaTeX Font Info:    Encoding `OMS' has changed to `LS1' for symbol font
(Font)              `symbols' in the math version `bold' on input line 79.
LaTeX Font Info:    Overwriting symbol font `symbols' in version `bold'
(Font)                  OMS/cmsy/b/n --> LS1/stixscr/m/n on input line 79.
\symsymbols2=\mathgroup7
\symsymbols3=\mathgroup8
\symsymbols4=\mathgroup9
\symintegrals=\mathgroup10
LaTeX Font Info:    Redeclaring symbol font `largesymbols' on input line 84.
LaTeX Font Info:    Encoding `OMX' has changed to `LS2' for symbol font
(Font)              `largesymbols' in the math version `normal' on input line 84
.
LaTeX Font Info:    Overwriting symbol font `largesymbols' in version `normal'
(Font)                  OMX/cmex/m/n --> LS2/stixex/m/n on input line 84.
LaTeX Font Info:    Encoding `OMX' has changed to `LS2' for symbol font
(Font)              `largesymbols' in the math version `bold' on input line 84.
LaTeX Font Info:    Overwriting symbol font `largesymbols' in version `bold'
(Font)                  OMX/cmex/m/n --> LS2/stixex/m/n on input line 84.
\symarrows1=\mathgroup11
\symarrows2=\mathgroup12
\symarrows3=\mathgroup13
LaTeX Font Info:    Overwriting symbol font `letters' in version `bold'
(Font)                  LS1/stix/m/it --> LS1/stix/b/it on input line 88.
LaTeX Font Info:    Overwriting symbol font `operators' in version `bold'
(Font)                  LS1/stix/m/n --> LS1/stix/b/n on input line 89.
LaTeX Font Info:    Overwriting symbol font `symbols' in version `bold'
(Font)                  LS1/stixscr/m/n --> LS1/stixscr/b/n on input line 90.
LaTeX Font Info:    Overwriting symbol font `symbols2' in version `bold'
(Font)                  LS1/stixfrak/m/n --> LS1/stixfrak/b/n on input line 91.
LaTeX Font Info:    Overwriting symbol font `symbols3' in version `bold'
(Font)                  LS1/stixbb/m/n --> LS1/stixbb/b/n on input line 92.
LaTeX Font Info:    Overwriting symbol font `symbols4' in version `bold'
(Font)                  LS1/stixbb/m/it --> LS1/stixbb/b/it on input line 93.
LaTeX Font Info:    Overwriting symbol font `integrals' in version `bold'
(Font)                  LS2/stixcal/m/n --> LS2/stixcal/b/n on input line 94.
LaTeX Font Info:    Overwriting symbol font `largesymbols' in version `bold'
(Font)                  LS2/stixex/m/n --> LS2/stixex/b/n on input line 95.
LaTeX Font Info:    Overwriting symbol font `arrows1' in version `bold'
(Font)                  LS1/stixsf/m/n --> LS1/stixsf/b/n on input line 96.
LaTeX Font Info:    Overwriting symbol font `arrows2' in version `bold'
(Font)                  LS1/stixsf/m/it --> LS1/stixsf/b/it on input line 97.
LaTeX Font Info:    Overwriting symbol font `arrows3' in version `bold'
(Font)                  LS2/stixtt/m/n --> LS2/stixtt/b/n on input line 98.
LaTeX Font Info:    Redeclaring math alphabet \mathit on input line 99.
LaTeX Font Info:    Redeclaring math alphabet \mathfrak on input line 102.
LaTeX Font Info:    Redeclaring math alphabet \mathsf on input line 106.
LaTeX Font Info:    Redeclaring math alphabet \mathtt on input line 108.
LaTeX Font Info:    Redeclaring math alphabet \mathbf on input line 109.
LaTeX Info: Redefining \yen on input line 456.
LaTeX Info: Redefining \circledR on input line 458.
LaTeX Info: Redefining \checkmark on input line 460.
LaTeX Info: Redefining \maltese on input line 461.
LaTeX Info: Redefining \vdots on input line 1518.
LaTeX Info: Redefining \cdots on input line 1522.
LaTeX Info: Redefining \not on input line 2144.
)
("C:/Users/Oliver/AppData/Local/Programs/MiKTeX 2.9/tex/latex/inconsolata/incon
solata.sty"
Package: inconsolata 2019/05/17 v1.12

`inconsolata-zi4' v1.12, 2019/05/17 Text macros for Inconsolata (msharpe)
("C:/Users/Oliver/AppData/Local/Programs/MiKTeX 2.9/tex/latex/xkeyval/xkeyval.s
ty"
Package: xkeyval 2014/12/03 v2.7a package option processing (HA)

("C:/Users/Oliver/AppData/Local/Programs/MiKTeX 2.9/tex/generic/xkeyval/xkeyval
.tex"
("C:/Users/Oliver/AppData/Local/Programs/MiKTeX 2.9/tex/generic/xkeyval/xkvutil
s.tex"
\XKV@toks=\toks30
\XKV@tempa@toks=\toks31
)
\XKV@depth=\count303
File: xkeyval.tex 2014/12/03 v2.7a key=value parser (HA)
))
\zifour@ocount=\count304
)
("C:/Users/Oliver/AppData/Local/Programs/MiKTeX 2.9/tex/latex/geometry/geometry
.sty"
Package: geometry 2018/04/16 v5.8 Page Geometry
\Gm@cnth=\count305
\Gm@cntv=\count306
\c@Gm@tempcnt=\count307
\Gm@bindingoffset=\dimen195
\Gm@wd@mp=\dimen196
\Gm@odd@mp=\dimen197
\Gm@even@mp=\dimen198
\Gm@layoutwidth=\dimen199
\Gm@layoutheight=\dimen256
\Gm@layouthoffset=\dimen257
\Gm@layoutvoffset=\dimen258
\Gm@dimlist=\toks32

("C:/Users/Oliver/AppData/Local/Programs/MiKTeX 2.9/tex/latex/geometry/geometry
.cfg")))
("C:/Users/Oliver/AppData/Local/Programs/MiKTeX 2.9/tex/latex/natbib/natbib.sty
"
Package: natbib 2010/09/13 8.31b (PWD, AO)
\bibhang=\skip68
\bibsep=\skip69
LaTeX Info: Redefining \cite on input line 694.
\c@NAT@ctr=\count308
) (./cas-dc-template.aux)
\openout1 = cas-dc-template.aux

LaTeX Font Info:    Checking defaults for OML/cmm/m/it on input line 37.
LaTeX Font Info:    ... okay on input line 37.
LaTeX Font Info:    Checking defaults for T1/cmr/m/n on input line 37.
LaTeX Font Info:    ... okay on input line 37.
LaTeX Font Info:    Checking defaults for OT1/cmr/m/n on input line 37.
LaTeX Font Info:    ... okay on input line 37.
LaTeX Font Info:    Checking defaults for OMS/cmsy/m/n on input line 37.
LaTeX Font Info:    ... okay on input line 37.
LaTeX Font Info:    Checking defaults for TU/lmr/m/n on input line 37.
LaTeX Font Info:    ... okay on input line 37.
LaTeX Font Info:    Checking defaults for OMX/cmex/m/n on input line 37.
LaTeX Font Info:    ... okay on input line 37.
LaTeX Font Info:    Checking defaults for U/cmr/m/n on input line 37.
LaTeX Font Info:    ... okay on input line 37.
LaTeX Font Info:    Checking defaults for PD1/pdf/m/n on input line 37.
LaTeX Font Info:    ... okay on input line 37.
LaTeX Font Info:    Checking defaults for TS1/cmr/m/n on input line 37.
LaTeX Font Info:    Try loading font information for TS1+cmr on input line 37.

("C:/Users/Oliver/AppData/Local/Programs/MiKTeX 2.9/tex/latex/base/ts1cmr.fd"
File: ts1cmr.fd 2014/09/29 v2.5h Standard LaTeX font definitions
)
LaTeX Font Info:    ... okay on input line 37.
LaTeX Font Info:    Checking defaults for LS1/stix/m/n on input line 37.
LaTeX Font Info:    Try loading font information for LS1+stix on input line 37.

("C:/Users/Oliver/AppData/Local/Programs/MiKTeX 2.9/tex/latex/stix/ls1stix.fd"
File: ls1stix.fd 2015/04/17 v1.1.2-latex STIX LS1 font definitions
)
LaTeX Font Info:    ... okay on input line 37.
LaTeX Font Info:    Checking defaults for LS2/stix/m/n on input line 37.
LaTeX Font Info:    Try loading font information for LS2+stix on input line 37.
("C:/Users/Oliver/AppData/Local/Programs/MiKTeX 2.9/tex/latex/stix/ls2stix.fd"
File: ls2stix.fd 2015/04/17 v1.1.2-latex STIX LS2 font definitions
)
LaTeX Font Info:    ... okay on input line 37.
LaTeX Font Info:    Try loading font information for T1+stix on input line 37.
("C:/Users/Oliver/AppData/Local/Programs/MiKTeX 2.9/tex/latex/stix/t1stix.fd"
File: t1stix.fd 2015/04/17 v1.1.2-latex STIX T1 font definitions
)
("C:/Users/Oliver/AppData/Local/Programs/MiKTeX 2.9/tex/context/base/mkii/supp-
pdf.mkii"
[Loading MPS to PDF converter (version 2006.09.02).]
\scratchcounter=\count309
\scratchdimen=\dimen259
\scratchbox=\box58
\nofMPsegments=\count310
\nofMParguments=\count311
\everyMPshowfont=\toks33
\MPscratchCnt=\count312
\MPscratchDim=\dimen260
\MPnumerator=\count313
\makeMPintoPDFobject=\count314
\everyMPtoPDFconversion=\toks34
)
("C:/Users/Oliver/AppData/Local/Programs/MiKTeX 2.9/tex/latex/oberdiek/epstopdf
-base.sty"
Package: epstopdf-base 2016/05/15 v2.6 Base part for package epstopdf

("C:/Users/Oliver/AppData/Local/Programs/MiKTeX 2.9/tex/latex/oberdiek/grfext.s
ty"
Package: grfext 2016/05/16 v1.2 Manage graphics extensions (HO)
)
Package epstopdf-base Info: Redefining graphics rule for `.eps' on input line 43
8.
Package grfext Info: Graphics extension search list:
(grfext)             [.pdf,.png,.jpg,.mps,.jpeg,.jbig2,.jb2,.PDF,.PNG,.JPG,.JPEG
,.JBIG2,.JB2,.eps]
(grfext)             \AppendGraphicsExtensions on input line 456.
)
\AtBeginShipoutBox=\box59
Package hyperref Info: Link coloring ON on input line 37.

("C:/Users/Oliver/AppData/Local/Programs/MiKTeX 2.9/tex/latex/hyperref/nameref.
sty"
Package: nameref 2016/05/21 v2.44 Cross-referencing by name of section

("C:/Users/Oliver/AppData/Local/Programs/MiKTeX 2.9/tex/generic/oberdiek/gettit
lestring.sty"
Package: gettitlestring 2016/05/16 v1.5 Cleanup title references (HO)
)
\c@section@level=\count315
)
LaTeX Info: Redefining \ref on input line 37.
LaTeX Info: Redefining \pageref on input line 37.
LaTeX Info: Redefining \nameref on input line 37.
 (./cas-dc-template.out) (./cas-dc-template.out)
\@outlinefile=\write3

\openout3 = cas-dc-template.out

("C:/Users/Oliver/AppData/Local/Programs/MiKTeX 2.9/tex/latex/upquote/upquote.s
ty"
Package: upquote 2012/04/19 v1.3 upright-quote and grave-accent glyphs in verbat
im
)
*geometry* driver: auto-detecting
*geometry* detected driver: luatex
*geometry* verbose mode - [ preamble ] result:
* driver: luatex
* paper: custom
* layout: <same size as paper>
* layoutoffset:(h,v)=(0.0pt,0.0pt)
* modes: 
* h-part:(L,W,R)=(51.4995pt, 494.50888pt, 51.4995pt)
* v-part:(T,H,B)=(55.48286pt, 689.4103pt, 51.784pt)
* \paperwidth=597.50787pt
* \paperheight=796.67715pt
* \textwidth=494.50888pt
* \textheight=689.4103pt
* \oddsidemargin=-20.7705pt
* \evensidemargin=-20.7705pt
* \topmargin=-40.78712pt
* \headheight=12.0pt
* \headsep=12.0pt
* \topskip=10.0pt
* \footskip=12.0pt
* \marginparwidth=57.0pt
* \marginparsep=11.0pt
* \columnsep=18.0pt
* \skip\footins=9.0pt plus 4.0pt minus 2.0pt
* \hoffset=0.0pt
* \voffset=0.0pt
* \mag=1000
* \@twocolumnfalse
* \@twosidefalse
* \@mparswitchfalse
* \@reversemarginfalse
* (1in=72.27pt=25.4mm, 1cm=28.453pt)


Package hyperref Warning: Token not allowed in a PDF string (PDFDocEncoding):
(hyperref)                removing `math shift' on input line 44.


Package hyperref Warning: Token not allowed in a PDF string (PDFDocEncoding):
(hyperref)                removing `subscript' on input line 44.


Package hyperref Warning: Token not allowed in a PDF string (PDFDocEncoding):
(hyperref)                removing `math shift' on input line 44.

\verbatim@out=\write4

\openout4 = cas-dc-template.abs
LaTeX Font Info:    Font shape `T1/stix/bx/n' in size <12> not available
(Font)              Font shape `T1/stix/b/n' tried instead on input line 122.
LaTeX Font Info:    Try loading font information for LS1+stixscr on input line 1
22.

("C:/Users/Oliver/AppData/Local/Programs/MiKTeX 2.9/tex/latex/stix/ls1stixscr.f
d"
File: ls1stixscr.fd 2015/04/17 v1.1.2-latex STIX script LS1 font definitions
)
LaTeX Font Info:    Try loading font information for LS2+stixex on input line 12
2.

("C:/Users/Oliver/AppData/Local/Programs/MiKTeX 2.9/tex/latex/stix/ls2stixex.fd
"
File: ls2stixex.fd 2015/04/17 v1.1.2-latex STIX extentions LS2 font definitions
)
LaTeX Font Info:    Try loading font information for U+msa on input line 122.

("C:/Users/Oliver/AppData/Local/Programs/MiKTeX 2.9/tex/latex/amsfonts/umsa.fd"
File: umsa.fd 2013/01/14 v3.01 AMS symbols A
)
LaTeX Font Info:    Try loading font information for U+msb on input line 122.
 ("C:/Users/Oliver/AppData/Local/Programs/MiKTeX 2.9/tex/latex/amsfonts/umsb.fd
"
File: umsb.fd 2013/01/14 v3.01 AMS symbols B
)
LaTeX Font Info:    Try loading font information for LS1+stixfrak on input line 
122.

("C:/Users/Oliver/AppData/Local/Programs/MiKTeX 2.9/tex/latex/stix/ls1stixfrak.
fd"
File: ls1stixfrak.fd 2015/04/17 v1.1.2-latex STIX fraktur LS1 font definitions
)
LaTeX Font Info:    Try loading font information for LS1+stixbb on input line 12
2.

("C:/Users/Oliver/AppData/Local/Programs/MiKTeX 2.9/tex/latex/stix/ls1stixbb.fd
"
File: ls1stixbb.fd 2015/04/17 v1.1.2-latex STIX blackboard LS1 font definitions
)
LaTeX Font Info:    Try loading font information for LS2+stixcal on input line 1
22.

("C:/Users/Oliver/AppData/Local/Programs/MiKTeX 2.9/tex/latex/stix/ls2stixcal.f
d"
File: ls2stixcal.fd 2015/04/17 v1.1.2-latex STIX calligraphic LS2 font definitio
ns
)
LaTeX Font Info:    Try loading font information for LS1+stixsf on input line 12
2.

("C:/Users/Oliver/AppData/Local/Programs/MiKTeX 2.9/tex/latex/stix/ls1stixsf.fd
"
File: ls1stixsf.fd 2015/04/17 v1.1.2-latex STIX sans-serif LS1 font definitions
)
LaTeX Font Info:    Try loading font information for LS2+stixtt on input line 12
2.

("C:/Users/Oliver/AppData/Local/Programs/MiKTeX 2.9/tex/latex/stix/ls2stixtt.fd
"
File: ls2stixtt.fd 2015/04/17 v1.1.2-latex STIX typewriter LS2 font definitions
)
<figs/grabs.pdf, id=3, 142.26349pt x 85.3579pt>
File: figs/grabs.pdf Graphic file (type pdf)
<use figs/grabs.pdf>
Package luatex.def Info: figs/grabs.pdf  used on input line 122.
(luatex.def)             Requested size: 142.26312pt x 85.35768pt.
LaTeX Font Info:    Try loading font information for TS1+stix on input line 126.

 ("C:/Users/Oliver/AppData/Local/Programs/MiKTeX 2.9/tex/latex/stix/ts1stix.fd"
File: ts1stix.fd 2015/04/17 v1.1.2-latex STIX TS1 font definitions
) [0

{C:/Users/Oliver/AppData/Local/MiKTeX/2.9/pdftex/config/pdftex.map}<./figs/grabs
.pdf>]
warning  (pdf backend): ignoring duplicate destination with the name 'page.0'
[0]
Overfull \hbox (123.62721pt too wide) detected at line 136
[]
 []

(./cas-dc-template.abs
LaTeX Font Info:    Try loading font information for T1+zi4 on input line 3.

("C:/Users/Oliver/AppData/Local/Programs/MiKTeX 2.9/tex/latex/inconsolata/t1zi4
.fd"
File: t1zi4.fd 2018/01/14 T1/zi4 (Inconsolata)
)
LaTeX Font Info:    Font shape `T1/zi4/m/n' will be
(Font)              scaled to size 6.80005pt on input line 3.
)

Package hyperref Warning: Ignoring empty anchor on input line 136.


Package hyperref Warning: Ignoring empty anchor on input line 136.


Package hyperref Warning: Ignoring empty anchor on input line 136.


Package hyperref Warning: Ignoring empty anchor on input line 136.


Package hyperref Warning: Ignoring empty anchor on input line 136.


Package hyperref Warning: Ignoring empty anchor on input line 136.

<thumbnails/cas-email.jpeg, id=23, 225.84375pt x 225.84375pt>
File: thumbnails/cas-email.jpeg Graphic file (type jpg)
<use thumbnails/cas-email.jpeg>
Package luatex.def Info: thumbnails/cas-email.jpeg  used on input line 136.
(luatex.def)             Requested size: 7.99838pt x 8.0pt.

Package hyperref Warning: Ignoring empty anchor on input line 136.

<thumbnails/cas-url.jpeg, id=24, 225.84375pt x 225.84375pt>
File: thumbnails/cas-url.jpeg Graphic file (type jpg)
<use thumbnails/cas-url.jpeg>
Package luatex.def Info: thumbnails/cas-url.jpeg  used on input line 136.
(luatex.def)             Requested size: 7.99838pt x 8.0pt.

Package hyperref Warning: Ignoring empty anchor on input line 136.


Package hyperref Warning: Ignoring empty anchor on input line 136.


Package hyperref Warning: Ignoring empty anchor on input line 136.


Overfull \hbox (5.5355pt too wide) in paragraph at lines 148--150
[]\T1/stix/m/n/10 This class de-pends on the fol-low-ing pack-ages for its prop
er
 []

LaTeX Font Info:    Font shape `T1/zi4/m/n' will be
(Font)              scaled to size 8.50006pt on input line 169.

Underfull \hbox (badness 10000) in paragraph at lines 168--177
\T1/stix/m/n/10 be moved or copied to a place, usu-ally,
 []


Overfull \hbox (4.62985pt too wide) in paragraph at lines 168--177
\T1/stix/m/n/10 by L[]T[]X dur-ing doc-u-ment com-pi-la-tion. The T[]X file dat
abase
 []


Overfull \hbox (2.50551pt too wide) in paragraph at lines 191--196
\T1/stix/m/n/10 gen-er-ate your bib-li-og-ra-phy and in-clude DOIs when-ever av
ail-
 []


Underfull \hbox (badness 10000) in paragraph at lines 203--212
[]\T1/stix/m/n/10 Fig-ures may be in-cluded us-ing the com-mand,
 []

LaTeX Font Info:    Try loading font information for T1+lmss on input line 212.
("C:/Users/Oliver/AppData/Local/Programs/MiKTeX 2.9/tex/latex/lm/t1lmss.fd"
File: t1lmss.fd 2009/10/30 v1.6 Font defs for Latin Modern
)
[1

<./thumbnails/cas-email.jpeg><./thumbnails/cas-url.jpeg>]
<figs/Fig1.pdf, id=58, 218.8175pt x 218.8175pt>
File: figs/Fig1.pdf Graphic file (type pdf)
<use figs/Fig1.pdf>
Package luatex.def Info: figs/Fig1.pdf  used on input line 215.
(luatex.def)             Requested size: 164.11272pt x 164.11272pt.


LaTeX Font Warning: Font shape `T1/lmss/m/sc' in size <9> not available
(Font)              Font shape `T1/lmr/m/sc' tried instead on input line 220.

\c@theorem=\count316
LaTeX Font Info:    Font shape `T1/stix/bx/n' in size <10> not available
(Font)              Font shape `T1/stix/b/n' tried instead on input line 285.

Overfull \hbox (5.35553pt too wide) in paragraph at lines 292--297
\T1/stix/m/n/10 com-mands au-to-mat-i-cally de-fine coun-ters for the en-vi-ron
-ments
 []


Overfull \hbox (1.88582pt too wide) in paragraph at lines 298--300
[]\T1/stix/m/n/10 The []\T1/zi4/m/n/10 \newproof \T1/stix/m/n/10 com-mand de-fi
nes proof en-vi-ron-ments with
 []

LaTeX Font Info:    Try loading font information for TS1+zi4 on input line 312.

("C:/Users/Oliver/AppData/Local/Programs/MiKTeX 2.9/tex/latex/inconsolata/ts1zi
4.fd"
File: ts1zi4.fd 2018/01/14 TS1/zi4 (Inconsolata)
)
LaTeX Font Info:    Font shape `TS1/zi4/m/n' will be
(Font)              scaled to size 8.50006pt on input line 312.

Overfull \hbox (18.46889pt too wide) in paragraph at lines 336--348
\T1/stix/m/n/10 per-linked. Hy-per-links are gen-er-ated from proper cross-refe
rences
 []


Overfull \hbox (20.16263pt too wide) in paragraph at lines 336--348
\T1/stix/m/n/10 turn into a hy-per-link; the proper cross-reference is []\T1/zi
4/m/n/10 \cite{Knuth96}\T1/stix/m/n/10 .
 []

[2<./figs/Fig1.pdf>]
Overfull \hbox (15.09563pt too wide) in paragraph at lines 351--358
[]\T1/stix/m/n/10 Two bib-li-o-graphic style files ([]\T1/zi4/m/n/10 *.bst\T1/s
tix/m/n/10 ) are pro-vided --- model1-
 []


Overfull \hbox (3.4291pt too wide) in paragraph at lines 351--358
[]\T1/zi4/m/n/10 \citealt \T1/stix/m/n/10 etc. How-ever when you use model1-num
-names.bst,
 []


Underfull \hbox (badness 2538) in paragraph at lines 359--362
[][]\T1/zi4/m/n/10 thebibliography \T1/stix/m/n/10 en-vi-ron-ment. Each ref-er-
ence is a
 []


LaTeX Warning: The counter will not be printed.
             The label is: \textbullet  on input line 370.


Underfull \hbox (badness 10000) in paragraph at lines 373--376
[]\T1/stix/m/n/10 An af-fix and part of a ref-er-ence:
 []


Overfull \hbox (6.35909pt too wide) in paragraph at lines 378--388
\T1/stix/m/n/10 bered scheme. nat-bib pack-age is loaded by cas-dc with []\T1/z
i4/m/n/10 numbers
 []


Overfull \hbox (6.27502pt too wide) in paragraph at lines 397--398
\T1/stix/m/n/10 Method-ol-ogy, Soft-ware. \T1/stix/bx/n/10 CV Ra-jagopal: \T1/s
tix/m/n/10 Data cu-ra-tion, Writ-
 []

(./cas-dc-template.bbl)
<figs/pic1.pdf, id=77, 218.8175pt x 218.8175pt>
File: figs/pic1.pdf Graphic file (type pdf)
<use figs/pic1.pdf>
Package luatex.def Info: figs/pic1.pdf  used on input line 422.
(luatex.def)             Requested size: 72.55452pt x 72.5539pt.

... wr-fig: [BL: 10.0pt] ...
... wr-fig: [LINE-FP: 7.755389404296875] ...
... wr-fig: [LINE-INT: 8] ...
File: figs/pic1.pdf Graphic file (type pdf)
<use figs/pic1.pdf>
Package luatex.def Info: figs/pic1.pdf  used on input line 422.
(luatex.def)             Requested size: 72.55452pt x 72.5539pt.
File: figs/pic1.pdf Graphic file (type pdf)
<use figs/pic1.pdf>
Package luatex.def Info: figs/pic1.pdf  used on input line 435.
(luatex.def)             Requested size: 72.55452pt x 72.5539pt.
... wr-fig: [BL: 10.0pt] ...
... wr-fig: [LINE-FP: 7.755389404296875] ...
... wr-fig: [LINE-INT: 8] ...
File: figs/pic1.pdf Graphic file (type pdf)
<use figs/pic1.pdf>
Package luatex.def Info: figs/pic1.pdf  used on input line 435.
(luatex.def)             Requested size: 72.55452pt x 72.5539pt.
Package atveryend Info: Empty hook `BeforeClearDocument' on input line 443.
[3<./figs/pic1.pdf>]
Package atveryend Info: Empty hook `AfterLastShipout' on input line 443.
 (./cas-dc-template.aux)
Package atveryend Info: Executing hook `AtVeryEndDocument' on input line 443.
Package atveryend Info: Executing hook `AtEndAfterFileList' on input line 443.
Package rerunfilecheck Info: File `cas-dc-template.out' has not changed.
(rerunfilecheck)             Checksum: D41D8CD98F00B204E9800998ECF8427E;0.
)

Here is how much of LuaTeX's memory you used:
 22304 strings out of 494305
 125171,460012 words of node,token memory allocated
 1627 words of node memory still in use:
   13 hlist, 2 vlist, 3 rule, 14 glue, 113 kern, 4 glyph, 99 attribute, 60 glue_
spec, 99 attribute_list, 1 write, 1 pdf_setmatrix, 1 pdf_save, 1 pdf_restore nod
es
   avail lists: 1:3,2:777,3:330,4:101,5:858,6:73,7:5877,8:47,9:446,10:33,11:518
 25864 multiletter control sequences out of 65536+200000
 164 fonts using 16382095 bytes
 43i,11n,69p,855b,446s stack positions out of 5000i,500n,10000p,200000b,50000s
{C:/Users/Oliver/AppData/Local/Programs/MiKTeX 2.9/fonts/enc/dvips/inconsolata/i
4-ts1.enc}{C:/Users/Oliver/AppData/Local/Programs/MiKTeX 2.9/fonts/enc/dvips/lm/
lm-ec.enc}{C:/Users/Oliver/AppData/Local/Programs/MiKTeX 2.9/fonts/enc/dvips/inc
onsolata/i4-t1-0.enc}{C:/Users/Oliver/AppData/Local/Programs/MiKTeX 2.9/fonts/en
c/dvips/stix/stix-t1.enc}{C:/Users/Oliver/AppData/Local/Programs/MiKTeX 2.9/font
s/enc/dvips/stix/stix-ts1.enc}<C:/Users/Oliver/AppData/Local/Programs/MiKTeX 2.9
/fonts/type1/public/inconsolata/Inconsolata-zi4r.pfb><C:/Users/Oliver/AppData/Lo
cal/Programs/MiKTeX 2.9/fonts/type1/public/stix/STIXGeneral-Bold.pfb><C:/Users/O
liver/AppData/Local/Programs/MiKTeX 2.9/fonts/type1/public/stix/STIXGeneral-Ital
ic.pfb><C:/Users/Oliver/AppData/Local/Programs/MiKTeX 2.9/fonts/type1/public/sti
x/STIXGeneral-Regular.pfb><C:/Users/Oliver/AppData/Local/Programs/MiKTeX 2.9/fon
ts/type1/public/lm/lmcsc10.pfb><C:/Users/Oliver/AppData/Local/Programs/MiKTeX 2.
9/fonts/type1/public/lm/lmss9.pfb><C:/Users/Oliver/AppData/Local/Programs/MiKTeX
 2.9/fonts/type1/public/lm/lmssbx10.pfb><C:/Users/Oliver/AppData/Local/Programs/
MiKTeX 2.9/fonts/type1/public/stix/stix-mathex.pfb><C:/Users/Oliver/AppData/Loca
l/Programs/MiKTeX 2.9/fonts/type1/public/stix/stix-mathit.pfb><C:/Users/Oliver/A
ppData/Local/Programs/MiKTeX 2.9/fonts/type1/public/stix/stix-mathrm.pfb>
Output written on cas-dc-template.pdf (5 pages, 278153 bytes).

PDF statistics: 134 PDF objects out of 1000 (max. 8388607)
 34 named destinations out of 1000 (max. 131072)
 1 words of extra memory for PDF output out of 10000 (max. 100000000)

